-- The C compiler identification is GNU 11.4.0
-- The CXX compiler identification is GNU 11.4.0
-- Detecting C compiler ABI info
-- Detecting C compiler ABI info - done
-- Check for working C compiler: /usr/bin/cc - skipped
-- Detecting C compile features
-- Detecting C compile features - done
-- Detecting CXX compiler ABI info
-- Detecting CXX compiler ABI info - done
-- Check for working CXX compiler: /usr/bin/c++ - skipped
-- Detecting CXX compile features
-- Detecting CXX compile features - done
-- Found ament_cmake: 1.3.12 (/opt/ros/humble/share/ament_cmake/cmake)
-- Found Python3: /usr/bin/python3 (found version "3.10.12") found components: Interpreter 
-- Found rclcpp: 16.0.15 (/opt/ros/humble/share/rclcpp/cmake)
-- Found rosidl_generator_c: 3.1.7 (/opt/ros/humble/share/rosidl_generator_c/cmake)
-- Found rosidl_adapter: 3.1.7 (/opt/ros/humble/share/rosidl_adapter/cmake)
-- Found rosidl_generator_cpp: 3.1.7 (/opt/ros/humble/share/rosidl_generator_cpp/cmake)
-- Using all available rosidl_typesupport_c: rosidl_typesupport_fastrtps_c;rosidl_typesupport_introspection_c
-- Using all available rosidl_typesupport_cpp: rosidl_typesupport_fastrtps_cpp;rosidl_typesupport_introspection_cpp
-- Found rmw_implementation_cmake: 6.1.2 (/opt/ros/humble/share/rmw_implementation_cmake/cmake)
-- Found rmw_fastrtps_cpp: 6.2.8 (/opt/ros/humble/share/rmw_fastrtps_cpp/cmake)
-- Found OpenSSL: /usr/lib/x86_64-linux-gnu/libcrypto.so (found version "3.0.2")  
-- Found FastRTPS: /opt/ros/humble/include  
-- Using RMW implementation 'rmw_fastrtps_cpp' as default
-- Looking for pthread.h
-- Looking for pthread.h - found
-- Performing Test CMAKE_HAVE_LIBC_PTHREAD
-- Performing Test CMAKE_HAVE_LIBC_PTHREAD - Success
-- Found Threads: TRUE  
-- Found sensor_msgs: 4.9.0 (/opt/ros/humble/share/sensor_msgs/cmake)
-- Found cv_bridge: 3.2.1 (/opt/ros/humble/share/cv_bridge/cmake)
-- Found OpenCV: /usr/local (found version "4.12.0") 
-- Found installed version of Eigen: /usr/share/eigen3/cmake
-- Found required Ceres dependency: Eigen version 3.4.0 in /usr/include/eigen3
-- Found installed version of glog: /usr/lib/x86_64-linux-gnu/cmake/glog
-- Detected glog version: 0.4.0
-- Found required Ceres dependency: glog
-- Found installed version of gflags: /usr/lib/x86_64-linux-gnu/cmake/gflags
-- Detected gflags version: 2.2.2
-- Found required Ceres dependency: gflags
-- Found Ceres version: 1.14.0 installed in: /usr/local with components: [EigenSparse, SparseLinearAlgebraLibrary, LAPACK, SuiteSparse, CXSparse, SchurSpecializations, OpenMP, Multithreading]
-- Found rosidl_default_generators: 1.2.0 (/opt/ros/humble/share/rosidl_default_generators/cmake)
-- Found ament_lint_auto: 0.12.14 (/opt/ros/humble/share/ament_lint_auto/cmake)
-- Found ament_cmake_ros: 0.10.0 (/opt/ros/humble/share/ament_cmake_ros/cmake)
-- Using all available rosidl_typesupport_c: rosidl_typesupport_fastrtps_c;rosidl_typesupport_introspection_c
-- Using all available rosidl_typesupport_cpp: rosidl_typesupport_fastrtps_cpp;rosidl_typesupport_introspection_cpp
-- Found PythonInterp: /usr/bin/python3 (found suitable version "3.10.12", minimum required is "3.6") 
-- Found python_cmake_module: 0.10.0 (/opt/ros/humble/share/python_cmake_module/cmake)
-- Found PythonLibs: /usr/lib/x86_64-linux-gnu/libpython3.10.so (found suitable version "3.10.12", minimum required is "3.5") 
-- Using PYTHON_EXECUTABLE: /usr/bin/python3
-- Using PYTHON_INCLUDE_DIRS: /usr/include/python3.10
-- Using PYTHON_LIBRARIES: /usr/lib/x86_64-linux-gnu/libpython3.10.so
-- Found PythonExtra: .so  
-- Added test 'cppcheck' to perform static code analysis on C / C++ code
-- Configured cppcheck include dirs: $<BUILD_INTERFACE:/home/hzy/ros2/XJTU-RMV-Task04/rmv_task04/build/rmv_task04/rosidl_generator_c>;$<BUILD_INTERFACE:/home/hzy/ros2/XJTU-RMV-Task04/rmv_task04/build/rmv_task04/rosidl_typesupport_fastrtps_c>;$<BUILD_INTERFACE:/home/hzy/ros2/XJTU-RMV-Task04/rmv_task04/build/rmv_task04/rosidl_generator_cpp>;$<BUILD_INTERFACE:/home/hzy/ros2/XJTU-RMV-Task04/rmv_task04/build/rmv_task04/rosidl_typesupport_fastrtps_cpp>;$<BUILD_INTERFACE:/home/hzy/ros2/XJTU-RMV-Task04/rmv_task04/build/rmv_task04/rosidl_typesupport_introspection_c>;$<BUILD_INTERFACE:/home/hzy/ros2/XJTU-RMV-Task04/rmv_task04/build/rmv_task04/rosidl_typesupport_introspection_cpp>;/home/hzy/ros2/XJTU-RMV-Task04/rmv_task04/build/rmv_task04/rosidl_generator_c;/home/hzy/ros2/XJTU-RMV-Task04/rmv_task04/build/rmv_task04/rosidl_generator_py;/home/hzy/ros2/XJTU-RMV-Task04/rmv_task04/include
-- Configured cppcheck exclude dirs and/or files: 
-- Added test 'flake8' to check Python code syntax and style conventions
-- Added test 'lint_cmake' to check CMake code style
-- Added test 'pep257' to check Python code against some of the docstring style conventions in PEP 257
-- Added test 'uncrustify' to check C / C++ code style
-- Configured uncrustify additional arguments: 
-- Added test 'xmllint' to check XML markup files
-- Configuring done
-- Generating done
-- Build files have been written to: /home/hzy/ros2/XJTU-RMV-Task04/rmv_task04/build/rmv_task04
[  2%] [34m[1mGenerating C code for ROS interfaces[0m
[  4%] [32mBuilding CXX object CMakeFiles/ImgPublisher.dir/src/img_publisher.cpp.o[0m
[  6%] [34m[1mGenerating C++ code for ROS interfaces[0m
[  6%] Built target ament_cmake_python_copy_rmv_task04
running egg_info
creating rmv_task04.egg-info
writing rmv_task04.egg-info/PKG-INFO
writing dependency_links to rmv_task04.egg-info/dependency_links.txt
writing top-level names to rmv_task04.egg-info/top_level.txt
writing manifest file 'rmv_task04.egg-info/SOURCES.txt'
reading manifest file 'rmv_task04.egg-info/SOURCES.txt'
writing manifest file 'rmv_task04.egg-info/SOURCES.txt'
[  6%] Built target ament_cmake_python_build_rmv_task04_egg
[  6%] Built target rmv_task04__cpp
[  9%] [32mBuilding C object CMakeFiles/rmv_task04__rosidl_generator_c.dir/rosidl_generator_c/rmv_task04/msg/detail/object__functions.c.o[0m
[ 11%] [32mBuilding C object CMakeFiles/rmv_task04__rosidl_generator_c.dir/rosidl_generator_c/rmv_task04/msg/detail/object_array__functions.c.o[0m
[ 13%] [34m[1mGenerating C++ type support for eProsima Fast-RTPS[0m
[ 16%] [34m[1mGenerating C++ type support dispatch for ROS interfaces[0m
[ 18%] [34m[1mGenerating C++ introspection for ROS interfaces[0m
[ 20%] [32m[1mLinking C shared library librmv_task04__rosidl_generator_c.so[0m
[ 20%] Built target rmv_task04__rosidl_generator_c
[ 23%] [34m[1mGenerating C introspection for ROS interfaces[0m
[ 25%] [34m[1mGenerating C type support for eProsima Fast-RTPS[0m
[ 27%] [34m[1mGenerating C type support dispatch for ROS interfaces[0m
[ 30%] [32mBuilding CXX object CMakeFiles/rmv_task04__rosidl_typesupport_cpp.dir/rosidl_typesupport_cpp/rmv_task04/msg/object__type_support.cpp.o[0m
[ 32%] [32mBuilding CXX object CMakeFiles/rmv_task04__rosidl_typesupport_cpp.dir/rosidl_typesupport_cpp/rmv_task04/msg/object_array__type_support.cpp.o[0m
[ 34%] [32mBuilding CXX object CMakeFiles/rmv_task04__rosidl_typesupport_introspection_cpp.dir/rosidl_typesupport_introspection_cpp/rmv_task04/msg/detail/object__type_support.cpp.o[0m
[ 37%] [32mBuilding CXX object CMakeFiles/rmv_task04__rosidl_typesupport_introspection_cpp.dir/rosidl_typesupport_introspection_cpp/rmv_task04/msg/detail/object_array__type_support.cpp.o[0m
[ 39%] [32mBuilding CXX object CMakeFiles/rmv_task04__rosidl_typesupport_fastrtps_cpp.dir/rosidl_typesupport_fastrtps_cpp/rmv_task04/msg/detail/dds_fastrtps/object__type_support.cpp.o[0m
[ 41%] [32mBuilding CXX object CMakeFiles/rmv_task04__rosidl_typesupport_fastrtps_cpp.dir/rosidl_typesupport_fastrtps_cpp/rmv_task04/msg/detail/dds_fastrtps/object_array__type_support.cpp.o[0m
[ 44%] [32mBuilding CXX object CMakeFiles/rmv_task04__rosidl_typesupport_c.dir/rosidl_typesupport_c/rmv_task04/msg/object_array__type_support.cpp.o[0m
[ 46%] [32mBuilding CXX object CMakeFiles/rmv_task04__rosidl_typesupport_c.dir/rosidl_typesupport_c/rmv_task04/msg/object__type_support.cpp.o[0m
[ 51%] [32mBuilding CXX object CMakeFiles/rmv_task04__rosidl_typesupport_fastrtps_c.dir/rosidl_typesupport_fastrtps_c/rmv_task04/msg/detail/object_array__type_support_c.cpp.o[0m
[ 53%] [32mBuilding C object CMakeFiles/rmv_task04__rosidl_typesupport_introspection_c.dir/rosidl_typesupport_introspection_c/rmv_task04/msg/detail/object_array__type_support.c.o[0m
[ 55%] [32mBuilding C object CMakeFiles/rmv_task04__rosidl_typesupport_introspection_c.dir/rosidl_typesupport_introspection_c/rmv_task04/msg/detail/object__type_support.c.o[0m
[ 48%] [32mBuilding CXX object CMakeFiles/rmv_task04__rosidl_typesupport_fastrtps_c.dir/rosidl_typesupport_fastrtps_c/rmv_task04/msg/detail/object__type_support_c.cpp.o[0m
[ 58%] [32m[1mLinking CXX shared library librmv_task04__rosidl_typesupport_c.so[0m
[ 60%] [32m[1mLinking C shared library librmv_task04__rosidl_typesupport_introspection_c.so[0m
[ 60%] Built target rmv_task04__rosidl_typesupport_c
[ 60%] Built target rmv_task04__rosidl_typesupport_introspection_c
[ 62%] [32m[1mLinking CXX shared library librmv_task04__rosidl_typesupport_cpp.so[0m
[ 62%] Built target rmv_task04__rosidl_typesupport_cpp
[ 65%] [32mBuilding CXX object CMakeFiles/ImgDealer.dir/src/img_dealer.cpp.o[0m
[ 67%] [32m[1mLinking CXX shared library librmv_task04__rosidl_typesupport_introspection_cpp.so[0m
[ 69%] [32m[1mLinking CXX shared library librmv_task04__rosidl_typesupport_fastrtps_c.so[0m
[ 69%] Built target rmv_task04__rosidl_typesupport_introspection_cpp
[ 72%] [32m[1mLinking CXX shared library librmv_task04__rosidl_typesupport_fastrtps_cpp.so[0m
[ 72%] Built target rmv_task04__rosidl_typesupport_fastrtps_c
[ 72%] Built target rmv_task04__rosidl_typesupport_fastrtps_cpp
[ 72%] Built target rmv_task04
[ 74%] [34m[1mGenerating Python code for ROS interfaces[0m
[ 74%] Built target rmv_task04__py
[ 79%] [32mBuilding C object CMakeFiles/rmv_task04__rosidl_generator_py.dir/rosidl_generator_py/rmv_task04/msg/_object_array_s.c.o[0m
[ 79%] [32mBuilding C object CMakeFiles/rmv_task04__rosidl_generator_py.dir/rosidl_generator_py/rmv_task04/msg/_object_s.c.o[0m
[ 81%] [32m[1mLinking C shared library rosidl_generator_py/rmv_task04/librmv_task04__rosidl_generator_py.so[0m
[ 81%] Built target rmv_task04__rosidl_generator_py
[ 83%] [32mBuilding C object CMakeFiles/rmv_task04__rosidl_typesupport_fastrtps_c__pyext.dir/rosidl_generator_py/rmv_task04/_rmv_task04_s.ep.rosidl_typesupport_fastrtps_c.c.o[0m
[ 86%] [32mBuilding C object CMakeFiles/rmv_task04__rosidl_typesupport_introspection_c__pyext.dir/rosidl_generator_py/rmv_task04/_rmv_task04_s.ep.rosidl_typesupport_introspection_c.c.o[0m
[ 88%] [32mBuilding C object CMakeFiles/rmv_task04__rosidl_typesupport_c__pyext.dir/rosidl_generator_py/rmv_task04/_rmv_task04_s.ep.rosidl_typesupport_c.c.o[0m
[ 95%] [32m[1mLinking C shared library rosidl_generator_py/rmv_task04/rmv_task04_s__rosidl_typesupport_fastrtps_c.cpython-310-x86_64-linux-gnu.so[0m
[ 95%] [32m[1mLinking C shared library rosidl_generator_py/rmv_task04/rmv_task04_s__rosidl_typesupport_c.cpython-310-x86_64-linux-gnu.so[0m
[ 95%] [32m[1mLinking C shared library rosidl_generator_py/rmv_task04/rmv_task04_s__rosidl_typesupport_introspection_c.cpython-310-x86_64-linux-gnu.so[0m
[ 95%] Built target rmv_task04__rosidl_typesupport_fastrtps_c__pyext
[ 95%] Built target rmv_task04__rosidl_typesupport_introspection_c__pyext
[ 95%] Built target rmv_task04__rosidl_typesupport_c__pyext
[ 97%] [32m[1mLinking CXX executable ImgPublisher[0m
/usr/bin/ld: warning: libopencv_imgcodecs.so.4.5d, needed by /opt/ros/humble/lib/libcv_bridge.so, may conflict with libopencv_imgcodecs.so.412
/usr/bin/ld: warning: libopencv_imgproc.so.4.5d, needed by /opt/ros/humble/lib/libcv_bridge.so, may conflict with libopencv_imgproc.so.412
/usr/bin/ld: warning: libopencv_core.so.4.5d, needed by /opt/ros/humble/lib/libcv_bridge.so, may conflict with libopencv_core.so.412
[ 97%] Built target ImgPublisher
[100%] [32m[1mLinking CXX executable ImgDealer[0m
/usr/bin/ld: warning: libopencv_core.so.4.5d, needed by /opt/ros/humble/lib/libcv_bridge.so, may conflict with libopencv_core.so.412
[100%] Built target ImgDealer
-- Install configuration: ""
-- Installing: /home/hzy/ros2/XJTU-RMV-Task04/rmv_task04/install/rmv_task04/share/ament_index/resource_index/rosidl_interfaces/rmv_task04
-- Installing: /home/hzy/ros2/XJTU-RMV-Task04/rmv_task04/install/rmv_task04/include/rmv_task04/rmv_task04
-- Installing: /home/hzy/ros2/XJTU-RMV-Task04/rmv_task04/install/rmv_task04/include/rmv_task04/rmv_task04/msg
-- Installing: /home/hzy/ros2/XJTU-RMV-Task04/rmv_task04/install/rmv_task04/include/rmv_task04/rmv_task04/msg/rosidl_generator_c__visibility_control.h
-- Installing: /home/hzy/ros2/XJTU-RMV-Task04/rmv_task04/install/rmv_task04/include/rmv_task04/rmv_task04/msg/object_array.h
-- Installing: /home/hzy/ros2/XJTU-RMV-Task04/rmv_task04/install/rmv_task04/include/rmv_task04/rmv_task04/msg/detail
-- Installing: /home/hzy/ros2/XJTU-RMV-Task04/rmv_task04/install/rmv_task04/include/rmv_task04/rmv_task04/msg/detail/object_array__functions.h
-- Installing: /home/hzy/ros2/XJTU-RMV-Task04/rmv_task04/install/rmv_task04/include/rmv_task04/rmv_task04/msg/detail/object__functions.c
-- Installing: /home/hzy/ros2/XJTU-RMV-Task04/rmv_task04/install/rmv_task04/include/rmv_task04/rmv_task04/msg/detail/object_array__struct.h
-- Installing: /home/hzy/ros2/XJTU-RMV-Task04/rmv_task04/install/rmv_task04/include/rmv_task04/rmv_task04/msg/detail/object__functions.h
-- Installing: /home/hzy/ros2/XJTU-RMV-Task04/rmv_task04/install/rmv_task04/include/rmv_task04/rmv_task04/msg/detail/object_array__type_support.h
-- Installing: /home/hzy/ros2/XJTU-RMV-Task04/rmv_task04/install/rmv_task04/include/rmv_task04/rmv_task04/msg/detail/object__struct.h
-- Installing: /home/hzy/ros2/XJTU-RMV-Task04/rmv_task04/install/rmv_task04/include/rmv_task04/rmv_task04/msg/detail/object__type_support.h
-- Installing: /home/hzy/ros2/XJTU-RMV-Task04/rmv_task04/install/rmv_task04/include/rmv_task04/rmv_task04/msg/detail/object_array__functions.c
-- Installing: /home/hzy/ros2/XJTU-RMV-Task04/rmv_task04/install/rmv_task04/include/rmv_task04/rmv_task04/msg/object.h
-- Installing: /home/hzy/ros2/XJTU-RMV-Task04/rmv_task04/install/rmv_task04/share/rmv_task04/environment/library_path.sh
-- Installing: /home/hzy/ros2/XJTU-RMV-Task04/rmv_task04/install/rmv_task04/share/rmv_task04/environment/library_path.dsv
-- Installing: /home/hzy/ros2/XJTU-RMV-Task04/rmv_task04/install/rmv_task04/lib/librmv_task04__rosidl_generator_c.so
-- Set runtime path of "/home/hzy/ros2/XJTU-RMV-Task04/rmv_task04/install/rmv_task04/lib/librmv_task04__rosidl_generator_c.so" to ""
-- Up-to-date: /home/hzy/ros2/XJTU-RMV-Task04/rmv_task04/install/rmv_task04/include/rmv_task04/rmv_task04
-- Up-to-date: /home/hzy/ros2/XJTU-RMV-Task04/rmv_task04/install/rmv_task04/include/rmv_task04/rmv_task04/msg
-- Up-to-date: /home/hzy/ros2/XJTU-RMV-Task04/rmv_task04/install/rmv_task04/include/rmv_task04/rmv_task04/msg/detail
-- Installing: /home/hzy/ros2/XJTU-RMV-Task04/rmv_task04/install/rmv_task04/include/rmv_task04/rmv_task04/msg/detail/object__rosidl_typesupport_fastrtps_c.h
-- Installing: /home/hzy/ros2/XJTU-RMV-Task04/rmv_task04/install/rmv_task04/include/rmv_task04/rmv_task04/msg/detail/object_array__rosidl_typesupport_fastrtps_c.h
-- Installing: /home/hzy/ros2/XJTU-RMV-Task04/rmv_task04/install/rmv_task04/include/rmv_task04/rmv_task04/msg/rosidl_typesupport_fastrtps_c__visibility_control.h
-- Installing: /home/hzy/ros2/XJTU-RMV-Task04/rmv_task04/install/rmv_task04/lib/librmv_task04__rosidl_typesupport_fastrtps_c.so
-- Set runtime path of "/home/hzy/ros2/XJTU-RMV-Task04/rmv_task04/install/rmv_task04/lib/librmv_task04__rosidl_typesupport_fastrtps_c.so" to ""
-- Up-to-date: /home/hzy/ros2/XJTU-RMV-Task04/rmv_task04/install/rmv_task04/include/rmv_task04/rmv_task04
-- Up-to-date: /home/hzy/ros2/XJTU-RMV-Task04/rmv_task04/install/rmv_task04/include/rmv_task04/rmv_task04/msg
-- Installing: /home/hzy/ros2/XJTU-RMV-Task04/rmv_task04/install/rmv_task04/include/rmv_task04/rmv_task04/msg/object_array.hpp
-- Installing: /home/hzy/ros2/XJTU-RMV-Task04/rmv_task04/install/rmv_task04/include/rmv_task04/rmv_task04/msg/rosidl_generator_cpp__visibility_control.hpp
-- Up-to-date: /home/hzy/ros2/XJTU-RMV-Task04/rmv_task04/install/rmv_task04/include/rmv_task04/rmv_task04/msg/detail
-- Installing: /home/hzy/ros2/XJTU-RMV-Task04/rmv_task04/install/rmv_task04/include/rmv_task04/rmv_task04/msg/detail/object_array__type_support.hpp
-- Installing: /home/hzy/ros2/XJTU-RMV-Task04/rmv_task04/install/rmv_task04/include/rmv_task04/rmv_task04/msg/detail/object_array__traits.hpp
-- Installing: /home/hzy/ros2/XJTU-RMV-Task04/rmv_task04/install/rmv_task04/include/rmv_task04/rmv_task04/msg/detail/object_array__builder.hpp
-- Installing: /home/hzy/ros2/XJTU-RMV-Task04/rmv_task04/install/rmv_task04/include/rmv_task04/rmv_task04/msg/detail/object_array__struct.hpp
-- Installing: /home/hzy/ros2/XJTU-RMV-Task04/rmv_task04/install/rmv_task04/include/rmv_task04/rmv_task04/msg/detail/object__type_support.hpp
-- Installing: /home/hzy/ros2/XJTU-RMV-Task04/rmv_task04/install/rmv_task04/include/rmv_task04/rmv_task04/msg/detail/object__traits.hpp
-- Installing: /home/hzy/ros2/XJTU-RMV-Task04/rmv_task04/install/rmv_task04/include/rmv_task04/rmv_task04/msg/detail/object__builder.hpp
-- Installing: /home/hzy/ros2/XJTU-RMV-Task04/rmv_task04/install/rmv_task04/include/rmv_task04/rmv_task04/msg/detail/object__struct.hpp
-- Installing: /home/hzy/ros2/XJTU-RMV-Task04/rmv_task04/install/rmv_task04/include/rmv_task04/rmv_task04/msg/object.hpp
-- Up-to-date: /home/hzy/ros2/XJTU-RMV-Task04/rmv_task04/install/rmv_task04/include/rmv_task04/rmv_task04
-- Up-to-date: /home/hzy/ros2/XJTU-RMV-Task04/rmv_task04/install/rmv_task04/include/rmv_task04/rmv_task04/msg
-- Installing: /home/hzy/ros2/XJTU-RMV-Task04/rmv_task04/install/rmv_task04/include/rmv_task04/rmv_task04/msg/rosidl_typesupport_fastrtps_cpp__visibility_control.h
-- Up-to-date: /home/hzy/ros2/XJTU-RMV-Task04/rmv_task04/install/rmv_task04/include/rmv_task04/rmv_task04/msg/detail
-- Installing: /home/hzy/ros2/XJTU-RMV-Task04/rmv_task04/install/rmv_task04/include/rmv_task04/rmv_task04/msg/detail/object_array__rosidl_typesupport_fastrtps_cpp.hpp
-- Installing: /home/hzy/ros2/XJTU-RMV-Task04/rmv_task04/install/rmv_task04/include/rmv_task04/rmv_task04/msg/detail/object__rosidl_typesupport_fastrtps_cpp.hpp
-- Installing: /home/hzy/ros2/XJTU-RMV-Task04/rmv_task04/install/rmv_task04/include/rmv_task04/rmv_task04/msg/detail/dds_fastrtps
-- Installing: /home/hzy/ros2/XJTU-RMV-Task04/rmv_task04/install/rmv_task04/lib/librmv_task04__rosidl_typesupport_fastrtps_cpp.so
-- Set runtime path of "/home/hzy/ros2/XJTU-RMV-Task04/rmv_task04/install/rmv_task04/lib/librmv_task04__rosidl_typesupport_fastrtps_cpp.so" to ""
-- Up-to-date: /home/hzy/ros2/XJTU-RMV-Task04/rmv_task04/install/rmv_task04/include/rmv_task04/rmv_task04
-- Up-to-date: /home/hzy/ros2/XJTU-RMV-Task04/rmv_task04/install/rmv_task04/include/rmv_task04/rmv_task04/msg
-- Installing: /home/hzy/ros2/XJTU-RMV-Task04/rmv_task04/install/rmv_task04/include/rmv_task04/rmv_task04/msg/rosidl_typesupport_introspection_c__visibility_control.h
-- Up-to-date: /home/hzy/ros2/XJTU-RMV-Task04/rmv_task04/install/rmv_task04/include/rmv_task04/rmv_task04/msg/detail
-- Installing: /home/hzy/ros2/XJTU-RMV-Task04/rmv_task04/install/rmv_task04/include/rmv_task04/rmv_task04/msg/detail/object__type_support.c
-- Installing: /home/hzy/ros2/XJTU-RMV-Task04/rmv_task04/install/rmv_task04/include/rmv_task04/rmv_task04/msg/detail/object_array__type_support.c
-- Installing: /home/hzy/ros2/XJTU-RMV-Task04/rmv_task04/install/rmv_task04/include/rmv_task04/rmv_task04/msg/detail/object_array__rosidl_typesupport_introspection_c.h
-- Installing: /home/hzy/ros2/XJTU-RMV-Task04/rmv_task04/install/rmv_task04/include/rmv_task04/rmv_task04/msg/detail/object__rosidl_typesupport_introspection_c.h
-- Installing: /home/hzy/ros2/XJTU-RMV-Task04/rmv_task04/install/rmv_task04/lib/librmv_task04__rosidl_typesupport_introspection_c.so
-- Set runtime path of "/home/hzy/ros2/XJTU-RMV-Task04/rmv_task04/install/rmv_task04/lib/librmv_task04__rosidl_typesupport_introspection_c.so" to ""
-- Installing: /home/hzy/ros2/XJTU-RMV-Task04/rmv_task04/install/rmv_task04/lib/librmv_task04__rosidl_typesupport_c.so
-- Set runtime path of "/home/hzy/ros2/XJTU-RMV-Task04/rmv_task04/install/rmv_task04/lib/librmv_task04__rosidl_typesupport_c.so" to ""
-- Up-to-date: /home/hzy/ros2/XJTU-RMV-Task04/rmv_task04/install/rmv_task04/include/rmv_task04/rmv_task04
-- Up-to-date: /home/hzy/ros2/XJTU-RMV-Task04/rmv_task04/install/rmv_task04/include/rmv_task04/rmv_task04/msg
-- Up-to-date: /home/hzy/ros2/XJTU-RMV-Task04/rmv_task04/install/rmv_task04/include/rmv_task04/rmv_task04/msg/detail
-- Installing: /home/hzy/ros2/XJTU-RMV-Task04/rmv_task04/install/rmv_task04/include/rmv_task04/rmv_task04/msg/detail/object__rosidl_typesupport_introspection_cpp.hpp
-- Installing: /home/hzy/ros2/XJTU-RMV-Task04/rmv_task04/install/rmv_task04/include/rmv_task04/rmv_task04/msg/detail/object__type_support.cpp
-- Installing: /home/hzy/ros2/XJTU-RMV-Task04/rmv_task04/install/rmv_task04/include/rmv_task04/rmv_task04/msg/detail/object_array__rosidl_typesupport_introspection_cpp.hpp
-- Installing: /home/hzy/ros2/XJTU-RMV-Task04/rmv_task04/install/rmv_task04/include/rmv_task04/rmv_task04/msg/detail/object_array__type_support.cpp
-- Installing: /home/hzy/ros2/XJTU-RMV-Task04/rmv_task04/install/rmv_task04/lib/librmv_task04__rosidl_typesupport_introspection_cpp.so
-- Set runtime path of "/home/hzy/ros2/XJTU-RMV-Task04/rmv_task04/install/rmv_task04/lib/librmv_task04__rosidl_typesupport_introspection_cpp.so" to ""
-- Installing: /home/hzy/ros2/XJTU-RMV-Task04/rmv_task04/install/rmv_task04/lib/librmv_task04__rosidl_typesupport_cpp.so
-- Set runtime path of "/home/hzy/ros2/XJTU-RMV-Task04/rmv_task04/install/rmv_task04/lib/librmv_task04__rosidl_typesupport_cpp.so" to ""
-- Installing: /home/hzy/ros2/XJTU-RMV-Task04/rmv_task04/install/rmv_task04/share/rmv_task04/environment/pythonpath.sh
-- Installing: /home/hzy/ros2/XJTU-RMV-Task04/rmv_task04/install/rmv_task04/share/rmv_task04/environment/pythonpath.dsv
-- Installing: /home/hzy/ros2/XJTU-RMV-Task04/rmv_task04/install/rmv_task04/local/lib/python3.10/dist-packages/rmv_task04-0.0.0-py3.10.egg-info
-- Installing: /home/hzy/ros2/XJTU-RMV-Task04/rmv_task04/install/rmv_task04/local/lib/python3.10/dist-packages/rmv_task04-0.0.0-py3.10.egg-info/PKG-INFO
-- Installing: /home/hzy/ros2/XJTU-RMV-Task04/rmv_task04/install/rmv_task04/local/lib/python3.10/dist-packages/rmv_task04-0.0.0-py3.10.egg-info/SOURCES.txt
-- Installing: /home/hzy/ros2/XJTU-RMV-Task04/rmv_task04/install/rmv_task04/local/lib/python3.10/dist-packages/rmv_task04-0.0.0-py3.10.egg-info/dependency_links.txt
-- Installing: /home/hzy/ros2/XJTU-RMV-Task04/rmv_task04/install/rmv_task04/local/lib/python3.10/dist-packages/rmv_task04-0.0.0-py3.10.egg-info/top_level.txt
-- Installing: /home/hzy/ros2/XJTU-RMV-Task04/rmv_task04/install/rmv_task04/local/lib/python3.10/dist-packages/rmv_task04
-- Installing: /home/hzy/ros2/XJTU-RMV-Task04/rmv_task04/install/rmv_task04/local/lib/python3.10/dist-packages/rmv_task04/_rmv_task04_s.ep.rosidl_typesupport_introspection_c.c
-- Installing: /home/hzy/ros2/XJTU-RMV-Task04/rmv_task04/install/rmv_task04/local/lib/python3.10/dist-packages/rmv_task04/librmv_task04__rosidl_generator_py.so
-- Installing: /home/hzy/ros2/XJTU-RMV-Task04/rmv_task04/install/rmv_task04/local/lib/python3.10/dist-packages/rmv_task04/__init__.py
-- Installing: /home/hzy/ros2/XJTU-RMV-Task04/rmv_task04/install/rmv_task04/local/lib/python3.10/dist-packages/rmv_task04/_rmv_task04_s.ep.rosidl_typesupport_c.c
-- Installing: /home/hzy/ros2/XJTU-RMV-Task04/rmv_task04/install/rmv_task04/local/lib/python3.10/dist-packages/rmv_task04/rmv_task04_s__rosidl_typesupport_fastrtps_c.cpython-310-x86_64-linux-gnu.so
-- Installing: /home/hzy/ros2/XJTU-RMV-Task04/rmv_task04/install/rmv_task04/local/lib/python3.10/dist-packages/rmv_task04/rmv_task04_s__rosidl_typesupport_introspection_c.cpython-310-x86_64-linux-gnu.so
-- Installing: /home/hzy/ros2/XJTU-RMV-Task04/rmv_task04/install/rmv_task04/local/lib/python3.10/dist-packages/rmv_task04/msg
-- Installing: /home/hzy/ros2/XJTU-RMV-Task04/rmv_task04/install/rmv_task04/local/lib/python3.10/dist-packages/rmv_task04/msg/_object_array_s.c
-- Installing: /home/hzy/ros2/XJTU-RMV-Task04/rmv_task04/install/rmv_task04/local/lib/python3.10/dist-packages/rmv_task04/msg/_object.py
-- Installing: /home/hzy/ros2/XJTU-RMV-Task04/rmv_task04/install/rmv_task04/local/lib/python3.10/dist-packages/rmv_task04/msg/_object_array.py
-- Installing: /home/hzy/ros2/XJTU-RMV-Task04/rmv_task04/install/rmv_task04/local/lib/python3.10/dist-packages/rmv_task04/msg/_object_s.c
-- Installing: /home/hzy/ros2/XJTU-RMV-Task04/rmv_task04/install/rmv_task04/local/lib/python3.10/dist-packages/rmv_task04/msg/__init__.py
-- Installing: /home/hzy/ros2/XJTU-RMV-Task04/rmv_task04/install/rmv_task04/local/lib/python3.10/dist-packages/rmv_task04/_rmv_task04_s.ep.rosidl_typesupport_fastrtps_c.c
-- Installing: /home/hzy/ros2/XJTU-RMV-Task04/rmv_task04/install/rmv_task04/local/lib/python3.10/dist-packages/rmv_task04/rmv_task04_s__rosidl_typesupport_c.cpython-310-x86_64-linux-gnu.so
Listing '/home/hzy/ros2/XJTU-RMV-Task04/rmv_task04/install/rmv_task04/local/lib/python3.10/dist-packages/rmv_task04'...
Compiling '/home/hzy/ros2/XJTU-RMV-Task04/rmv_task04/install/rmv_task04/local/lib/python3.10/dist-packages/rmv_task04/__init__.py'...
Listing '/home/hzy/ros2/XJTU-RMV-Task04/rmv_task04/install/rmv_task04/local/lib/python3.10/dist-packages/rmv_task04/msg'...
Compiling '/home/hzy/ros2/XJTU-RMV-Task04/rmv_task04/install/rmv_task04/local/lib/python3.10/dist-packages/rmv_task04/msg/__init__.py'...
Compiling '/home/hzy/ros2/XJTU-RMV-Task04/rmv_task04/install/rmv_task04/local/lib/python3.10/dist-packages/rmv_task04/msg/_object.py'...
Compiling '/home/hzy/ros2/XJTU-RMV-Task04/rmv_task04/install/rmv_task04/local/lib/python3.10/dist-packages/rmv_task04/msg/_object_array.py'...
-- Installing: /home/hzy/ros2/XJTU-RMV-Task04/rmv_task04/install/rmv_task04/local/lib/python3.10/dist-packages/rmv_task04/rmv_task04_s__rosidl_typesupport_fastrtps_c.cpython-310-x86_64-linux-gnu.so
-- Set runtime path of "/home/hzy/ros2/XJTU-RMV-Task04/rmv_task04/install/rmv_task04/local/lib/python3.10/dist-packages/rmv_task04/rmv_task04_s__rosidl_typesupport_fastrtps_c.cpython-310-x86_64-linux-gnu.so" to ""
-- Installing: /home/hzy/ros2/XJTU-RMV-Task04/rmv_task04/install/rmv_task04/local/lib/python3.10/dist-packages/rmv_task04/rmv_task04_s__rosidl_typesupport_introspection_c.cpython-310-x86_64-linux-gnu.so
-- Set runtime path of "/home/hzy/ros2/XJTU-RMV-Task04/rmv_task04/install/rmv_task04/local/lib/python3.10/dist-packages/rmv_task04/rmv_task04_s__rosidl_typesupport_introspection_c.cpython-310-x86_64-linux-gnu.so" to ""
-- Installing: /home/hzy/ros2/XJTU-RMV-Task04/rmv_task04/install/rmv_task04/local/lib/python3.10/dist-packages/rmv_task04/rmv_task04_s__rosidl_typesupport_c.cpython-310-x86_64-linux-gnu.so
-- Set runtime path of "/home/hzy/ros2/XJTU-RMV-Task04/rmv_task04/install/rmv_task04/local/lib/python3.10/dist-packages/rmv_task04/rmv_task04_s__rosidl_typesupport_c.cpython-310-x86_64-linux-gnu.so" to ""
-- Installing: /home/hzy/ros2/XJTU-RMV-Task04/rmv_task04/install/rmv_task04/lib/librmv_task04__rosidl_generator_py.so
-- Set runtime path of "/home/hzy/ros2/XJTU-RMV-Task04/rmv_task04/install/rmv_task04/lib/librmv_task04__rosidl_generator_py.so" to ""
-- Installing: /home/hzy/ros2/XJTU-RMV-Task04/rmv_task04/install/rmv_task04/share/rmv_task04/msg/Object.idl
-- Installing: /home/hzy/ros2/XJTU-RMV-Task04/rmv_task04/install/rmv_task04/share/rmv_task04/msg/ObjectArray.idl
-- Installing: /home/hzy/ros2/XJTU-RMV-Task04/rmv_task04/install/rmv_task04/share/rmv_task04/msg/Object.msg
-- Installing: /home/hzy/ros2/XJTU-RMV-Task04/rmv_task04/install/rmv_task04/share/rmv_task04/msg/ObjectArray.msg
-- Installing: /home/hzy/ros2/XJTU-RMV-Task04/rmv_task04/install/rmv_task04/lib/rmv_task04/ImgPublisher
-- Set runtime path of "/home/hzy/ros2/XJTU-RMV-Task04/rmv_task04/install/rmv_task04/lib/rmv_task04/ImgPublisher" to ""
-- Installing: /home/hzy/ros2/XJTU-RMV-Task04/rmv_task04/install/rmv_task04/lib/rmv_task04/ImgDealer
-- Set runtime path of "/home/hzy/ros2/XJTU-RMV-Task04/rmv_task04/install/rmv_task04/lib/rmv_task04/ImgDealer" to ""
-- Installing: /home/hzy/ros2/XJTU-RMV-Task04/rmv_task04/install/rmv_task04/share/rmv_task04//launch
-- Installing: /home/hzy/ros2/XJTU-RMV-Task04/rmv_task04/install/rmv_task04/share/rmv_task04//launch/launch.py
-- Installing: /home/hzy/ros2/XJTU-RMV-Task04/rmv_task04/install/rmv_task04/share/ament_index/resource_index/package_run_dependencies/rmv_task04
-- Installing: /home/hzy/ros2/XJTU-RMV-Task04/rmv_task04/install/rmv_task04/share/ament_index/resource_index/parent_prefix_path/rmv_task04
-- Installing: /home/hzy/ros2/XJTU-RMV-Task04/rmv_task04/install/rmv_task04/share/rmv_task04/environment/ament_prefix_path.sh
-- Installing: /home/hzy/ros2/XJTU-RMV-Task04/rmv_task04/install/rmv_task04/share/rmv_task04/environment/ament_prefix_path.dsv
-- Installing: /home/hzy/ros2/XJTU-RMV-Task04/rmv_task04/install/rmv_task04/share/rmv_task04/environment/path.sh
-- Installing: /home/hzy/ros2/XJTU-RMV-Task04/rmv_task04/install/rmv_task04/share/rmv_task04/environment/path.dsv
-- Installing: /home/hzy/ros2/XJTU-RMV-Task04/rmv_task04/install/rmv_task04/share/rmv_task04/local_setup.bash
-- Installing: /home/hzy/ros2/XJTU-RMV-Task04/rmv_task04/install/rmv_task04/share/rmv_task04/local_setup.sh
-- Installing: /home/hzy/ros2/XJTU-RMV-Task04/rmv_task04/install/rmv_task04/share/rmv_task04/local_setup.zsh
-- Installing: /home/hzy/ros2/XJTU-RMV-Task04/rmv_task04/install/rmv_task04/share/rmv_task04/local_setup.dsv
-- Installing: /home/hzy/ros2/XJTU-RMV-Task04/rmv_task04/install/rmv_task04/share/rmv_task04/package.dsv
-- Installing: /home/hzy/ros2/XJTU-RMV-Task04/rmv_task04/install/rmv_task04/share/ament_index/resource_index/packages/rmv_task04
-- Installing: /home/hzy/ros2/XJTU-RMV-Task04/rmv_task04/install/rmv_task04/share/rmv_task04/cmake/export_rmv_task04__rosidl_generator_cExport.cmake
-- Installing: /home/hzy/ros2/XJTU-RMV-Task04/rmv_task04/install/rmv_task04/share/rmv_task04/cmake/export_rmv_task04__rosidl_generator_cExport-noconfig.cmake
-- Installing: /home/hzy/ros2/XJTU-RMV-Task04/rmv_task04/install/rmv_task04/share/rmv_task04/cmake/export_rmv_task04__rosidl_typesupport_fastrtps_cExport.cmake
-- Installing: /home/hzy/ros2/XJTU-RMV-Task04/rmv_task04/install/rmv_task04/share/rmv_task04/cmake/export_rmv_task04__rosidl_typesupport_fastrtps_cExport-noconfig.cmake
-- Installing: /home/hzy/ros2/XJTU-RMV-Task04/rmv_task04/install/rmv_task04/share/rmv_task04/cmake/export_rmv_task04__rosidl_generator_cppExport.cmake
-- Installing: /home/hzy/ros2/XJTU-RMV-Task04/rmv_task04/install/rmv_task04/share/rmv_task04/cmake/export_rmv_task04__rosidl_typesupport_fastrtps_cppExport.cmake
-- Installing: /home/hzy/ros2/XJTU-RMV-Task04/rmv_task04/install/rmv_task04/share/rmv_task04/cmake/export_rmv_task04__rosidl_typesupport_fastrtps_cppExport-noconfig.cmake
-- Installing: /home/hzy/ros2/XJTU-RMV-Task04/rmv_task04/install/rmv_task04/share/rmv_task04/cmake/rmv_task04__rosidl_typesupport_introspection_cExport.cmake
-- Installing: /home/hzy/ros2/XJTU-RMV-Task04/rmv_task04/install/rmv_task04/share/rmv_task04/cmake/rmv_task04__rosidl_typesupport_introspection_cExport-noconfig.cmake
-- Installing: /home/hzy/ros2/XJTU-RMV-Task04/rmv_task04/install/rmv_task04/share/rmv_task04/cmake/rmv_task04__rosidl_typesupport_cExport.cmake
-- Installing: /home/hzy/ros2/XJTU-RMV-Task04/rmv_task04/install/rmv_task04/share/rmv_task04/cmake/rmv_task04__rosidl_typesupport_cExport-noconfig.cmake
-- Installing: /home/hzy/ros2/XJTU-RMV-Task04/rmv_task04/install/rmv_task04/share/rmv_task04/cmake/rmv_task04__rosidl_typesupport_introspection_cppExport.cmake
-- Installing: /home/hzy/ros2/XJTU-RMV-Task04/rmv_task04/install/rmv_task04/share/rmv_task04/cmake/rmv_task04__rosidl_typesupport_introspection_cppExport-noconfig.cmake
-- Installing: /home/hzy/ros2/XJTU-RMV-Task04/rmv_task04/install/rmv_task04/share/rmv_task04/cmake/rmv_task04__rosidl_typesupport_cppExport.cmake
-- Installing: /home/hzy/ros2/XJTU-RMV-Task04/rmv_task04/install/rmv_task04/share/rmv_task04/cmake/rmv_task04__rosidl_typesupport_cppExport-noconfig.cmake
-- Installing: /home/hzy/ros2/XJTU-RMV-Task04/rmv_task04/install/rmv_task04/share/rmv_task04/cmake/export_rmv_task04__rosidl_generator_pyExport.cmake
-- Installing: /home/hzy/ros2/XJTU-RMV-Task04/rmv_task04/install/rmv_task04/share/rmv_task04/cmake/export_rmv_task04__rosidl_generator_pyExport-noconfig.cmake
-- Installing: /home/hzy/ros2/XJTU-RMV-Task04/rmv_task04/install/rmv_task04/share/rmv_task04/cmake/rosidl_cmake-extras.cmake
-- Installing: /home/hzy/ros2/XJTU-RMV-Task04/rmv_task04/install/rmv_task04/share/rmv_task04/cmake/ament_cmake_export_dependencies-extras.cmake
-- Installing: /home/hzy/ros2/XJTU-RMV-Task04/rmv_task04/install/rmv_task04/share/rmv_task04/cmake/ament_cmake_export_include_directories-extras.cmake
-- Installing: /home/hzy/ros2/XJTU-RMV-Task04/rmv_task04/install/rmv_task04/share/rmv_task04/cmake/ament_cmake_export_libraries-extras.cmake
-- Installing: /home/hzy/ros2/XJTU-RMV-Task04/rmv_task04/install/rmv_task04/share/rmv_task04/cmake/ament_cmake_export_targets-extras.cmake
-- Installing: /home/hzy/ros2/XJTU-RMV-Task04/rmv_task04/install/rmv_task04/share/rmv_task04/cmake/rosidl_cmake_export_typesupport_targets-extras.cmake
-- Installing: /home/hzy/ros2/XJTU-RMV-Task04/rmv_task04/install/rmv_task04/share/rmv_task04/cmake/rosidl_cmake_export_typesupport_libraries-extras.cmake
-- Installing: /home/hzy/ros2/XJTU-RMV-Task04/rmv_task04/install/rmv_task04/share/rmv_task04/cmake/rmv_task04Config.cmake
-- Installing: /home/hzy/ros2/XJTU-RMV-Task04/rmv_task04/install/rmv_task04/share/rmv_task04/cmake/rmv_task04Config-version.cmake
-- Installing: /home/hzy/ros2/XJTU-RMV-Task04/rmv_task04/install/rmv_task04/share/rmv_task04/package.xml
