[0.007s] Invoking command in '/home/hzy/ros2/chapt3/chapt3_ws/src/example_ros2_interfaces/build/example_ros2_interfaces': CMAKE_PREFIX_PATH=/opt/ros/humble /usr/bin/cmake /home/hzy/ros2/chapt3/chapt3_ws/src/example_ros2_interfaces -DCMAKE_INSTALL_PREFIX=/home/hzy/ros2/chapt3/chapt3_ws/src/example_ros2_interfaces/install/example_ros2_interfaces
[0.063s] -- The C compiler identification is GNU 11.4.0
[0.115s] -- The CXX compiler identification is GNU 11.4.0
[0.120s] -- Detecting C compiler ABI info
[0.200s] -- Detecting C compiler ABI info - done
[0.208s] -- Check for working C compiler: /usr/bin/cc - skipped
[0.208s] -- Detecting C compile features
[0.209s] -- Detecting C compile features - done
[0.212s] -- Detecting CXX compiler ABI info
[0.301s] -- Detecting CXX compiler ABI info - done
[0.310s] -- Check for working CXX compiler: /usr/bin/c++ - skipped
[0.310s] -- Detecting CXX compile features
[0.311s] -- Detecting CXX compile features - done
[0.313s] -- Found ament_cmake: 1.3.12 (/opt/ros/humble/share/ament_cmake/cmake)
[0.441s] -- Found Python3: /usr/bin/python3 (found version "3.10.12") found components: Interpreter 
[0.511s] -- Found rosidl_default_generators: 1.2.0 (/opt/ros/humble/share/rosidl_default_generators/cmake)
[0.512s] -- Using all available rosidl_typesupport_c: rosidl_typesupport_fastrtps_c;rosidl_typesupport_introspection_c
[0.516s] -- Found rosidl_adapter: 3.1.7 (/opt/ros/humble/share/rosidl_adapter/cmake)
[0.541s] -- Using all available rosidl_typesupport_cpp: rosidl_typesupport_fastrtps_cpp;rosidl_typesupport_introspection_cpp
[0.562s] -- Found geometry_msgs: 4.9.0 (/opt/ros/humble/share/geometry_msgs/cmake)
[0.830s] -- Found ament_cmake_ros: 0.10.0 (/opt/ros/humble/share/ament_cmake_ros/cmake)
[1.011s] -- Using all available rosidl_typesupport_c: rosidl_typesupport_fastrtps_c;rosidl_typesupport_introspection_c
[1.267s] -- Using all available rosidl_typesupport_cpp: rosidl_typesupport_fastrtps_cpp;rosidl_typesupport_introspection_cpp
[1.300s] -- Found PythonInterp: /usr/bin/python3 (found suitable version "3.10.12", minimum required is "3.6") 
[1.301s] -- Found python_cmake_module: 0.10.0 (/opt/ros/humble/share/python_cmake_module/cmake)
[1.335s] -- Found PythonLibs: /usr/lib/x86_64-linux-gnu/libpython3.10.so (found suitable version "3.10.12", minimum required is "3.5") 
[1.335s] -- Using PYTHON_EXECUTABLE: /usr/bin/python3
[1.335s] -- Using PYTHON_INCLUDE_DIRS: /usr/include/python3.10
[1.335s] -- Using PYTHON_LIBRARIES: /usr/lib/x86_64-linux-gnu/libpython3.10.so
[1.362s] -- Found PythonExtra: .so  
[1.427s] -- Found ament_lint_auto: 0.12.14 (/opt/ros/humble/share/ament_lint_auto/cmake)
[1.440s] -- Added test 'cppcheck' to perform static code analysis on C / C++ code
[1.440s] -- Configured cppcheck include dirs: $<BUILD_INTERFACE:/home/hzy/ros2/chapt3/chapt3_ws/src/example_ros2_interfaces/build/example_ros2_interfaces/rosidl_generator_c>;$<BUILD_INTERFACE:/home/hzy/ros2/chapt3/chapt3_ws/src/example_ros2_interfaces/build/example_ros2_interfaces/rosidl_typesupport_fastrtps_c>;$<BUILD_INTERFACE:/home/hzy/ros2/chapt3/chapt3_ws/src/example_ros2_interfaces/build/example_ros2_interfaces/rosidl_typesupport_introspection_c>;$<BUILD_INTERFACE:/home/hzy/ros2/chapt3/chapt3_ws/src/example_ros2_interfaces/build/example_ros2_interfaces/rosidl_generator_cpp>;$<BUILD_INTERFACE:/home/hzy/ros2/chapt3/chapt3_ws/src/example_ros2_interfaces/build/example_ros2_interfaces/rosidl_typesupport_fastrtps_cpp>;$<BUILD_INTERFACE:/home/hzy/ros2/chapt3/chapt3_ws/src/example_ros2_interfaces/build/example_ros2_interfaces/rosidl_typesupport_introspection_cpp>;/home/hzy/ros2/chapt3/chapt3_ws/src/example_ros2_interfaces/build/example_ros2_interfaces/rosidl_generator_c;/home/hzy/ros2/chapt3/chapt3_ws/src/example_ros2_interfaces/build/example_ros2_interfaces/rosidl_generator_py
[1.440s] -- Configured cppcheck exclude dirs and/or files: 
[1.441s] -- Added test 'flake8' to check Python code syntax and style conventions
[1.442s] -- Added test 'lint_cmake' to check CMake code style
[1.443s] -- Added test 'pep257' to check Python code against some of the docstring style conventions in PEP 257
[1.447s] -- Added test 'uncrustify' to check C / C++ code style
[1.447s] -- Configured uncrustify additional arguments: 
[1.447s] -- Added test 'xmllint' to check XML markup files
[1.449s] -- Configuring done
[1.472s] -- Generating done
[1.479s] -- Build files have been written to: /home/hzy/ros2/chapt3/chapt3_ws/src/example_ros2_interfaces/build/example_ros2_interfaces
[1.486s] Invoked command in '/home/hzy/ros2/chapt3/chapt3_ws/src/example_ros2_interfaces/build/example_ros2_interfaces' returned '0': CMAKE_PREFIX_PATH=/opt/ros/humble /usr/bin/cmake /home/hzy/ros2/chapt3/chapt3_ws/src/example_ros2_interfaces -DCMAKE_INSTALL_PREFIX=/home/hzy/ros2/chapt3/chapt3_ws/src/example_ros2_interfaces/install/example_ros2_interfaces
[1.486s] Invoking command in '/home/hzy/ros2/chapt3/chapt3_ws/src/example_ros2_interfaces/build/example_ros2_interfaces': CMAKE_PREFIX_PATH=/opt/ros/humble /usr/bin/cmake --build /home/hzy/ros2/chapt3/chapt3_ws/src/example_ros2_interfaces/build/example_ros2_interfaces -- -j28 -l28
[1.533s] [  2%] [34m[1mGenerating C code for ROS interfaces[0m
[1.550s] [  4%] [34m[1mGenerating C++ code for ROS interfaces[0m
[1.558s] [  4%] Built target ament_cmake_python_copy_example_ros2_interfaces
[1.708s] running egg_info
[1.709s] creating example_ros2_interfaces.egg-info
[1.709s] writing example_ros2_interfaces.egg-info/PKG-INFO
[1.709s] writing dependency_links to example_ros2_interfaces.egg-info/dependency_links.txt
[1.709s] writing top-level names to example_ros2_interfaces.egg-info/top_level.txt
[1.709s] writing manifest file 'example_ros2_interfaces.egg-info/SOURCES.txt'
[1.710s] reading manifest file 'example_ros2_interfaces.egg-info/SOURCES.txt'
[1.710s] writing manifest file 'example_ros2_interfaces.egg-info/SOURCES.txt'
[1.737s] [  4%] Built target ament_cmake_python_build_example_ros2_interfaces_egg
[1.786s] [  4%] Built target example_ros2_interfaces__cpp
[1.793s] [  6%] [32mBuilding C object CMakeFiles/example_ros2_interfaces__rosidl_generator_c.dir/rosidl_generator_c/example_ros2_interfaces/msg/detail/robot_pose__functions.c.o[0m
[1.793s] [  8%] [34m[1mGenerating C++ type support for eProsima Fast-RTPS[0m
[1.793s] [ 10%] [32mBuilding C object CMakeFiles/example_ros2_interfaces__rosidl_generator_c.dir/rosidl_generator_c/example_ros2_interfaces/srv/detail/move_robot__functions.c.o[0m
[1.794s] [ 12%] [34m[1mGenerating C++ introspection for ROS interfaces[0m
[1.794s] [ 14%] [32mBuilding C object CMakeFiles/example_ros2_interfaces__rosidl_generator_c.dir/rosidl_generator_c/example_ros2_interfaces/msg/detail/robot_status__functions.c.o[0m
[1.794s] [ 17%] [34m[1mGenerating C++ type support dispatch for ROS interfaces[0m
[1.840s] [ 19%] [32m[1mLinking C shared library libexample_ros2_interfaces__rosidl_generator_c.so[0m
[1.867s] [ 19%] Built target example_ros2_interfaces__rosidl_generator_c
[1.876s] [ 21%] [34m[1mGenerating C type support dispatch for ROS interfaces[0m
[1.876s] [ 23%] [34m[1mGenerating C type support for eProsima Fast-RTPS[0m
[1.876s] [ 25%] [34m[1mGenerating C introspection for ROS interfaces[0m
[1.987s] [ 29%] [32mBuilding CXX object CMakeFiles/example_ros2_interfaces__rosidl_typesupport_cpp.dir/rosidl_typesupport_cpp/example_ros2_interfaces/msg/robot_pose__type_support.cpp.o[0m
[1.988s] [ 31%] [32mBuilding CXX object CMakeFiles/example_ros2_interfaces__rosidl_typesupport_cpp.dir/rosidl_typesupport_cpp/example_ros2_interfaces/srv/move_robot__type_support.cpp.o[0m
[1.988s] [ 29%] [32mBuilding CXX object CMakeFiles/example_ros2_interfaces__rosidl_typesupport_cpp.dir/rosidl_typesupport_cpp/example_ros2_interfaces/msg/robot_status__type_support.cpp.o[0m
[2.006s] [ 36%] [32mBuilding CXX object CMakeFiles/example_ros2_interfaces__rosidl_typesupport_introspection_cpp.dir/rosidl_typesupport_introspection_cpp/example_ros2_interfaces/msg/detail/robot_pose__type_support.cpp.o[0m
[2.006s] [ 36%] [32mBuilding CXX object CMakeFiles/example_ros2_interfaces__rosidl_typesupport_introspection_cpp.dir/rosidl_typesupport_introspection_cpp/example_ros2_interfaces/msg/detail/robot_status__type_support.cpp.o[0m
[2.007s] [ 38%] [32mBuilding CXX object CMakeFiles/example_ros2_interfaces__rosidl_typesupport_introspection_cpp.dir/rosidl_typesupport_introspection_cpp/example_ros2_interfaces/srv/detail/move_robot__type_support.cpp.o[0m
[2.014s] [ 42%] [32mBuilding CXX object CMakeFiles/example_ros2_interfaces__rosidl_typesupport_fastrtps_cpp.dir/rosidl_typesupport_fastrtps_cpp/example_ros2_interfaces/msg/detail/dds_fastrtps/robot_pose__type_support.cpp.o[0m
[2.014s] [ 42%] [32mBuilding CXX object CMakeFiles/example_ros2_interfaces__rosidl_typesupport_fastrtps_cpp.dir/rosidl_typesupport_fastrtps_cpp/example_ros2_interfaces/srv/detail/dds_fastrtps/move_robot__type_support.cpp.o[0m
[2.015s] [ 44%] [32mBuilding CXX object CMakeFiles/example_ros2_interfaces__rosidl_typesupport_fastrtps_cpp.dir/rosidl_typesupport_fastrtps_cpp/example_ros2_interfaces/msg/detail/dds_fastrtps/robot_status__type_support.cpp.o[0m
[2.071s] [ 51%] [32mBuilding CXX object CMakeFiles/example_ros2_interfaces__rosidl_typesupport_c.dir/rosidl_typesupport_c/example_ros2_interfaces/msg/robot_pose__type_support.cpp.o[0m
[2.072s] [ 51%] [32mBuilding CXX object CMakeFiles/example_ros2_interfaces__rosidl_typesupport_c.dir/rosidl_typesupport_c/example_ros2_interfaces/srv/move_robot__type_support.cpp.o[0m
[2.072s] [ 51%] [32mBuilding CXX object CMakeFiles/example_ros2_interfaces__rosidl_typesupport_c.dir/rosidl_typesupport_c/example_ros2_interfaces/msg/robot_status__type_support.cpp.o[0m
[2.099s] [ 53%] [32m[1mLinking CXX shared library libexample_ros2_interfaces__rosidl_typesupport_c.so[0m
[2.105s] [ 55%] [32mBuilding CXX object CMakeFiles/example_ros2_interfaces__rosidl_typesupport_fastrtps_c.dir/rosidl_typesupport_fastrtps_c/example_ros2_interfaces/msg/detail/robot_status__type_support_c.cpp.o[0m
[2.106s] [ 57%] [32mBuilding CXX object CMakeFiles/example_ros2_interfaces__rosidl_typesupport_fastrtps_c.dir/rosidl_typesupport_fastrtps_c/example_ros2_interfaces/msg/detail/robot_pose__type_support_c.cpp.o[0m
[2.107s] [ 59%] [32mBuilding CXX object CMakeFiles/example_ros2_interfaces__rosidl_typesupport_fastrtps_c.dir/rosidl_typesupport_fastrtps_c/example_ros2_interfaces/srv/detail/move_robot__type_support_c.cpp.o[0m
[2.143s] [ 59%] Built target example_ros2_interfaces__rosidl_typesupport_c
[2.143s] [ 63%] [32mBuilding C object CMakeFiles/example_ros2_interfaces__rosidl_typesupport_introspection_c.dir/rosidl_typesupport_introspection_c/example_ros2_interfaces/msg/detail/robot_pose__type_support.c.o[0m
[2.143s] [ 63%] [32mBuilding C object CMakeFiles/example_ros2_interfaces__rosidl_typesupport_introspection_c.dir/rosidl_typesupport_introspection_c/example_ros2_interfaces/srv/detail/move_robot__type_support.c.o[0m
[2.143s] [ 65%] [32mBuilding C object CMakeFiles/example_ros2_interfaces__rosidl_typesupport_introspection_c.dir/rosidl_typesupport_introspection_c/example_ros2_interfaces/msg/detail/robot_status__type_support.c.o[0m
[2.175s] [ 68%] [32m[1mLinking C shared library libexample_ros2_interfaces__rosidl_typesupport_introspection_c.so[0m
[2.203s] [ 68%] Built target example_ros2_interfaces__rosidl_typesupport_introspection_c
[2.255s] [ 70%] [32m[1mLinking CXX shared library libexample_ros2_interfaces__rosidl_typesupport_fastrtps_cpp.so[0m
[2.260s] [ 72%] [32m[1mLinking CXX shared library libexample_ros2_interfaces__rosidl_typesupport_cpp.so[0m
[2.290s] [ 72%] Built target example_ros2_interfaces__rosidl_typesupport_cpp
[2.305s] [ 72%] Built target example_ros2_interfaces__rosidl_typesupport_fastrtps_cpp
[2.312s] [ 74%] [32m[1mLinking CXX shared library libexample_ros2_interfaces__rosidl_typesupport_introspection_cpp.so[0m
[2.363s] [ 74%] Built target example_ros2_interfaces__rosidl_typesupport_introspection_cpp
[2.366s] [ 76%] [32m[1mLinking CXX shared library libexample_ros2_interfaces__rosidl_typesupport_fastrtps_c.so[0m
[2.420s] [ 76%] Built target example_ros2_interfaces__rosidl_typesupport_fastrtps_c
[2.443s] [ 76%] Built target example_ros2_interfaces
[2.467s] [ 78%] [34m[1mGenerating Python code for ROS interfaces[0m
[2.806s] [ 78%] Built target example_ros2_interfaces__py
[2.828s] [ 80%] [32mBuilding C object CMakeFiles/example_ros2_interfaces__rosidl_generator_py.dir/rosidl_generator_py/example_ros2_interfaces/msg/_robot_pose_s.c.o[0m
[2.829s] [ 82%] [32mBuilding C object CMakeFiles/example_ros2_interfaces__rosidl_generator_py.dir/rosidl_generator_py/example_ros2_interfaces/msg/_robot_status_s.c.o[0m
[2.830s] [ 85%] [32mBuilding C object CMakeFiles/example_ros2_interfaces__rosidl_generator_py.dir/rosidl_generator_py/example_ros2_interfaces/srv/_move_robot_s.c.o[0m
[2.899s] [ 87%] [32m[1mLinking C shared library rosidl_generator_py/example_ros2_interfaces/libexample_ros2_interfaces__rosidl_generator_py.so[0m
[2.948s] [ 87%] Built target example_ros2_interfaces__rosidl_generator_py
[2.975s] [ 89%] [32mBuilding C object CMakeFiles/example_ros2_interfaces__rosidl_typesupport_introspection_c__pyext.dir/rosidl_generator_py/example_ros2_interfaces/_example_ros2_interfaces_s.ep.rosidl_typesupport_introspection_c.c.o[0m
[2.975s] [ 91%] [32mBuilding C object CMakeFiles/example_ros2_interfaces__rosidl_typesupport_fastrtps_c__pyext.dir/rosidl_generator_py/example_ros2_interfaces/_example_ros2_interfaces_s.ep.rosidl_typesupport_fastrtps_c.c.o[0m
[2.976s] [ 93%] [32mBuilding C object CMakeFiles/example_ros2_interfaces__rosidl_typesupport_c__pyext.dir/rosidl_generator_py/example_ros2_interfaces/_example_ros2_interfaces_s.ep.rosidl_typesupport_c.c.o[0m
[3.056s] [ 97%] [32m[1mLinking C shared library rosidl_generator_py/example_ros2_interfaces/example_ros2_interfaces_s__rosidl_typesupport_fastrtps_c.cpython-310-x86_64-linux-gnu.so[0m
[3.056s] [ 97%] [32m[1mLinking C shared library rosidl_generator_py/example_ros2_interfaces/example_ros2_interfaces_s__rosidl_typesupport_c.cpython-310-x86_64-linux-gnu.so[0m
[3.059s] [100%] [32m[1mLinking C shared library rosidl_generator_py/example_ros2_interfaces/example_ros2_interfaces_s__rosidl_typesupport_introspection_c.cpython-310-x86_64-linux-gnu.so[0m
[3.089s] [100%] Built target example_ros2_interfaces__rosidl_typesupport_c__pyext
[3.092s] [100%] Built target example_ros2_interfaces__rosidl_typesupport_fastrtps_c__pyext
[3.094s] [100%] Built target example_ros2_interfaces__rosidl_typesupport_introspection_c__pyext
[3.110s] Invoked command in '/home/hzy/ros2/chapt3/chapt3_ws/src/example_ros2_interfaces/build/example_ros2_interfaces' returned '0': CMAKE_PREFIX_PATH=/opt/ros/humble /usr/bin/cmake --build /home/hzy/ros2/chapt3/chapt3_ws/src/example_ros2_interfaces/build/example_ros2_interfaces -- -j28 -l28
[3.128s] Invoking command in '/home/hzy/ros2/chapt3/chapt3_ws/src/example_ros2_interfaces/build/example_ros2_interfaces': CMAKE_PREFIX_PATH=/opt/ros/humble /usr/bin/cmake --install /home/hzy/ros2/chapt3/chapt3_ws/src/example_ros2_interfaces/build/example_ros2_interfaces
[3.139s] -- Install configuration: ""
[3.140s] -- Installing: /home/hzy/ros2/chapt3/chapt3_ws/src/example_ros2_interfaces/install/example_ros2_interfaces/share/ament_index/resource_index/rosidl_interfaces/example_ros2_interfaces
[3.140s] -- Installing: /home/hzy/ros2/chapt3/chapt3_ws/src/example_ros2_interfaces/install/example_ros2_interfaces/include/example_ros2_interfaces/example_ros2_interfaces
[3.140s] -- Installing: /home/hzy/ros2/chapt3/chapt3_ws/src/example_ros2_interfaces/install/example_ros2_interfaces/include/example_ros2_interfaces/example_ros2_interfaces/msg
[3.140s] -- Installing: /home/hzy/ros2/chapt3/chapt3_ws/src/example_ros2_interfaces/install/example_ros2_interfaces/include/example_ros2_interfaces/example_ros2_interfaces/msg/rosidl_generator_c__visibility_control.h
[3.141s] -- Installing: /home/hzy/ros2/chapt3/chapt3_ws/src/example_ros2_interfaces/install/example_ros2_interfaces/include/example_ros2_interfaces/example_ros2_interfaces/msg/robot_pose.h
[3.141s] -- Installing: /home/hzy/ros2/chapt3/chapt3_ws/src/example_ros2_interfaces/install/example_ros2_interfaces/include/example_ros2_interfaces/example_ros2_interfaces/msg/detail
[3.141s] -- Installing: /home/hzy/ros2/chapt3/chapt3_ws/src/example_ros2_interfaces/install/example_ros2_interfaces/include/example_ros2_interfaces/example_ros2_interfaces/msg/detail/robot_status__functions.c
[3.141s] -- Installing: /home/hzy/ros2/chapt3/chapt3_ws/src/example_ros2_interfaces/install/example_ros2_interfaces/include/example_ros2_interfaces/example_ros2_interfaces/msg/detail/robot_status__functions.h
[3.141s] -- Installing: /home/hzy/ros2/chapt3/chapt3_ws/src/example_ros2_interfaces/install/example_ros2_interfaces/include/example_ros2_interfaces/example_ros2_interfaces/msg/detail/robot_status__struct.h
[3.141s] -- Installing: /home/hzy/ros2/chapt3/chapt3_ws/src/example_ros2_interfaces/install/example_ros2_interfaces/include/example_ros2_interfaces/example_ros2_interfaces/msg/detail/robot_pose__functions.h
[3.141s] -- Installing: /home/hzy/ros2/chapt3/chapt3_ws/src/example_ros2_interfaces/install/example_ros2_interfaces/include/example_ros2_interfaces/example_ros2_interfaces/msg/detail/robot_pose__struct.h
[3.142s] -- Installing: /home/hzy/ros2/chapt3/chapt3_ws/src/example_ros2_interfaces/install/example_ros2_interfaces/include/example_ros2_interfaces/example_ros2_interfaces/msg/detail/robot_pose__functions.c
[3.142s] -- Installing: /home/hzy/ros2/chapt3/chapt3_ws/src/example_ros2_interfaces/install/example_ros2_interfaces/include/example_ros2_interfaces/example_ros2_interfaces/msg/detail/robot_pose__type_support.h
[3.142s] -- Installing: /home/hzy/ros2/chapt3/chapt3_ws/src/example_ros2_interfaces/install/example_ros2_interfaces/include/example_ros2_interfaces/example_ros2_interfaces/msg/detail/robot_status__type_support.h
[3.142s] -- Installing: /home/hzy/ros2/chapt3/chapt3_ws/src/example_ros2_interfaces/install/example_ros2_interfaces/include/example_ros2_interfaces/example_ros2_interfaces/msg/robot_status.h
[3.142s] -- Installing: /home/hzy/ros2/chapt3/chapt3_ws/src/example_ros2_interfaces/install/example_ros2_interfaces/include/example_ros2_interfaces/example_ros2_interfaces/srv
[3.142s] -- Installing: /home/hzy/ros2/chapt3/chapt3_ws/src/example_ros2_interfaces/install/example_ros2_interfaces/include/example_ros2_interfaces/example_ros2_interfaces/srv/detail
[3.142s] -- Installing: /home/hzy/ros2/chapt3/chapt3_ws/src/example_ros2_interfaces/install/example_ros2_interfaces/include/example_ros2_interfaces/example_ros2_interfaces/srv/detail/move_robot__type_support.h
[3.143s] -- Installing: /home/hzy/ros2/chapt3/chapt3_ws/src/example_ros2_interfaces/install/example_ros2_interfaces/include/example_ros2_interfaces/example_ros2_interfaces/srv/detail/move_robot__functions.c
[3.143s] -- Installing: /home/hzy/ros2/chapt3/chapt3_ws/src/example_ros2_interfaces/install/example_ros2_interfaces/include/example_ros2_interfaces/example_ros2_interfaces/srv/detail/move_robot__struct.h
[3.143s] -- Installing: /home/hzy/ros2/chapt3/chapt3_ws/src/example_ros2_interfaces/install/example_ros2_interfaces/include/example_ros2_interfaces/example_ros2_interfaces/srv/detail/move_robot__functions.h
[3.143s] -- Installing: /home/hzy/ros2/chapt3/chapt3_ws/src/example_ros2_interfaces/install/example_ros2_interfaces/include/example_ros2_interfaces/example_ros2_interfaces/srv/move_robot.h
[3.143s] -- Installing: /home/hzy/ros2/chapt3/chapt3_ws/src/example_ros2_interfaces/install/example_ros2_interfaces/share/example_ros2_interfaces/environment/library_path.sh
[3.143s] -- Installing: /home/hzy/ros2/chapt3/chapt3_ws/src/example_ros2_interfaces/install/example_ros2_interfaces/share/example_ros2_interfaces/environment/library_path.dsv
[3.143s] -- Installing: /home/hzy/ros2/chapt3/chapt3_ws/src/example_ros2_interfaces/install/example_ros2_interfaces/lib/libexample_ros2_interfaces__rosidl_generator_c.so
[3.144s] -- Set runtime path of "/home/hzy/ros2/chapt3/chapt3_ws/src/example_ros2_interfaces/install/example_ros2_interfaces/lib/libexample_ros2_interfaces__rosidl_generator_c.so" to ""
[3.144s] -- Up-to-date: /home/hzy/ros2/chapt3/chapt3_ws/src/example_ros2_interfaces/install/example_ros2_interfaces/include/example_ros2_interfaces/example_ros2_interfaces
[3.144s] -- Up-to-date: /home/hzy/ros2/chapt3/chapt3_ws/src/example_ros2_interfaces/install/example_ros2_interfaces/include/example_ros2_interfaces/example_ros2_interfaces/msg
[3.144s] -- Up-to-date: /home/hzy/ros2/chapt3/chapt3_ws/src/example_ros2_interfaces/install/example_ros2_interfaces/include/example_ros2_interfaces/example_ros2_interfaces/msg/detail
[3.144s] -- Installing: /home/hzy/ros2/chapt3/chapt3_ws/src/example_ros2_interfaces/install/example_ros2_interfaces/include/example_ros2_interfaces/example_ros2_interfaces/msg/detail/robot_pose__rosidl_typesupport_fastrtps_c.h
[3.144s] -- Installing: /home/hzy/ros2/chapt3/chapt3_ws/src/example_ros2_interfaces/install/example_ros2_interfaces/include/example_ros2_interfaces/example_ros2_interfaces/msg/detail/robot_status__rosidl_typesupport_fastrtps_c.h
[3.144s] -- Installing: /home/hzy/ros2/chapt3/chapt3_ws/src/example_ros2_interfaces/install/example_ros2_interfaces/include/example_ros2_interfaces/example_ros2_interfaces/msg/rosidl_typesupport_fastrtps_c__visibility_control.h
[3.145s] -- Up-to-date: /home/hzy/ros2/chapt3/chapt3_ws/src/example_ros2_interfaces/install/example_ros2_interfaces/include/example_ros2_interfaces/example_ros2_interfaces/srv
[3.145s] -- Up-to-date: /home/hzy/ros2/chapt3/chapt3_ws/src/example_ros2_interfaces/install/example_ros2_interfaces/include/example_ros2_interfaces/example_ros2_interfaces/srv/detail
[3.145s] -- Installing: /home/hzy/ros2/chapt3/chapt3_ws/src/example_ros2_interfaces/install/example_ros2_interfaces/include/example_ros2_interfaces/example_ros2_interfaces/srv/detail/move_robot__rosidl_typesupport_fastrtps_c.h
[3.145s] -- Installing: /home/hzy/ros2/chapt3/chapt3_ws/src/example_ros2_interfaces/install/example_ros2_interfaces/lib/libexample_ros2_interfaces__rosidl_typesupport_fastrtps_c.so
[3.145s] -- Set runtime path of "/home/hzy/ros2/chapt3/chapt3_ws/src/example_ros2_interfaces/install/example_ros2_interfaces/lib/libexample_ros2_interfaces__rosidl_typesupport_fastrtps_c.so" to ""
[3.145s] -- Up-to-date: /home/hzy/ros2/chapt3/chapt3_ws/src/example_ros2_interfaces/install/example_ros2_interfaces/include/example_ros2_interfaces/example_ros2_interfaces
[3.145s] -- Up-to-date: /home/hzy/ros2/chapt3/chapt3_ws/src/example_ros2_interfaces/install/example_ros2_interfaces/include/example_ros2_interfaces/example_ros2_interfaces/msg
[3.145s] -- Installing: /home/hzy/ros2/chapt3/chapt3_ws/src/example_ros2_interfaces/install/example_ros2_interfaces/include/example_ros2_interfaces/example_ros2_interfaces/msg/rosidl_typesupport_introspection_c__visibility_control.h
[3.145s] -- Up-to-date: /home/hzy/ros2/chapt3/chapt3_ws/src/example_ros2_interfaces/install/example_ros2_interfaces/include/example_ros2_interfaces/example_ros2_interfaces/msg/detail
[3.145s] -- Installing: /home/hzy/ros2/chapt3/chapt3_ws/src/example_ros2_interfaces/install/example_ros2_interfaces/include/example_ros2_interfaces/example_ros2_interfaces/msg/detail/robot_status__rosidl_typesupport_introspection_c.h
[3.145s] -- Installing: /home/hzy/ros2/chapt3/chapt3_ws/src/example_ros2_interfaces/install/example_ros2_interfaces/include/example_ros2_interfaces/example_ros2_interfaces/msg/detail/robot_pose__type_support.c
[3.145s] -- Installing: /home/hzy/ros2/chapt3/chapt3_ws/src/example_ros2_interfaces/install/example_ros2_interfaces/include/example_ros2_interfaces/example_ros2_interfaces/msg/detail/robot_status__type_support.c
[3.145s] -- Installing: /home/hzy/ros2/chapt3/chapt3_ws/src/example_ros2_interfaces/install/example_ros2_interfaces/include/example_ros2_interfaces/example_ros2_interfaces/msg/detail/robot_pose__rosidl_typesupport_introspection_c.h
[3.145s] -- Up-to-date: /home/hzy/ros2/chapt3/chapt3_ws/src/example_ros2_interfaces/install/example_ros2_interfaces/include/example_ros2_interfaces/example_ros2_interfaces/srv
[3.145s] -- Up-to-date: /home/hzy/ros2/chapt3/chapt3_ws/src/example_ros2_interfaces/install/example_ros2_interfaces/include/example_ros2_interfaces/example_ros2_interfaces/srv/detail
[3.145s] -- Installing: /home/hzy/ros2/chapt3/chapt3_ws/src/example_ros2_interfaces/install/example_ros2_interfaces/include/example_ros2_interfaces/example_ros2_interfaces/srv/detail/move_robot__rosidl_typesupport_introspection_c.h
[3.145s] -- Installing: /home/hzy/ros2/chapt3/chapt3_ws/src/example_ros2_interfaces/install/example_ros2_interfaces/include/example_ros2_interfaces/example_ros2_interfaces/srv/detail/move_robot__type_support.c
[3.145s] -- Installing: /home/hzy/ros2/chapt3/chapt3_ws/src/example_ros2_interfaces/install/example_ros2_interfaces/lib/libexample_ros2_interfaces__rosidl_typesupport_introspection_c.so
[3.145s] -- Set runtime path of "/home/hzy/ros2/chapt3/chapt3_ws/src/example_ros2_interfaces/install/example_ros2_interfaces/lib/libexample_ros2_interfaces__rosidl_typesupport_introspection_c.so" to ""
[3.146s] -- Installing: /home/hzy/ros2/chapt3/chapt3_ws/src/example_ros2_interfaces/install/example_ros2_interfaces/lib/libexample_ros2_interfaces__rosidl_typesupport_c.so
[3.146s] -- Set runtime path of "/home/hzy/ros2/chapt3/chapt3_ws/src/example_ros2_interfaces/install/example_ros2_interfaces/lib/libexample_ros2_interfaces__rosidl_typesupport_c.so" to ""
[3.146s] -- Up-to-date: /home/hzy/ros2/chapt3/chapt3_ws/src/example_ros2_interfaces/install/example_ros2_interfaces/include/example_ros2_interfaces/example_ros2_interfaces
[3.146s] -- Up-to-date: /home/hzy/ros2/chapt3/chapt3_ws/src/example_ros2_interfaces/install/example_ros2_interfaces/include/example_ros2_interfaces/example_ros2_interfaces/msg
[3.146s] -- Installing: /home/hzy/ros2/chapt3/chapt3_ws/src/example_ros2_interfaces/install/example_ros2_interfaces/include/example_ros2_interfaces/example_ros2_interfaces/msg/rosidl_generator_cpp__visibility_control.hpp
[3.146s] -- Installing: /home/hzy/ros2/chapt3/chapt3_ws/src/example_ros2_interfaces/install/example_ros2_interfaces/include/example_ros2_interfaces/example_ros2_interfaces/msg/robot_pose.hpp
[3.146s] -- Up-to-date: /home/hzy/ros2/chapt3/chapt3_ws/src/example_ros2_interfaces/install/example_ros2_interfaces/include/example_ros2_interfaces/example_ros2_interfaces/msg/detail
[3.146s] -- Installing: /home/hzy/ros2/chapt3/chapt3_ws/src/example_ros2_interfaces/install/example_ros2_interfaces/include/example_ros2_interfaces/example_ros2_interfaces/msg/detail/robot_status__struct.hpp
[3.146s] -- Installing: /home/hzy/ros2/chapt3/chapt3_ws/src/example_ros2_interfaces/install/example_ros2_interfaces/include/example_ros2_interfaces/example_ros2_interfaces/msg/detail/robot_status__traits.hpp
[3.146s] -- Installing: /home/hzy/ros2/chapt3/chapt3_ws/src/example_ros2_interfaces/install/example_ros2_interfaces/include/example_ros2_interfaces/example_ros2_interfaces/msg/detail/robot_pose__type_support.hpp
[3.146s] -- Installing: /home/hzy/ros2/chapt3/chapt3_ws/src/example_ros2_interfaces/install/example_ros2_interfaces/include/example_ros2_interfaces/example_ros2_interfaces/msg/detail/robot_status__type_support.hpp
[3.146s] -- Installing: /home/hzy/ros2/chapt3/chapt3_ws/src/example_ros2_interfaces/install/example_ros2_interfaces/include/example_ros2_interfaces/example_ros2_interfaces/msg/detail/robot_pose__builder.hpp
[3.146s] -- Installing: /home/hzy/ros2/chapt3/chapt3_ws/src/example_ros2_interfaces/install/example_ros2_interfaces/include/example_ros2_interfaces/example_ros2_interfaces/msg/detail/robot_status__builder.hpp
[3.146s] -- Installing: /home/hzy/ros2/chapt3/chapt3_ws/src/example_ros2_interfaces/install/example_ros2_interfaces/include/example_ros2_interfaces/example_ros2_interfaces/msg/detail/robot_pose__struct.hpp
[3.146s] -- Installing: /home/hzy/ros2/chapt3/chapt3_ws/src/example_ros2_interfaces/install/example_ros2_interfaces/include/example_ros2_interfaces/example_ros2_interfaces/msg/detail/robot_pose__traits.hpp
[3.146s] -- Installing: /home/hzy/ros2/chapt3/chapt3_ws/src/example_ros2_interfaces/install/example_ros2_interfaces/include/example_ros2_interfaces/example_ros2_interfaces/msg/robot_status.hpp
[3.146s] -- Up-to-date: /home/hzy/ros2/chapt3/chapt3_ws/src/example_ros2_interfaces/install/example_ros2_interfaces/include/example_ros2_interfaces/example_ros2_interfaces/srv
[3.146s] -- Up-to-date: /home/hzy/ros2/chapt3/chapt3_ws/src/example_ros2_interfaces/install/example_ros2_interfaces/include/example_ros2_interfaces/example_ros2_interfaces/srv/detail
[3.146s] -- Installing: /home/hzy/ros2/chapt3/chapt3_ws/src/example_ros2_interfaces/install/example_ros2_interfaces/include/example_ros2_interfaces/example_ros2_interfaces/srv/detail/move_robot__type_support.hpp
[3.146s] -- Installing: /home/hzy/ros2/chapt3/chapt3_ws/src/example_ros2_interfaces/install/example_ros2_interfaces/include/example_ros2_interfaces/example_ros2_interfaces/srv/detail/move_robot__traits.hpp
[3.146s] -- Installing: /home/hzy/ros2/chapt3/chapt3_ws/src/example_ros2_interfaces/install/example_ros2_interfaces/include/example_ros2_interfaces/example_ros2_interfaces/srv/detail/move_robot__builder.hpp
[3.146s] -- Installing: /home/hzy/ros2/chapt3/chapt3_ws/src/example_ros2_interfaces/install/example_ros2_interfaces/include/example_ros2_interfaces/example_ros2_interfaces/srv/detail/move_robot__struct.hpp
[3.146s] -- Installing: /home/hzy/ros2/chapt3/chapt3_ws/src/example_ros2_interfaces/install/example_ros2_interfaces/include/example_ros2_interfaces/example_ros2_interfaces/srv/move_robot.hpp
[3.146s] -- Up-to-date: /home/hzy/ros2/chapt3/chapt3_ws/src/example_ros2_interfaces/install/example_ros2_interfaces/include/example_ros2_interfaces/example_ros2_interfaces
[3.146s] -- Up-to-date: /home/hzy/ros2/chapt3/chapt3_ws/src/example_ros2_interfaces/install/example_ros2_interfaces/include/example_ros2_interfaces/example_ros2_interfaces/msg
[3.146s] -- Installing: /home/hzy/ros2/chapt3/chapt3_ws/src/example_ros2_interfaces/install/example_ros2_interfaces/include/example_ros2_interfaces/example_ros2_interfaces/msg/rosidl_typesupport_fastrtps_cpp__visibility_control.h
[3.146s] -- Up-to-date: /home/hzy/ros2/chapt3/chapt3_ws/src/example_ros2_interfaces/install/example_ros2_interfaces/include/example_ros2_interfaces/example_ros2_interfaces/msg/detail
[3.147s] -- Installing: /home/hzy/ros2/chapt3/chapt3_ws/src/example_ros2_interfaces/install/example_ros2_interfaces/include/example_ros2_interfaces/example_ros2_interfaces/msg/detail/robot_status__rosidl_typesupport_fastrtps_cpp.hpp
[3.147s] -- Installing: /home/hzy/ros2/chapt3/chapt3_ws/src/example_ros2_interfaces/install/example_ros2_interfaces/include/example_ros2_interfaces/example_ros2_interfaces/msg/detail/robot_pose__rosidl_typesupport_fastrtps_cpp.hpp
[3.147s] -- Installing: /home/hzy/ros2/chapt3/chapt3_ws/src/example_ros2_interfaces/install/example_ros2_interfaces/include/example_ros2_interfaces/example_ros2_interfaces/msg/detail/dds_fastrtps
[3.147s] -- Up-to-date: /home/hzy/ros2/chapt3/chapt3_ws/src/example_ros2_interfaces/install/example_ros2_interfaces/include/example_ros2_interfaces/example_ros2_interfaces/srv
[3.147s] -- Up-to-date: /home/hzy/ros2/chapt3/chapt3_ws/src/example_ros2_interfaces/install/example_ros2_interfaces/include/example_ros2_interfaces/example_ros2_interfaces/srv/detail
[3.147s] -- Installing: /home/hzy/ros2/chapt3/chapt3_ws/src/example_ros2_interfaces/install/example_ros2_interfaces/include/example_ros2_interfaces/example_ros2_interfaces/srv/detail/move_robot__rosidl_typesupport_fastrtps_cpp.hpp
[3.147s] -- Installing: /home/hzy/ros2/chapt3/chapt3_ws/src/example_ros2_interfaces/install/example_ros2_interfaces/include/example_ros2_interfaces/example_ros2_interfaces/srv/detail/dds_fastrtps
[3.147s] -- Installing: /home/hzy/ros2/chapt3/chapt3_ws/src/example_ros2_interfaces/install/example_ros2_interfaces/lib/libexample_ros2_interfaces__rosidl_typesupport_fastrtps_cpp.so
[3.147s] -- Set runtime path of "/home/hzy/ros2/chapt3/chapt3_ws/src/example_ros2_interfaces/install/example_ros2_interfaces/lib/libexample_ros2_interfaces__rosidl_typesupport_fastrtps_cpp.so" to ""
[3.147s] -- Up-to-date: /home/hzy/ros2/chapt3/chapt3_ws/src/example_ros2_interfaces/install/example_ros2_interfaces/include/example_ros2_interfaces/example_ros2_interfaces
[3.147s] -- Up-to-date: /home/hzy/ros2/chapt3/chapt3_ws/src/example_ros2_interfaces/install/example_ros2_interfaces/include/example_ros2_interfaces/example_ros2_interfaces/msg
[3.147s] -- Up-to-date: /home/hzy/ros2/chapt3/chapt3_ws/src/example_ros2_interfaces/install/example_ros2_interfaces/include/example_ros2_interfaces/example_ros2_interfaces/msg/detail
[3.147s] -- Installing: /home/hzy/ros2/chapt3/chapt3_ws/src/example_ros2_interfaces/install/example_ros2_interfaces/include/example_ros2_interfaces/example_ros2_interfaces/msg/detail/robot_pose__rosidl_typesupport_introspection_cpp.hpp
[3.147s] -- Installing: /home/hzy/ros2/chapt3/chapt3_ws/src/example_ros2_interfaces/install/example_ros2_interfaces/include/example_ros2_interfaces/example_ros2_interfaces/msg/detail/robot_status__rosidl_typesupport_introspection_cpp.hpp
[3.147s] -- Installing: /home/hzy/ros2/chapt3/chapt3_ws/src/example_ros2_interfaces/install/example_ros2_interfaces/include/example_ros2_interfaces/example_ros2_interfaces/msg/detail/robot_pose__type_support.cpp
[3.147s] -- Installing: /home/hzy/ros2/chapt3/chapt3_ws/src/example_ros2_interfaces/install/example_ros2_interfaces/include/example_ros2_interfaces/example_ros2_interfaces/msg/detail/robot_status__type_support.cpp
[3.147s] -- Up-to-date: /home/hzy/ros2/chapt3/chapt3_ws/src/example_ros2_interfaces/install/example_ros2_interfaces/include/example_ros2_interfaces/example_ros2_interfaces/srv
[3.147s] -- Up-to-date: /home/hzy/ros2/chapt3/chapt3_ws/src/example_ros2_interfaces/install/example_ros2_interfaces/include/example_ros2_interfaces/example_ros2_interfaces/srv/detail
[3.147s] -- Installing: /home/hzy/ros2/chapt3/chapt3_ws/src/example_ros2_interfaces/install/example_ros2_interfaces/include/example_ros2_interfaces/example_ros2_interfaces/srv/detail/move_robot__type_support.cpp
[3.147s] -- Installing: /home/hzy/ros2/chapt3/chapt3_ws/src/example_ros2_interfaces/install/example_ros2_interfaces/include/example_ros2_interfaces/example_ros2_interfaces/srv/detail/move_robot__rosidl_typesupport_introspection_cpp.hpp
[3.147s] -- Installing: /home/hzy/ros2/chapt3/chapt3_ws/src/example_ros2_interfaces/install/example_ros2_interfaces/lib/libexample_ros2_interfaces__rosidl_typesupport_introspection_cpp.so
[3.147s] -- Set runtime path of "/home/hzy/ros2/chapt3/chapt3_ws/src/example_ros2_interfaces/install/example_ros2_interfaces/lib/libexample_ros2_interfaces__rosidl_typesupport_introspection_cpp.so" to ""
[3.147s] -- Installing: /home/hzy/ros2/chapt3/chapt3_ws/src/example_ros2_interfaces/install/example_ros2_interfaces/lib/libexample_ros2_interfaces__rosidl_typesupport_cpp.so
[3.147s] -- Set runtime path of "/home/hzy/ros2/chapt3/chapt3_ws/src/example_ros2_interfaces/install/example_ros2_interfaces/lib/libexample_ros2_interfaces__rosidl_typesupport_cpp.so" to ""
[3.147s] -- Installing: /home/hzy/ros2/chapt3/chapt3_ws/src/example_ros2_interfaces/install/example_ros2_interfaces/share/example_ros2_interfaces/environment/pythonpath.sh
[3.147s] -- Installing: /home/hzy/ros2/chapt3/chapt3_ws/src/example_ros2_interfaces/install/example_ros2_interfaces/share/example_ros2_interfaces/environment/pythonpath.dsv
[3.147s] -- Installing: /home/hzy/ros2/chapt3/chapt3_ws/src/example_ros2_interfaces/install/example_ros2_interfaces/local/lib/python3.10/dist-packages/example_ros2_interfaces-0.0.0-py3.10.egg-info
[3.147s] -- Installing: /home/hzy/ros2/chapt3/chapt3_ws/src/example_ros2_interfaces/install/example_ros2_interfaces/local/lib/python3.10/dist-packages/example_ros2_interfaces-0.0.0-py3.10.egg-info/PKG-INFO
[3.147s] -- Installing: /home/hzy/ros2/chapt3/chapt3_ws/src/example_ros2_interfaces/install/example_ros2_interfaces/local/lib/python3.10/dist-packages/example_ros2_interfaces-0.0.0-py3.10.egg-info/SOURCES.txt
[3.148s] -- Installing: /home/hzy/ros2/chapt3/chapt3_ws/src/example_ros2_interfaces/install/example_ros2_interfaces/local/lib/python3.10/dist-packages/example_ros2_interfaces-0.0.0-py3.10.egg-info/dependency_links.txt
[3.148s] -- Installing: /home/hzy/ros2/chapt3/chapt3_ws/src/example_ros2_interfaces/install/example_ros2_interfaces/local/lib/python3.10/dist-packages/example_ros2_interfaces-0.0.0-py3.10.egg-info/top_level.txt
[3.148s] -- Installing: /home/hzy/ros2/chapt3/chapt3_ws/src/example_ros2_interfaces/install/example_ros2_interfaces/local/lib/python3.10/dist-packages/example_ros2_interfaces
[3.148s] -- Installing: /home/hzy/ros2/chapt3/chapt3_ws/src/example_ros2_interfaces/install/example_ros2_interfaces/local/lib/python3.10/dist-packages/example_ros2_interfaces/libexample_ros2_interfaces__rosidl_generator_py.so
[3.148s] -- Installing: /home/hzy/ros2/chapt3/chapt3_ws/src/example_ros2_interfaces/install/example_ros2_interfaces/local/lib/python3.10/dist-packages/example_ros2_interfaces/example_ros2_interfaces_s__rosidl_typesupport_fastrtps_c.cpython-310-x86_64-linux-gnu.so
[3.148s] -- Installing: /home/hzy/ros2/chapt3/chapt3_ws/src/example_ros2_interfaces/install/example_ros2_interfaces/local/lib/python3.10/dist-packages/example_ros2_interfaces/_example_ros2_interfaces_s.ep.rosidl_typesupport_fastrtps_c.c
[3.148s] -- Installing: /home/hzy/ros2/chapt3/chapt3_ws/src/example_ros2_interfaces/install/example_ros2_interfaces/local/lib/python3.10/dist-packages/example_ros2_interfaces/_example_ros2_interfaces_s.ep.rosidl_typesupport_introspection_c.c
[3.148s] -- Installing: /home/hzy/ros2/chapt3/chapt3_ws/src/example_ros2_interfaces/install/example_ros2_interfaces/local/lib/python3.10/dist-packages/example_ros2_interfaces/example_ros2_interfaces_s__rosidl_typesupport_introspection_c.cpython-310-x86_64-linux-gnu.so
[3.148s] -- Installing: /home/hzy/ros2/chapt3/chapt3_ws/src/example_ros2_interfaces/install/example_ros2_interfaces/local/lib/python3.10/dist-packages/example_ros2_interfaces/example_ros2_interfaces_s__rosidl_typesupport_c.cpython-310-x86_64-linux-gnu.so
[3.148s] -- Installing: /home/hzy/ros2/chapt3/chapt3_ws/src/example_ros2_interfaces/install/example_ros2_interfaces/local/lib/python3.10/dist-packages/example_ros2_interfaces/__init__.py
[3.148s] -- Installing: /home/hzy/ros2/chapt3/chapt3_ws/src/example_ros2_interfaces/install/example_ros2_interfaces/local/lib/python3.10/dist-packages/example_ros2_interfaces/_example_ros2_interfaces_s.ep.rosidl_typesupport_c.c
[3.148s] -- Installing: /home/hzy/ros2/chapt3/chapt3_ws/src/example_ros2_interfaces/install/example_ros2_interfaces/local/lib/python3.10/dist-packages/example_ros2_interfaces/msg
[3.148s] -- Installing: /home/hzy/ros2/chapt3/chapt3_ws/src/example_ros2_interfaces/install/example_ros2_interfaces/local/lib/python3.10/dist-packages/example_ros2_interfaces/msg/_robot_pose_s.c
[3.148s] -- Installing: /home/hzy/ros2/chapt3/chapt3_ws/src/example_ros2_interfaces/install/example_ros2_interfaces/local/lib/python3.10/dist-packages/example_ros2_interfaces/msg/_robot_status.py
[3.148s] -- Installing: /home/hzy/ros2/chapt3/chapt3_ws/src/example_ros2_interfaces/install/example_ros2_interfaces/local/lib/python3.10/dist-packages/example_ros2_interfaces/msg/_robot_pose.py
[3.148s] -- Installing: /home/hzy/ros2/chapt3/chapt3_ws/src/example_ros2_interfaces/install/example_ros2_interfaces/local/lib/python3.10/dist-packages/example_ros2_interfaces/msg/_robot_status_s.c
[3.148s] -- Installing: /home/hzy/ros2/chapt3/chapt3_ws/src/example_ros2_interfaces/install/example_ros2_interfaces/local/lib/python3.10/dist-packages/example_ros2_interfaces/msg/__init__.py
[3.148s] -- Installing: /home/hzy/ros2/chapt3/chapt3_ws/src/example_ros2_interfaces/install/example_ros2_interfaces/local/lib/python3.10/dist-packages/example_ros2_interfaces/srv
[3.148s] -- Installing: /home/hzy/ros2/chapt3/chapt3_ws/src/example_ros2_interfaces/install/example_ros2_interfaces/local/lib/python3.10/dist-packages/example_ros2_interfaces/srv/_move_robot.py
[3.148s] -- Installing: /home/hzy/ros2/chapt3/chapt3_ws/src/example_ros2_interfaces/install/example_ros2_interfaces/local/lib/python3.10/dist-packages/example_ros2_interfaces/srv/__init__.py
[3.148s] -- Installing: /home/hzy/ros2/chapt3/chapt3_ws/src/example_ros2_interfaces/install/example_ros2_interfaces/local/lib/python3.10/dist-packages/example_ros2_interfaces/srv/_move_robot_s.c
[3.172s] Listing '/home/hzy/ros2/chapt3/chapt3_ws/src/example_ros2_interfaces/install/example_ros2_interfaces/local/lib/python3.10/dist-packages/example_ros2_interfaces'...
[3.172s] Compiling '/home/hzy/ros2/chapt3/chapt3_ws/src/example_ros2_interfaces/install/example_ros2_interfaces/local/lib/python3.10/dist-packages/example_ros2_interfaces/__init__.py'...
[3.173s] Listing '/home/hzy/ros2/chapt3/chapt3_ws/src/example_ros2_interfaces/install/example_ros2_interfaces/local/lib/python3.10/dist-packages/example_ros2_interfaces/msg'...
[3.173s] Compiling '/home/hzy/ros2/chapt3/chapt3_ws/src/example_ros2_interfaces/install/example_ros2_interfaces/local/lib/python3.10/dist-packages/example_ros2_interfaces/msg/__init__.py'...
[3.173s] Compiling '/home/hzy/ros2/chapt3/chapt3_ws/src/example_ros2_interfaces/install/example_ros2_interfaces/local/lib/python3.10/dist-packages/example_ros2_interfaces/msg/_robot_pose.py'...
[3.173s] Compiling '/home/hzy/ros2/chapt3/chapt3_ws/src/example_ros2_interfaces/install/example_ros2_interfaces/local/lib/python3.10/dist-packages/example_ros2_interfaces/msg/_robot_status.py'...
[3.173s] Listing '/home/hzy/ros2/chapt3/chapt3_ws/src/example_ros2_interfaces/install/example_ros2_interfaces/local/lib/python3.10/dist-packages/example_ros2_interfaces/srv'...
[3.173s] Compiling '/home/hzy/ros2/chapt3/chapt3_ws/src/example_ros2_interfaces/install/example_ros2_interfaces/local/lib/python3.10/dist-packages/example_ros2_interfaces/srv/__init__.py'...
[3.173s] Compiling '/home/hzy/ros2/chapt3/chapt3_ws/src/example_ros2_interfaces/install/example_ros2_interfaces/local/lib/python3.10/dist-packages/example_ros2_interfaces/srv/_move_robot.py'...
[3.176s] -- Installing: /home/hzy/ros2/chapt3/chapt3_ws/src/example_ros2_interfaces/install/example_ros2_interfaces/local/lib/python3.10/dist-packages/example_ros2_interfaces/example_ros2_interfaces_s__rosidl_typesupport_fastrtps_c.cpython-310-x86_64-linux-gnu.so
[3.176s] -- Set runtime path of "/home/hzy/ros2/chapt3/chapt3_ws/src/example_ros2_interfaces/install/example_ros2_interfaces/local/lib/python3.10/dist-packages/example_ros2_interfaces/example_ros2_interfaces_s__rosidl_typesupport_fastrtps_c.cpython-310-x86_64-linux-gnu.so" to ""
[3.176s] -- Installing: /home/hzy/ros2/chapt3/chapt3_ws/src/example_ros2_interfaces/install/example_ros2_interfaces/local/lib/python3.10/dist-packages/example_ros2_interfaces/example_ros2_interfaces_s__rosidl_typesupport_introspection_c.cpython-310-x86_64-linux-gnu.so
[3.176s] -- Set runtime path of "/home/hzy/ros2/chapt3/chapt3_ws/src/example_ros2_interfaces/install/example_ros2_interfaces/local/lib/python3.10/dist-packages/example_ros2_interfaces/example_ros2_interfaces_s__rosidl_typesupport_introspection_c.cpython-310-x86_64-linux-gnu.so" to ""
[3.176s] -- Installing: /home/hzy/ros2/chapt3/chapt3_ws/src/example_ros2_interfaces/install/example_ros2_interfaces/local/lib/python3.10/dist-packages/example_ros2_interfaces/example_ros2_interfaces_s__rosidl_typesupport_c.cpython-310-x86_64-linux-gnu.so
[3.176s] -- Set runtime path of "/home/hzy/ros2/chapt3/chapt3_ws/src/example_ros2_interfaces/install/example_ros2_interfaces/local/lib/python3.10/dist-packages/example_ros2_interfaces/example_ros2_interfaces_s__rosidl_typesupport_c.cpython-310-x86_64-linux-gnu.so" to ""
[3.176s] -- Installing: /home/hzy/ros2/chapt3/chapt3_ws/src/example_ros2_interfaces/install/example_ros2_interfaces/lib/libexample_ros2_interfaces__rosidl_generator_py.so
[3.176s] -- Set runtime path of "/home/hzy/ros2/chapt3/chapt3_ws/src/example_ros2_interfaces/install/example_ros2_interfaces/lib/libexample_ros2_interfaces__rosidl_generator_py.so" to ""
[3.176s] -- Installing: /home/hzy/ros2/chapt3/chapt3_ws/src/example_ros2_interfaces/install/example_ros2_interfaces/share/example_ros2_interfaces/msg/RobotPose.idl
[3.176s] -- Installing: /home/hzy/ros2/chapt3/chapt3_ws/src/example_ros2_interfaces/install/example_ros2_interfaces/share/example_ros2_interfaces/msg/RobotStatus.idl
[3.176s] -- Installing: /home/hzy/ros2/chapt3/chapt3_ws/src/example_ros2_interfaces/install/example_ros2_interfaces/share/example_ros2_interfaces/srv/MoveRobot.idl
[3.176s] -- Installing: /home/hzy/ros2/chapt3/chapt3_ws/src/example_ros2_interfaces/install/example_ros2_interfaces/share/example_ros2_interfaces/msg/RobotPose.msg
[3.176s] -- Installing: /home/hzy/ros2/chapt3/chapt3_ws/src/example_ros2_interfaces/install/example_ros2_interfaces/share/example_ros2_interfaces/msg/RobotStatus.msg
[3.176s] -- Installing: /home/hzy/ros2/chapt3/chapt3_ws/src/example_ros2_interfaces/install/example_ros2_interfaces/share/example_ros2_interfaces/srv/MoveRobot.srv
[3.176s] -- Installing: /home/hzy/ros2/chapt3/chapt3_ws/src/example_ros2_interfaces/install/example_ros2_interfaces/share/example_ros2_interfaces/srv/MoveRobot_Request.msg
[3.177s] -- Installing: /home/hzy/ros2/chapt3/chapt3_ws/src/example_ros2_interfaces/install/example_ros2_interfaces/share/example_ros2_interfaces/srv/MoveRobot_Response.msg
[3.177s] -- Installing: /home/hzy/ros2/chapt3/chapt3_ws/src/example_ros2_interfaces/install/example_ros2_interfaces/share/ament_index/resource_index/package_run_dependencies/example_ros2_interfaces
[3.177s] -- Installing: /home/hzy/ros2/chapt3/chapt3_ws/src/example_ros2_interfaces/install/example_ros2_interfaces/share/ament_index/resource_index/parent_prefix_path/example_ros2_interfaces
[3.177s] -- Installing: /home/hzy/ros2/chapt3/chapt3_ws/src/example_ros2_interfaces/install/example_ros2_interfaces/share/example_ros2_interfaces/environment/ament_prefix_path.sh
[3.177s] -- Installing: /home/hzy/ros2/chapt3/chapt3_ws/src/example_ros2_interfaces/install/example_ros2_interfaces/share/example_ros2_interfaces/environment/ament_prefix_path.dsv
[3.177s] -- Installing: /home/hzy/ros2/chapt3/chapt3_ws/src/example_ros2_interfaces/install/example_ros2_interfaces/share/example_ros2_interfaces/environment/path.sh
[3.177s] -- Installing: /home/hzy/ros2/chapt3/chapt3_ws/src/example_ros2_interfaces/install/example_ros2_interfaces/share/example_ros2_interfaces/environment/path.dsv
[3.177s] -- Installing: /home/hzy/ros2/chapt3/chapt3_ws/src/example_ros2_interfaces/install/example_ros2_interfaces/share/example_ros2_interfaces/local_setup.bash
[3.177s] -- Installing: /home/hzy/ros2/chapt3/chapt3_ws/src/example_ros2_interfaces/install/example_ros2_interfaces/share/example_ros2_interfaces/local_setup.sh
[3.177s] -- Installing: /home/hzy/ros2/chapt3/chapt3_ws/src/example_ros2_interfaces/install/example_ros2_interfaces/share/example_ros2_interfaces/local_setup.zsh
[3.177s] -- Installing: /home/hzy/ros2/chapt3/chapt3_ws/src/example_ros2_interfaces/install/example_ros2_interfaces/share/example_ros2_interfaces/local_setup.dsv
[3.177s] -- Installing: /home/hzy/ros2/chapt3/chapt3_ws/src/example_ros2_interfaces/install/example_ros2_interfaces/share/example_ros2_interfaces/package.dsv
[3.177s] -- Installing: /home/hzy/ros2/chapt3/chapt3_ws/src/example_ros2_interfaces/install/example_ros2_interfaces/share/ament_index/resource_index/packages/example_ros2_interfaces
[3.177s] -- Installing: /home/hzy/ros2/chapt3/chapt3_ws/src/example_ros2_interfaces/install/example_ros2_interfaces/share/example_ros2_interfaces/cmake/export_example_ros2_interfaces__rosidl_generator_cExport.cmake
[3.177s] -- Installing: /home/hzy/ros2/chapt3/chapt3_ws/src/example_ros2_interfaces/install/example_ros2_interfaces/share/example_ros2_interfaces/cmake/export_example_ros2_interfaces__rosidl_generator_cExport-noconfig.cmake
[3.177s] -- Installing: /home/hzy/ros2/chapt3/chapt3_ws/src/example_ros2_interfaces/install/example_ros2_interfaces/share/example_ros2_interfaces/cmake/export_example_ros2_interfaces__rosidl_typesupport_fastrtps_cExport.cmake
[3.177s] -- Installing: /home/hzy/ros2/chapt3/chapt3_ws/src/example_ros2_interfaces/install/example_ros2_interfaces/share/example_ros2_interfaces/cmake/export_example_ros2_interfaces__rosidl_typesupport_fastrtps_cExport-noconfig.cmake
[3.177s] -- Installing: /home/hzy/ros2/chapt3/chapt3_ws/src/example_ros2_interfaces/install/example_ros2_interfaces/share/example_ros2_interfaces/cmake/example_ros2_interfaces__rosidl_typesupport_introspection_cExport.cmake
[3.177s] -- Installing: /home/hzy/ros2/chapt3/chapt3_ws/src/example_ros2_interfaces/install/example_ros2_interfaces/share/example_ros2_interfaces/cmake/example_ros2_interfaces__rosidl_typesupport_introspection_cExport-noconfig.cmake
[3.177s] -- Installing: /home/hzy/ros2/chapt3/chapt3_ws/src/example_ros2_interfaces/install/example_ros2_interfaces/share/example_ros2_interfaces/cmake/example_ros2_interfaces__rosidl_typesupport_cExport.cmake
[3.178s] -- Installing: /home/hzy/ros2/chapt3/chapt3_ws/src/example_ros2_interfaces/install/example_ros2_interfaces/share/example_ros2_interfaces/cmake/example_ros2_interfaces__rosidl_typesupport_cExport-noconfig.cmake
[3.178s] -- Installing: /home/hzy/ros2/chapt3/chapt3_ws/src/example_ros2_interfaces/install/example_ros2_interfaces/share/example_ros2_interfaces/cmake/export_example_ros2_interfaces__rosidl_generator_cppExport.cmake
[3.178s] -- Installing: /home/hzy/ros2/chapt3/chapt3_ws/src/example_ros2_interfaces/install/example_ros2_interfaces/share/example_ros2_interfaces/cmake/export_example_ros2_interfaces__rosidl_typesupport_fastrtps_cppExport.cmake
[3.178s] -- Installing: /home/hzy/ros2/chapt3/chapt3_ws/src/example_ros2_interfaces/install/example_ros2_interfaces/share/example_ros2_interfaces/cmake/export_example_ros2_interfaces__rosidl_typesupport_fastrtps_cppExport-noconfig.cmake
[3.178s] -- Installing: /home/hzy/ros2/chapt3/chapt3_ws/src/example_ros2_interfaces/install/example_ros2_interfaces/share/example_ros2_interfaces/cmake/example_ros2_interfaces__rosidl_typesupport_introspection_cppExport.cmake
[3.178s] -- Installing: /home/hzy/ros2/chapt3/chapt3_ws/src/example_ros2_interfaces/install/example_ros2_interfaces/share/example_ros2_interfaces/cmake/example_ros2_interfaces__rosidl_typesupport_introspection_cppExport-noconfig.cmake
[3.178s] -- Installing: /home/hzy/ros2/chapt3/chapt3_ws/src/example_ros2_interfaces/install/example_ros2_interfaces/share/example_ros2_interfaces/cmake/example_ros2_interfaces__rosidl_typesupport_cppExport.cmake
[3.178s] -- Installing: /home/hzy/ros2/chapt3/chapt3_ws/src/example_ros2_interfaces/install/example_ros2_interfaces/share/example_ros2_interfaces/cmake/example_ros2_interfaces__rosidl_typesupport_cppExport-noconfig.cmake
[3.178s] -- Installing: /home/hzy/ros2/chapt3/chapt3_ws/src/example_ros2_interfaces/install/example_ros2_interfaces/share/example_ros2_interfaces/cmake/export_example_ros2_interfaces__rosidl_generator_pyExport.cmake
[3.178s] -- Installing: /home/hzy/ros2/chapt3/chapt3_ws/src/example_ros2_interfaces/install/example_ros2_interfaces/share/example_ros2_interfaces/cmake/export_example_ros2_interfaces__rosidl_generator_pyExport-noconfig.cmake
[3.178s] -- Installing: /home/hzy/ros2/chapt3/chapt3_ws/src/example_ros2_interfaces/install/example_ros2_interfaces/share/example_ros2_interfaces/cmake/rosidl_cmake-extras.cmake
[3.178s] -- Installing: /home/hzy/ros2/chapt3/chapt3_ws/src/example_ros2_interfaces/install/example_ros2_interfaces/share/example_ros2_interfaces/cmake/ament_cmake_export_dependencies-extras.cmake
[3.178s] -- Installing: /home/hzy/ros2/chapt3/chapt3_ws/src/example_ros2_interfaces/install/example_ros2_interfaces/share/example_ros2_interfaces/cmake/ament_cmake_export_include_directories-extras.cmake
[3.178s] -- Installing: /home/hzy/ros2/chapt3/chapt3_ws/src/example_ros2_interfaces/install/example_ros2_interfaces/share/example_ros2_interfaces/cmake/ament_cmake_export_libraries-extras.cmake
[3.178s] -- Installing: /home/hzy/ros2/chapt3/chapt3_ws/src/example_ros2_interfaces/install/example_ros2_interfaces/share/example_ros2_interfaces/cmake/ament_cmake_export_targets-extras.cmake
[3.178s] -- Installing: /home/hzy/ros2/chapt3/chapt3_ws/src/example_ros2_interfaces/install/example_ros2_interfaces/share/example_ros2_interfaces/cmake/rosidl_cmake_export_typesupport_targets-extras.cmake
[3.178s] -- Installing: /home/hzy/ros2/chapt3/chapt3_ws/src/example_ros2_interfaces/install/example_ros2_interfaces/share/example_ros2_interfaces/cmake/rosidl_cmake_export_typesupport_libraries-extras.cmake
[3.179s] -- Installing: /home/hzy/ros2/chapt3/chapt3_ws/src/example_ros2_interfaces/install/example_ros2_interfaces/share/example_ros2_interfaces/cmake/example_ros2_interfacesConfig.cmake
[3.179s] -- Installing: /home/hzy/ros2/chapt3/chapt3_ws/src/example_ros2_interfaces/install/example_ros2_interfaces/share/example_ros2_interfaces/cmake/example_ros2_interfacesConfig-version.cmake
[3.179s] -- Installing: /home/hzy/ros2/chapt3/chapt3_ws/src/example_ros2_interfaces/install/example_ros2_interfaces/share/example_ros2_interfaces/package.xml
[3.180s] Invoked command in '/home/hzy/ros2/chapt3/chapt3_ws/src/example_ros2_interfaces/build/example_ros2_interfaces' returned '0': CMAKE_PREFIX_PATH=/opt/ros/humble /usr/bin/cmake --install /home/hzy/ros2/chapt3/chapt3_ws/src/example_ros2_interfaces/build/example_ros2_interfaces
