[0.066s] DEBUG:colcon:Command line arguments: ['/usr/bin/colcon', 'build', '--packages-select', 'example_ros2_interfaces']
[0.067s] DEBUG:colcon:Parsed command line arguments: Namespace(log_base=None, log_level=None, verb_name='build', build_base='build', install_base='install', merge_install=False, symlink_install=False, test_result_base=None, continue_on_error=False, executor='parallel', parallel_workers=28, event_handlers=None, ignore_user_meta=False, metas=['./colcon.meta'], base_paths=['.'], packages_ignore=None, packages_ignore_regex=None, paths=None, packages_up_to=None, packages_up_to_regex=None, packages_above=None, packages_above_and_dependencies=None, packages_above_depth=None, packages_select_by_dep=None, packages_skip_by_dep=None, packages_skip_up_to=None, packages_select_build_failed=False, packages_skip_build_finished=False, packages_select_test_failures=False, packages_skip_test_passed=False, packages_select=['example_ros2_interfaces'], packages_skip=None, packages_select_regex=None, packages_skip_regex=None, packages_start=None, packages_end=None, allow_overriding=[], cmake_args=None, cmake_target=None, cmake_target_skip_unavailable=False, cmake_clean_cache=False, cmake_clean_first=False, cmake_force_configure=False, ament_cmake_args=None, catkin_cmake_args=None, catkin_skip_building_tests=False, verb_parser=<colcon_defaults.argument_parser.defaults.DefaultArgumentsDecorator object at 0x7c92c7b0f460>, verb_extension=<colcon_core.verb.build.BuildVerb object at 0x7c92c7c74910>, main=<bound method BuildVerb.main of <colcon_core.verb.build.BuildVerb object at 0x7c92c7c74910>>)
[0.158s] Level 1:colcon.colcon_core.package_discovery:discover_packages(colcon_meta) check parameters
[0.158s] Level 1:colcon.colcon_core.package_discovery:discover_packages(recursive) check parameters
[0.158s] Level 1:colcon.colcon_core.package_discovery:discover_packages(ignore) check parameters
[0.158s] Level 1:colcon.colcon_core.package_discovery:discover_packages(path) check parameters
[0.158s] Level 1:colcon.colcon_core.package_discovery:discover_packages(colcon_meta) discover
[0.159s] Level 1:colcon.colcon_core.package_discovery:discover_packages(recursive) discover
[0.159s] INFO:colcon.colcon_core.package_discovery:Crawling recursively for packages in '/home/hzy/ros2/chapt3/chapt3_ws/src/example_ros2_interfaces'
[0.159s] Level 1:colcon.colcon_core.package_identification:_identify(.) by extensions ['ignore', 'ignore_ament_install']
[0.159s] Level 1:colcon.colcon_core.package_identification:_identify(.) by extension 'ignore'
[0.159s] Level 1:colcon.colcon_core.package_identification:_identify(.) by extension 'ignore_ament_install'
[0.159s] Level 1:colcon.colcon_core.package_identification:_identify(.) by extensions ['colcon_pkg']
[0.159s] Level 1:colcon.colcon_core.package_identification:_identify(.) by extension 'colcon_pkg'
[0.159s] Level 1:colcon.colcon_core.package_identification:_identify(.) by extensions ['colcon_meta']
[0.159s] Level 1:colcon.colcon_core.package_identification:_identify(.) by extension 'colcon_meta'
[0.159s] Level 1:colcon.colcon_core.package_identification:_identify(.) by extensions ['ros']
[0.159s] Level 1:colcon.colcon_core.package_identification:_identify(.) by extension 'ros'
[0.168s] DEBUG:colcon.colcon_core.package_identification:Package '.' with type 'ros.ament_cmake' and name 'example_ros2_interfaces'
[0.168s] Level 1:colcon.colcon_core.package_discovery:discover_packages(recursive) using defaults
[0.168s] Level 1:colcon.colcon_core.package_discovery:discover_packages(ignore) discover
[0.168s] Level 1:colcon.colcon_core.package_discovery:discover_packages(ignore) using defaults
[0.168s] Level 1:colcon.colcon_core.package_discovery:discover_packages(path) discover
[0.168s] Level 1:colcon.colcon_core.package_discovery:discover_packages(path) using defaults
[0.180s] Level 1:colcon.colcon_core.package_discovery:discover_packages(prefix_path) check parameters
[0.180s] Level 1:colcon.colcon_core.package_discovery:discover_packages(prefix_path) discover
[0.181s] DEBUG:colcon.colcon_installed_package_information.package_discovery:Found 271 installed packages in /opt/ros/humble
[0.182s] Level 1:colcon.colcon_core.package_discovery:discover_packages(prefix_path) using defaults
[0.208s] Level 5:colcon.colcon_core.verb:set package 'example_ros2_interfaces' build argument 'cmake_args' from command line to 'None'
[0.209s] Level 5:colcon.colcon_core.verb:set package 'example_ros2_interfaces' build argument 'cmake_target' from command line to 'None'
[0.209s] Level 5:colcon.colcon_core.verb:set package 'example_ros2_interfaces' build argument 'cmake_target_skip_unavailable' from command line to 'False'
[0.209s] Level 5:colcon.colcon_core.verb:set package 'example_ros2_interfaces' build argument 'cmake_clean_cache' from command line to 'False'
[0.209s] Level 5:colcon.colcon_core.verb:set package 'example_ros2_interfaces' build argument 'cmake_clean_first' from command line to 'False'
[0.209s] Level 5:colcon.colcon_core.verb:set package 'example_ros2_interfaces' build argument 'cmake_force_configure' from command line to 'False'
[0.209s] Level 5:colcon.colcon_core.verb:set package 'example_ros2_interfaces' build argument 'ament_cmake_args' from command line to 'None'
[0.209s] Level 5:colcon.colcon_core.verb:set package 'example_ros2_interfaces' build argument 'catkin_cmake_args' from command line to 'None'
[0.209s] Level 5:colcon.colcon_core.verb:set package 'example_ros2_interfaces' build argument 'catkin_skip_building_tests' from command line to 'False'
[0.209s] DEBUG:colcon.colcon_core.verb:Building package 'example_ros2_interfaces' with the following arguments: {'ament_cmake_args': None, 'build_base': '/home/hzy/ros2/chapt3/chapt3_ws/src/example_ros2_interfaces/build/example_ros2_interfaces', 'catkin_cmake_args': None, 'catkin_skip_building_tests': False, 'cmake_args': None, 'cmake_clean_cache': False, 'cmake_clean_first': False, 'cmake_force_configure': False, 'cmake_target': None, 'cmake_target_skip_unavailable': False, 'install_base': '/home/hzy/ros2/chapt3/chapt3_ws/src/example_ros2_interfaces/install/example_ros2_interfaces', 'merge_install': False, 'path': '/home/hzy/ros2/chapt3/chapt3_ws/src/example_ros2_interfaces', 'symlink_install': False, 'test_result_base': None}
[0.209s] INFO:colcon.colcon_core.executor:Executing jobs using 'parallel' executor
[0.210s] DEBUG:colcon.colcon_parallel_executor.executor.parallel:run_until_complete
[0.210s] INFO:colcon.colcon_ros.task.ament_cmake.build:Building ROS package in '/home/hzy/ros2/chapt3/chapt3_ws/src/example_ros2_interfaces' with build type 'ament_cmake'
[0.210s] INFO:colcon.colcon_cmake.task.cmake.build:Building CMake package in '/home/hzy/ros2/chapt3/chapt3_ws/src/example_ros2_interfaces'
[0.211s] INFO:colcon.colcon_core.plugin_system:Skipping extension 'colcon_core.shell.bat': Not used on non-Windows systems
[0.211s] INFO:colcon.colcon_core.shell:Skip shell extension 'powershell' for command environment: Not usable outside of PowerShell
[0.211s] DEBUG:colcon.colcon_core.shell:Skip shell extension 'dsv' for command environment
[0.217s] DEBUG:colcon.colcon_core.event_handler.log_command:Invoking command in '/home/hzy/ros2/chapt3/chapt3_ws/src/example_ros2_interfaces/build/example_ros2_interfaces': CMAKE_PREFIX_PATH=/opt/ros/humble /usr/bin/cmake /home/hzy/ros2/chapt3/chapt3_ws/src/example_ros2_interfaces -DCMAKE_INSTALL_PREFIX=/home/hzy/ros2/chapt3/chapt3_ws/src/example_ros2_interfaces/install/example_ros2_interfaces
[1.696s] DEBUG:colcon.colcon_core.event_handler.log_command:Invoked command in '/home/hzy/ros2/chapt3/chapt3_ws/src/example_ros2_interfaces/build/example_ros2_interfaces' returned '0': CMAKE_PREFIX_PATH=/opt/ros/humble /usr/bin/cmake /home/hzy/ros2/chapt3/chapt3_ws/src/example_ros2_interfaces -DCMAKE_INSTALL_PREFIX=/home/hzy/ros2/chapt3/chapt3_ws/src/example_ros2_interfaces/install/example_ros2_interfaces
[1.696s] DEBUG:colcon.colcon_core.event_handler.log_command:Invoking command in '/home/hzy/ros2/chapt3/chapt3_ws/src/example_ros2_interfaces/build/example_ros2_interfaces': CMAKE_PREFIX_PATH=/opt/ros/humble /usr/bin/cmake --build /home/hzy/ros2/chapt3/chapt3_ws/src/example_ros2_interfaces/build/example_ros2_interfaces -- -j28 -l28
[3.321s] DEBUG:colcon.colcon_core.event_handler.log_command:Invoked command in '/home/hzy/ros2/chapt3/chapt3_ws/src/example_ros2_interfaces/build/example_ros2_interfaces' returned '0': CMAKE_PREFIX_PATH=/opt/ros/humble /usr/bin/cmake --build /home/hzy/ros2/chapt3/chapt3_ws/src/example_ros2_interfaces/build/example_ros2_interfaces -- -j28 -l28
[3.338s] DEBUG:colcon.colcon_core.event_handler.log_command:Invoking command in '/home/hzy/ros2/chapt3/chapt3_ws/src/example_ros2_interfaces/build/example_ros2_interfaces': CMAKE_PREFIX_PATH=/opt/ros/humble /usr/bin/cmake --install /home/hzy/ros2/chapt3/chapt3_ws/src/example_ros2_interfaces/build/example_ros2_interfaces
[3.390s] Level 1:colcon.colcon_core.environment:create_environment_scripts_only(example_ros2_interfaces)
[3.390s] DEBUG:colcon.colcon_core.event_handler.log_command:Invoked command in '/home/hzy/ros2/chapt3/chapt3_ws/src/example_ros2_interfaces/build/example_ros2_interfaces' returned '0': CMAKE_PREFIX_PATH=/opt/ros/humble /usr/bin/cmake --install /home/hzy/ros2/chapt3/chapt3_ws/src/example_ros2_interfaces/build/example_ros2_interfaces
[3.392s] Level 1:colcon.colcon_core.environment:checking '/home/hzy/ros2/chapt3/chapt3_ws/src/example_ros2_interfaces/install/example_ros2_interfaces' for CMake module files
[3.393s] Level 1:colcon.colcon_core.environment:checking '/home/hzy/ros2/chapt3/chapt3_ws/src/example_ros2_interfaces/install/example_ros2_interfaces' for CMake config files
[3.393s] Level 1:colcon.colcon_core.shell:create_environment_hook('example_ros2_interfaces', 'cmake_prefix_path')
[3.393s] INFO:colcon.colcon_core.shell:Creating environment hook '/home/hzy/ros2/chapt3/chapt3_ws/src/example_ros2_interfaces/install/example_ros2_interfaces/share/example_ros2_interfaces/hook/cmake_prefix_path.ps1'
[3.394s] INFO:colcon.colcon_core.shell:Creating environment descriptor '/home/hzy/ros2/chapt3/chapt3_ws/src/example_ros2_interfaces/install/example_ros2_interfaces/share/example_ros2_interfaces/hook/cmake_prefix_path.dsv'
[3.394s] INFO:colcon.colcon_core.shell:Creating environment hook '/home/hzy/ros2/chapt3/chapt3_ws/src/example_ros2_interfaces/install/example_ros2_interfaces/share/example_ros2_interfaces/hook/cmake_prefix_path.sh'
[3.394s] Level 1:colcon.colcon_core.environment:checking '/home/hzy/ros2/chapt3/chapt3_ws/src/example_ros2_interfaces/install/example_ros2_interfaces/lib'
[3.394s] Level 1:colcon.colcon_core.shell:create_environment_hook('example_ros2_interfaces', 'ld_library_path_lib')
[3.394s] INFO:colcon.colcon_core.shell:Creating environment hook '/home/hzy/ros2/chapt3/chapt3_ws/src/example_ros2_interfaces/install/example_ros2_interfaces/share/example_ros2_interfaces/hook/ld_library_path_lib.ps1'
[3.395s] INFO:colcon.colcon_core.shell:Creating environment descriptor '/home/hzy/ros2/chapt3/chapt3_ws/src/example_ros2_interfaces/install/example_ros2_interfaces/share/example_ros2_interfaces/hook/ld_library_path_lib.dsv'
[3.395s] INFO:colcon.colcon_core.shell:Creating environment hook '/home/hzy/ros2/chapt3/chapt3_ws/src/example_ros2_interfaces/install/example_ros2_interfaces/share/example_ros2_interfaces/hook/ld_library_path_lib.sh'
[3.395s] Level 1:colcon.colcon_core.environment:checking '/home/hzy/ros2/chapt3/chapt3_ws/src/example_ros2_interfaces/install/example_ros2_interfaces/bin'
[3.395s] Level 1:colcon.colcon_core.environment:checking '/home/hzy/ros2/chapt3/chapt3_ws/src/example_ros2_interfaces/install/example_ros2_interfaces/lib/pkgconfig/example_ros2_interfaces.pc'
[3.395s] Level 1:colcon.colcon_core.environment:checking '/home/hzy/ros2/chapt3/chapt3_ws/src/example_ros2_interfaces/install/example_ros2_interfaces/lib/python3.10/site-packages'
[3.395s] Level 1:colcon.colcon_core.environment:checking '/home/hzy/ros2/chapt3/chapt3_ws/src/example_ros2_interfaces/install/example_ros2_interfaces/bin'
[3.395s] INFO:colcon.colcon_core.shell:Creating package script '/home/hzy/ros2/chapt3/chapt3_ws/src/example_ros2_interfaces/install/example_ros2_interfaces/share/example_ros2_interfaces/package.ps1'
[3.396s] INFO:colcon.colcon_core.shell:Creating package descriptor '/home/hzy/ros2/chapt3/chapt3_ws/src/example_ros2_interfaces/install/example_ros2_interfaces/share/example_ros2_interfaces/package.dsv'
[3.396s] INFO:colcon.colcon_core.shell:Creating package script '/home/hzy/ros2/chapt3/chapt3_ws/src/example_ros2_interfaces/install/example_ros2_interfaces/share/example_ros2_interfaces/package.sh'
[3.397s] INFO:colcon.colcon_core.shell:Creating package script '/home/hzy/ros2/chapt3/chapt3_ws/src/example_ros2_interfaces/install/example_ros2_interfaces/share/example_ros2_interfaces/package.bash'
[3.397s] INFO:colcon.colcon_core.shell:Creating package script '/home/hzy/ros2/chapt3/chapt3_ws/src/example_ros2_interfaces/install/example_ros2_interfaces/share/example_ros2_interfaces/package.zsh'
[3.397s] Level 1:colcon.colcon_core.environment:create_file_with_runtime_dependencies(/home/hzy/ros2/chapt3/chapt3_ws/src/example_ros2_interfaces/install/example_ros2_interfaces/share/colcon-core/packages/example_ros2_interfaces)
[3.398s] Level 1:colcon.colcon_core.environment:create_environment_scripts_only(example_ros2_interfaces)
[3.398s] Level 1:colcon.colcon_core.environment:checking '/home/hzy/ros2/chapt3/chapt3_ws/src/example_ros2_interfaces/install/example_ros2_interfaces' for CMake module files
[3.398s] Level 1:colcon.colcon_core.environment:checking '/home/hzy/ros2/chapt3/chapt3_ws/src/example_ros2_interfaces/install/example_ros2_interfaces' for CMake config files
[3.398s] Level 1:colcon.colcon_core.shell:create_environment_hook('example_ros2_interfaces', 'cmake_prefix_path')
[3.398s] INFO:colcon.colcon_core.shell:Creating environment hook '/home/hzy/ros2/chapt3/chapt3_ws/src/example_ros2_interfaces/install/example_ros2_interfaces/share/example_ros2_interfaces/hook/cmake_prefix_path.ps1'
[3.399s] INFO:colcon.colcon_core.shell:Creating environment descriptor '/home/hzy/ros2/chapt3/chapt3_ws/src/example_ros2_interfaces/install/example_ros2_interfaces/share/example_ros2_interfaces/hook/cmake_prefix_path.dsv'
[3.399s] INFO:colcon.colcon_core.shell:Creating environment hook '/home/hzy/ros2/chapt3/chapt3_ws/src/example_ros2_interfaces/install/example_ros2_interfaces/share/example_ros2_interfaces/hook/cmake_prefix_path.sh'
[3.399s] Level 1:colcon.colcon_core.environment:checking '/home/hzy/ros2/chapt3/chapt3_ws/src/example_ros2_interfaces/install/example_ros2_interfaces/lib'
[3.399s] Level 1:colcon.colcon_core.shell:create_environment_hook('example_ros2_interfaces', 'ld_library_path_lib')
[3.399s] INFO:colcon.colcon_core.shell:Creating environment hook '/home/hzy/ros2/chapt3/chapt3_ws/src/example_ros2_interfaces/install/example_ros2_interfaces/share/example_ros2_interfaces/hook/ld_library_path_lib.ps1'
[3.399s] INFO:colcon.colcon_core.shell:Creating environment descriptor '/home/hzy/ros2/chapt3/chapt3_ws/src/example_ros2_interfaces/install/example_ros2_interfaces/share/example_ros2_interfaces/hook/ld_library_path_lib.dsv'
[3.400s] INFO:colcon.colcon_core.shell:Creating environment hook '/home/hzy/ros2/chapt3/chapt3_ws/src/example_ros2_interfaces/install/example_ros2_interfaces/share/example_ros2_interfaces/hook/ld_library_path_lib.sh'
[3.400s] Level 1:colcon.colcon_core.environment:checking '/home/hzy/ros2/chapt3/chapt3_ws/src/example_ros2_interfaces/install/example_ros2_interfaces/bin'
[3.400s] Level 1:colcon.colcon_core.environment:checking '/home/hzy/ros2/chapt3/chapt3_ws/src/example_ros2_interfaces/install/example_ros2_interfaces/lib/pkgconfig/example_ros2_interfaces.pc'
[3.400s] Level 1:colcon.colcon_core.environment:checking '/home/hzy/ros2/chapt3/chapt3_ws/src/example_ros2_interfaces/install/example_ros2_interfaces/lib/python3.10/site-packages'
[3.400s] Level 1:colcon.colcon_core.environment:checking '/home/hzy/ros2/chapt3/chapt3_ws/src/example_ros2_interfaces/install/example_ros2_interfaces/bin'
[3.400s] INFO:colcon.colcon_core.shell:Creating package script '/home/hzy/ros2/chapt3/chapt3_ws/src/example_ros2_interfaces/install/example_ros2_interfaces/share/example_ros2_interfaces/package.ps1'
[3.401s] INFO:colcon.colcon_core.shell:Creating package descriptor '/home/hzy/ros2/chapt3/chapt3_ws/src/example_ros2_interfaces/install/example_ros2_interfaces/share/example_ros2_interfaces/package.dsv'
[3.401s] INFO:colcon.colcon_core.shell:Creating package script '/home/hzy/ros2/chapt3/chapt3_ws/src/example_ros2_interfaces/install/example_ros2_interfaces/share/example_ros2_interfaces/package.sh'
[3.401s] INFO:colcon.colcon_core.shell:Creating package script '/home/hzy/ros2/chapt3/chapt3_ws/src/example_ros2_interfaces/install/example_ros2_interfaces/share/example_ros2_interfaces/package.bash'
[3.401s] INFO:colcon.colcon_core.shell:Creating package script '/home/hzy/ros2/chapt3/chapt3_ws/src/example_ros2_interfaces/install/example_ros2_interfaces/share/example_ros2_interfaces/package.zsh'
[3.402s] Level 1:colcon.colcon_core.environment:create_file_with_runtime_dependencies(/home/hzy/ros2/chapt3/chapt3_ws/src/example_ros2_interfaces/install/example_ros2_interfaces/share/colcon-core/packages/example_ros2_interfaces)
[3.402s] DEBUG:colcon.colcon_parallel_executor.executor.parallel:closing loop
[3.402s] DEBUG:colcon.colcon_parallel_executor.executor.parallel:loop closed
[3.402s] DEBUG:colcon.colcon_parallel_executor.executor.parallel:run_until_complete finished with '0'
[3.402s] DEBUG:colcon.colcon_core.event_reactor:joining thread
[3.405s] INFO:colcon.colcon_core.plugin_system:Skipping extension 'colcon_notification.desktop_notification.terminal_notifier': Not used on non-Darwin systems
[3.405s] INFO:colcon.colcon_core.plugin_system:Skipping extension 'colcon_notification.desktop_notification.win32': Not used on non-Windows systems
[3.405s] INFO:colcon.colcon_notification.desktop_notification:Sending desktop notification using 'notify2'
[3.417s] DEBUG:colcon.colcon_core.event_reactor:joined thread
[3.418s] INFO:colcon.colcon_core.shell:Creating prefix script '/home/hzy/ros2/chapt3/chapt3_ws/src/example_ros2_interfaces/install/local_setup.ps1'
[3.419s] INFO:colcon.colcon_core.shell:Creating prefix util module '/home/hzy/ros2/chapt3/chapt3_ws/src/example_ros2_interfaces/install/_local_setup_util_ps1.py'
[3.420s] INFO:colcon.colcon_core.shell:Creating prefix chain script '/home/hzy/ros2/chapt3/chapt3_ws/src/example_ros2_interfaces/install/setup.ps1'
[3.421s] INFO:colcon.colcon_core.shell:Creating prefix script '/home/hzy/ros2/chapt3/chapt3_ws/src/example_ros2_interfaces/install/local_setup.sh'
[3.421s] INFO:colcon.colcon_core.shell:Creating prefix util module '/home/hzy/ros2/chapt3/chapt3_ws/src/example_ros2_interfaces/install/_local_setup_util_sh.py'
[3.422s] INFO:colcon.colcon_core.shell:Creating prefix chain script '/home/hzy/ros2/chapt3/chapt3_ws/src/example_ros2_interfaces/install/setup.sh'
[3.423s] INFO:colcon.colcon_core.shell:Creating prefix script '/home/hzy/ros2/chapt3/chapt3_ws/src/example_ros2_interfaces/install/local_setup.bash'
[3.423s] INFO:colcon.colcon_core.shell:Creating prefix chain script '/home/hzy/ros2/chapt3/chapt3_ws/src/example_ros2_interfaces/install/setup.bash'
[3.424s] INFO:colcon.colcon_core.shell:Creating prefix script '/home/hzy/ros2/chapt3/chapt3_ws/src/example_ros2_interfaces/install/local_setup.zsh'
[3.424s] INFO:colcon.colcon_core.shell:Creating prefix chain script '/home/hzy/ros2/chapt3/chapt3_ws/src/example_ros2_interfaces/install/setup.zsh'
