[0.008s] Invoking command in '/home/hzy/ros2/XJTU-RMV-Task04/rmv_task04/build/rmv_task04': CMAKE_PREFIX_PATH=/opt/ros/humble /usr/bin/cmake --build /home/hzy/ros2/XJTU-RMV-Task04/rmv_task04/build/rmv_task04 -- -j28 -l28
[0.028s] -- Found ament_cmake: 1.3.12 (/opt/ros/humble/share/ament_cmake/cmake)
[0.124s] -- Found rclcpp: 16.0.15 (/opt/ros/humble/share/rclcpp/cmake)
[0.142s] -- Found rosidl_generator_c: 3.1.7 (/opt/ros/humble/share/rosidl_generator_c/cmake)
[0.144s] -- Found rosidl_adapter: 3.1.7 (/opt/ros/humble/share/rosidl_adapter/cmake)
[0.147s] -- Found rosidl_generator_cpp: 3.1.7 (/opt/ros/humble/share/rosidl_generator_cpp/cmake)
[0.153s] -- Using all available rosidl_typesupport_c: rosidl_typesupport_fastrtps_c;rosidl_typesupport_introspection_c
[0.161s] -- Using all available rosidl_typesupport_cpp: rosidl_typesupport_fastrtps_cpp;rosidl_typesupport_introspection_cpp
[0.181s] -- Found rmw_implementation_cmake: 6.1.2 (/opt/ros/humble/share/rmw_implementation_cmake/cmake)
[0.182s] -- Found rmw_fastrtps_cpp: 6.2.8 (/opt/ros/humble/share/rmw_fastrtps_cpp/cmake)
[0.247s] -- Using RMW implementation 'rmw_fastrtps_cpp' as default
[0.278s] -- Found sensor_msgs: 4.9.0 (/opt/ros/humble/share/sensor_msgs/cmake)
[0.296s] -- Found cv_bridge: 3.2.1 (/opt/ros/humble/share/cv_bridge/cmake)
[0.301s] -- Found installed version of Eigen: /usr/share/eigen3/cmake
[0.302s] -- Found required Ceres dependency: Eigen version 3.4.0 in /usr/include/eigen3
[0.303s] -- Found installed version of glog: /usr/lib/x86_64-linux-gnu/cmake/glog
[0.303s] -- Detected glog version: 0.4.0
[0.304s] -- Found required Ceres dependency: glog
[0.304s] -- Found installed version of gflags: /usr/lib/x86_64-linux-gnu/cmake/gflags
[0.304s] -- Detected gflags version: 2.2.2
[0.305s] -- Found required Ceres dependency: gflags
[0.305s] -- Found Ceres version: 1.14.0 installed in: /usr/local with components: [EigenSparse, SparseLinearAlgebraLibrary, LAPACK, SuiteSparse, CXSparse, SchurSpecializations, OpenMP, Multithreading]
[0.305s] -- Found ament_lint_auto: 0.12.14 (/opt/ros/humble/share/ament_lint_auto/cmake)
[0.357s] -- Added test 'cppcheck' to perform static code analysis on C / C++ code
[0.358s] -- Configured cppcheck include dirs: 
[0.358s] -- Configured cppcheck exclude dirs and/or files: 
[0.359s] -- Added test 'flake8' to check Python code syntax and style conventions
[0.361s] -- Added test 'lint_cmake' to check CMake code style
[0.362s] -- Added test 'pep257' to check Python code against some of the docstring style conventions in PEP 257
[0.370s] -- Added test 'uncrustify' to check C / C++ code style
[0.370s] -- Configured uncrustify additional arguments: 
[0.371s] -- Added test 'xmllint' to check XML markup files
[0.372s] -- Configuring done
[0.380s] -- Generating done
[0.383s] -- Build files have been written to: /home/hzy/ros2/XJTU-RMV-Task04/rmv_task04/build/rmv_task04
[0.403s] [35m[1mConsolidate compiler generated dependencies of target ImgPublisher[0m
[0.420s] [ 50%] [32mBuilding CXX object CMakeFiles/ImgPublisher.dir/src/img_publisher.cpp.o[0m
[2.916s] [100%] [32m[1mLinking CXX executable ImgPublisher[0m
[3.068s] [100%] Built target ImgPublisher
[3.078s] Invoked command in '/home/hzy/ros2/XJTU-RMV-Task04/rmv_task04/build/rmv_task04' returned '0': CMAKE_PREFIX_PATH=/opt/ros/humble /usr/bin/cmake --build /home/hzy/ros2/XJTU-RMV-Task04/rmv_task04/build/rmv_task04 -- -j28 -l28
[3.089s] Invoking command in '/home/hzy/ros2/XJTU-RMV-Task04/rmv_task04/build/rmv_task04': CMAKE_PREFIX_PATH=/opt/ros/humble /usr/bin/cmake --install /home/hzy/ros2/XJTU-RMV-Task04/rmv_task04/build/rmv_task04
[3.098s] -- Install configuration: ""
[3.098s] -- Up-to-date: /home/hzy/ros2/XJTU-RMV-Task04/rmv_task04/install/rmv_task04/share/ament_index/resource_index/package_run_dependencies/rmv_task04
[3.098s] -- Up-to-date: /home/hzy/ros2/XJTU-RMV-Task04/rmv_task04/install/rmv_task04/share/ament_index/resource_index/parent_prefix_path/rmv_task04
[3.098s] -- Up-to-date: /home/hzy/ros2/XJTU-RMV-Task04/rmv_task04/install/rmv_task04/share/rmv_task04/environment/ament_prefix_path.sh
[3.098s] -- Installing: /home/hzy/ros2/XJTU-RMV-Task04/rmv_task04/install/rmv_task04/share/rmv_task04/environment/ament_prefix_path.dsv
[3.098s] -- Up-to-date: /home/hzy/ros2/XJTU-RMV-Task04/rmv_task04/install/rmv_task04/share/rmv_task04/environment/path.sh
[3.098s] -- Installing: /home/hzy/ros2/XJTU-RMV-Task04/rmv_task04/install/rmv_task04/share/rmv_task04/environment/path.dsv
[3.098s] -- Up-to-date: /home/hzy/ros2/XJTU-RMV-Task04/rmv_task04/install/rmv_task04/share/rmv_task04/local_setup.bash
[3.098s] -- Up-to-date: /home/hzy/ros2/XJTU-RMV-Task04/rmv_task04/install/rmv_task04/share/rmv_task04/local_setup.sh
[3.098s] -- Up-to-date: /home/hzy/ros2/XJTU-RMV-Task04/rmv_task04/install/rmv_task04/share/rmv_task04/local_setup.zsh
[3.098s] -- Installing: /home/hzy/ros2/XJTU-RMV-Task04/rmv_task04/install/rmv_task04/share/rmv_task04/local_setup.dsv
[3.098s] -- Installing: /home/hzy/ros2/XJTU-RMV-Task04/rmv_task04/install/rmv_task04/share/rmv_task04/package.dsv
[3.098s] -- Up-to-date: /home/hzy/ros2/XJTU-RMV-Task04/rmv_task04/install/rmv_task04/share/ament_index/resource_index/packages/rmv_task04
[3.098s] -- Up-to-date: /home/hzy/ros2/XJTU-RMV-Task04/rmv_task04/install/rmv_task04/share/rmv_task04/cmake/rmv_task04Config.cmake
[3.099s] -- Up-to-date: /home/hzy/ros2/XJTU-RMV-Task04/rmv_task04/install/rmv_task04/share/rmv_task04/cmake/rmv_task04Config-version.cmake
[3.099s] -- Up-to-date: /home/hzy/ros2/XJTU-RMV-Task04/rmv_task04/install/rmv_task04/share/rmv_task04/package.xml
[3.099s] -- Installing: /home/hzy/ros2/XJTU-RMV-Task04/rmv_task04/install/rmv_task04/lib/rmv_task04/ImgPublisher
[3.099s] -- Set runtime path of "/home/hzy/ros2/XJTU-RMV-Task04/rmv_task04/install/rmv_task04/lib/rmv_task04/ImgPublisher" to ""
[3.101s] Invoked command in '/home/hzy/ros2/XJTU-RMV-Task04/rmv_task04/build/rmv_task04' returned '0': CMAKE_PREFIX_PATH=/opt/ros/humble /usr/bin/cmake --install /home/hzy/ros2/XJTU-RMV-Task04/rmv_task04/build/rmv_task04
