[0.077s] DEBUG:colcon:Command line arguments: ['/usr/bin/colcon', 'build', '--packages-select', 'example_topic_rclcpp']
[0.077s] DEBUG:colcon:Parsed command line arguments: Namespace(log_base=None, log_level=None, verb_name='build', build_base='build', install_base='install', merge_install=False, symlink_install=False, test_result_base=None, continue_on_error=False, executor='parallel', parallel_workers=28, event_handlers=None, ignore_user_meta=False, metas=['./colcon.meta'], base_paths=['.'], packages_ignore=None, packages_ignore_regex=None, paths=None, packages_up_to=None, packages_up_to_regex=None, packages_above=None, packages_above_and_dependencies=None, packages_above_depth=None, packages_select_by_dep=None, packages_skip_by_dep=None, packages_skip_up_to=None, packages_select_build_failed=False, packages_skip_build_finished=False, packages_select_test_failures=False, packages_skip_test_passed=False, packages_select=['example_topic_rclcpp'], packages_skip=None, packages_select_regex=None, packages_skip_regex=None, packages_start=None, packages_end=None, allow_overriding=[], cmake_args=None, cmake_target=None, cmake_target_skip_unavailable=False, cmake_clean_cache=False, cmake_clean_first=False, cmake_force_configure=False, ament_cmake_args=None, catkin_cmake_args=None, catkin_skip_building_tests=False, verb_parser=<colcon_defaults.argument_parser.defaults.DefaultArgumentsDecorator object at 0x74916fef72b0>, verb_extension=<colcon_core.verb.build.BuildVerb object at 0x74917007c760>, main=<bound method BuildVerb.main of <colcon_core.verb.build.BuildVerb object at 0x74917007c760>>)
[0.184s] Level 1:colcon.colcon_core.package_discovery:discover_packages(colcon_meta) check parameters
[0.184s] Level 1:colcon.colcon_core.package_discovery:discover_packages(recursive) check parameters
[0.184s] Level 1:colcon.colcon_core.package_discovery:discover_packages(ignore) check parameters
[0.184s] Level 1:colcon.colcon_core.package_discovery:discover_packages(path) check parameters
[0.184s] Level 1:colcon.colcon_core.package_discovery:discover_packages(colcon_meta) discover
[0.184s] Level 1:colcon.colcon_core.package_discovery:discover_packages(recursive) discover
[0.184s] INFO:colcon.colcon_core.package_discovery:Crawling recursively for packages in '/home/hzy/ros2/chapt3/chapt3_ws/src/example_topic_rclcpp'
[0.184s] Level 1:colcon.colcon_core.package_identification:_identify(.) by extensions ['ignore', 'ignore_ament_install']
[0.185s] Level 1:colcon.colcon_core.package_identification:_identify(.) by extension 'ignore'
[0.185s] Level 1:colcon.colcon_core.package_identification:_identify(.) by extension 'ignore_ament_install'
[0.185s] Level 1:colcon.colcon_core.package_identification:_identify(.) by extensions ['colcon_pkg']
[0.185s] Level 1:colcon.colcon_core.package_identification:_identify(.) by extension 'colcon_pkg'
[0.185s] Level 1:colcon.colcon_core.package_identification:_identify(.) by extensions ['colcon_meta']
[0.185s] Level 1:colcon.colcon_core.package_identification:_identify(.) by extension 'colcon_meta'
[0.185s] Level 1:colcon.colcon_core.package_identification:_identify(.) by extensions ['ros']
[0.185s] Level 1:colcon.colcon_core.package_identification:_identify(.) by extension 'ros'
[0.195s] DEBUG:colcon.colcon_core.package_identification:Package '.' with type 'ros.ament_cmake' and name 'example_topic_rclcpp'
[0.195s] Level 1:colcon.colcon_core.package_discovery:discover_packages(recursive) using defaults
[0.195s] Level 1:colcon.colcon_core.package_discovery:discover_packages(ignore) discover
[0.195s] Level 1:colcon.colcon_core.package_discovery:discover_packages(ignore) using defaults
[0.195s] Level 1:colcon.colcon_core.package_discovery:discover_packages(path) discover
[0.196s] Level 1:colcon.colcon_core.package_discovery:discover_packages(path) using defaults
[0.210s] Level 1:colcon.colcon_core.package_discovery:discover_packages(prefix_path) check parameters
[0.210s] Level 1:colcon.colcon_core.package_discovery:discover_packages(prefix_path) discover
[0.211s] WARNING:colcon.colcon_core.prefix_path.colcon:The path '/home/hzy/ros2/chapt3/chapt3_ws/install' in the environment variable COLCON_PREFIX_PATH doesn't exist
[0.211s] WARNING:colcon.colcon_ros.prefix_path.ament:The path '/home/hzy/ros2/chapt3/chapt3_ws/src/example_topic_rclcpp/install/example_topic_rclcpp' in the environment variable AMENT_PREFIX_PATH doesn't exist
[0.211s] WARNING:colcon.colcon_ros.prefix_path.ament:The path '/home/hzy/ros2/chapt3/chapt3_ws/install/example_topic_rclcpp' in the environment variable AMENT_PREFIX_PATH doesn't exist
[0.211s] WARNING:colcon.colcon_ros.prefix_path.catkin:The path '/home/hzy/ros2/chapt3/chapt3_ws/src/example_topic_rclcpp/install/example_topic_rclcpp' in the environment variable CMAKE_PREFIX_PATH doesn't exist
[0.211s] WARNING:colcon.colcon_ros.prefix_path.catkin:The path '/home/hzy/ros2/chapt3/chapt3_ws/install/example_topic_rclcpp' in the environment variable CMAKE_PREFIX_PATH doesn't exist
[0.211s] DEBUG:colcon.colcon_installed_package_information.package_discovery:Found 0 installed packages in /home/hzy/ros2/chapt3/chapt3_ws/src/example_topic_rclcpp/install
[0.212s] DEBUG:colcon.colcon_installed_package_information.package_discovery:Found 271 installed packages in /opt/ros/humble
[0.213s] Level 1:colcon.colcon_core.package_discovery:discover_packages(prefix_path) using defaults
[0.246s] Level 5:colcon.colcon_core.verb:set package 'example_topic_rclcpp' build argument 'cmake_args' from command line to 'None'
[0.247s] Level 5:colcon.colcon_core.verb:set package 'example_topic_rclcpp' build argument 'cmake_target' from command line to 'None'
[0.247s] Level 5:colcon.colcon_core.verb:set package 'example_topic_rclcpp' build argument 'cmake_target_skip_unavailable' from command line to 'False'
[0.247s] Level 5:colcon.colcon_core.verb:set package 'example_topic_rclcpp' build argument 'cmake_clean_cache' from command line to 'False'
[0.247s] Level 5:colcon.colcon_core.verb:set package 'example_topic_rclcpp' build argument 'cmake_clean_first' from command line to 'False'
[0.247s] Level 5:colcon.colcon_core.verb:set package 'example_topic_rclcpp' build argument 'cmake_force_configure' from command line to 'False'
[0.247s] Level 5:colcon.colcon_core.verb:set package 'example_topic_rclcpp' build argument 'ament_cmake_args' from command line to 'None'
[0.247s] Level 5:colcon.colcon_core.verb:set package 'example_topic_rclcpp' build argument 'catkin_cmake_args' from command line to 'None'
[0.247s] Level 5:colcon.colcon_core.verb:set package 'example_topic_rclcpp' build argument 'catkin_skip_building_tests' from command line to 'False'
[0.247s] DEBUG:colcon.colcon_core.verb:Building package 'example_topic_rclcpp' with the following arguments: {'ament_cmake_args': None, 'build_base': '/home/hzy/ros2/chapt3/chapt3_ws/src/example_topic_rclcpp/build/example_topic_rclcpp', 'catkin_cmake_args': None, 'catkin_skip_building_tests': False, 'cmake_args': None, 'cmake_clean_cache': False, 'cmake_clean_first': False, 'cmake_force_configure': False, 'cmake_target': None, 'cmake_target_skip_unavailable': False, 'install_base': '/home/hzy/ros2/chapt3/chapt3_ws/src/example_topic_rclcpp/install/example_topic_rclcpp', 'merge_install': False, 'path': '/home/hzy/ros2/chapt3/chapt3_ws/src/example_topic_rclcpp', 'symlink_install': False, 'test_result_base': None}
[0.247s] INFO:colcon.colcon_core.executor:Executing jobs using 'parallel' executor
[0.250s] DEBUG:colcon.colcon_parallel_executor.executor.parallel:run_until_complete
[0.250s] INFO:colcon.colcon_ros.task.ament_cmake.build:Building ROS package in '/home/hzy/ros2/chapt3/chapt3_ws/src/example_topic_rclcpp' with build type 'ament_cmake'
[0.250s] INFO:colcon.colcon_cmake.task.cmake.build:Building CMake package in '/home/hzy/ros2/chapt3/chapt3_ws/src/example_topic_rclcpp'
[0.254s] INFO:colcon.colcon_core.plugin_system:Skipping extension 'colcon_core.shell.bat': Not used on non-Windows systems
[0.254s] INFO:colcon.colcon_core.shell:Skip shell extension 'powershell' for command environment: Not usable outside of PowerShell
[0.254s] DEBUG:colcon.colcon_core.shell:Skip shell extension 'dsv' for command environment
[0.260s] DEBUG:colcon.colcon_core.event_handler.log_command:Invoking command in '/home/hzy/ros2/chapt3/chapt3_ws/src/example_topic_rclcpp/build/example_topic_rclcpp': CMAKE_PREFIX_PATH=${CMAKE_PREFIX_PATH}:/opt/ros/humble /usr/bin/cmake /home/hzy/ros2/chapt3/chapt3_ws/src/example_topic_rclcpp -DCMAKE_INSTALL_PREFIX=/home/hzy/ros2/chapt3/chapt3_ws/src/example_topic_rclcpp/install/example_topic_rclcpp
[1.272s] DEBUG:colcon.colcon_core.event_handler.log_command:Invoked command in '/home/hzy/ros2/chapt3/chapt3_ws/src/example_topic_rclcpp/build/example_topic_rclcpp' returned '0': CMAKE_PREFIX_PATH=${CMAKE_PREFIX_PATH}:/opt/ros/humble /usr/bin/cmake /home/hzy/ros2/chapt3/chapt3_ws/src/example_topic_rclcpp -DCMAKE_INSTALL_PREFIX=/home/hzy/ros2/chapt3/chapt3_ws/src/example_topic_rclcpp/install/example_topic_rclcpp
[1.273s] DEBUG:colcon.colcon_core.event_handler.log_command:Invoking command in '/home/hzy/ros2/chapt3/chapt3_ws/src/example_topic_rclcpp/build/example_topic_rclcpp': CMAKE_PREFIX_PATH=${CMAKE_PREFIX_PATH}:/opt/ros/humble /usr/bin/cmake --build /home/hzy/ros2/chapt3/chapt3_ws/src/example_topic_rclcpp/build/example_topic_rclcpp -- -j28 -l28
[6.824s] DEBUG:colcon.colcon_core.event_handler.log_command:Invoked command in '/home/hzy/ros2/chapt3/chapt3_ws/src/example_topic_rclcpp/build/example_topic_rclcpp' returned '0': CMAKE_PREFIX_PATH=${CMAKE_PREFIX_PATH}:/opt/ros/humble /usr/bin/cmake --build /home/hzy/ros2/chapt3/chapt3_ws/src/example_topic_rclcpp/build/example_topic_rclcpp -- -j28 -l28
[6.831s] DEBUG:colcon.colcon_core.event_handler.log_command:Invoking command in '/home/hzy/ros2/chapt3/chapt3_ws/src/example_topic_rclcpp/build/example_topic_rclcpp': CMAKE_PREFIX_PATH=${CMAKE_PREFIX_PATH}:/opt/ros/humble /usr/bin/cmake --install /home/hzy/ros2/chapt3/chapt3_ws/src/example_topic_rclcpp/build/example_topic_rclcpp
[6.841s] Level 1:colcon.colcon_core.environment:create_environment_scripts_only(example_topic_rclcpp)
[6.841s] DEBUG:colcon.colcon_core.event_handler.log_command:Invoked command in '/home/hzy/ros2/chapt3/chapt3_ws/src/example_topic_rclcpp/build/example_topic_rclcpp' returned '0': CMAKE_PREFIX_PATH=${CMAKE_PREFIX_PATH}:/opt/ros/humble /usr/bin/cmake --install /home/hzy/ros2/chapt3/chapt3_ws/src/example_topic_rclcpp/build/example_topic_rclcpp
[6.842s] Level 1:colcon.colcon_core.environment:checking '/home/hzy/ros2/chapt3/chapt3_ws/src/example_topic_rclcpp/install/example_topic_rclcpp' for CMake module files
[6.842s] Level 1:colcon.colcon_core.environment:checking '/home/hzy/ros2/chapt3/chapt3_ws/src/example_topic_rclcpp/install/example_topic_rclcpp' for CMake config files
[6.842s] Level 1:colcon.colcon_core.shell:create_environment_hook('example_topic_rclcpp', 'cmake_prefix_path')
[6.843s] INFO:colcon.colcon_core.shell:Creating environment hook '/home/hzy/ros2/chapt3/chapt3_ws/src/example_topic_rclcpp/install/example_topic_rclcpp/share/example_topic_rclcpp/hook/cmake_prefix_path.ps1'
[6.843s] INFO:colcon.colcon_core.shell:Creating environment descriptor '/home/hzy/ros2/chapt3/chapt3_ws/src/example_topic_rclcpp/install/example_topic_rclcpp/share/example_topic_rclcpp/hook/cmake_prefix_path.dsv'
[6.843s] INFO:colcon.colcon_core.shell:Creating environment hook '/home/hzy/ros2/chapt3/chapt3_ws/src/example_topic_rclcpp/install/example_topic_rclcpp/share/example_topic_rclcpp/hook/cmake_prefix_path.sh'
[6.844s] Level 1:colcon.colcon_core.environment:checking '/home/hzy/ros2/chapt3/chapt3_ws/src/example_topic_rclcpp/install/example_topic_rclcpp/lib'
[6.844s] Level 1:colcon.colcon_core.environment:checking '/home/hzy/ros2/chapt3/chapt3_ws/src/example_topic_rclcpp/install/example_topic_rclcpp/bin'
[6.844s] Level 1:colcon.colcon_core.environment:checking '/home/hzy/ros2/chapt3/chapt3_ws/src/example_topic_rclcpp/install/example_topic_rclcpp/lib/pkgconfig/example_topic_rclcpp.pc'
[6.844s] Level 1:colcon.colcon_core.environment:checking '/home/hzy/ros2/chapt3/chapt3_ws/src/example_topic_rclcpp/install/example_topic_rclcpp/lib/python3.10/site-packages'
[6.844s] Level 1:colcon.colcon_core.environment:checking '/home/hzy/ros2/chapt3/chapt3_ws/src/example_topic_rclcpp/install/example_topic_rclcpp/bin'
[6.845s] INFO:colcon.colcon_core.shell:Creating package script '/home/hzy/ros2/chapt3/chapt3_ws/src/example_topic_rclcpp/install/example_topic_rclcpp/share/example_topic_rclcpp/package.ps1'
[6.846s] INFO:colcon.colcon_core.shell:Creating package descriptor '/home/hzy/ros2/chapt3/chapt3_ws/src/example_topic_rclcpp/install/example_topic_rclcpp/share/example_topic_rclcpp/package.dsv'
[6.847s] INFO:colcon.colcon_core.shell:Creating package script '/home/hzy/ros2/chapt3/chapt3_ws/src/example_topic_rclcpp/install/example_topic_rclcpp/share/example_topic_rclcpp/package.sh'
[6.848s] INFO:colcon.colcon_core.shell:Creating package script '/home/hzy/ros2/chapt3/chapt3_ws/src/example_topic_rclcpp/install/example_topic_rclcpp/share/example_topic_rclcpp/package.bash'
[6.848s] INFO:colcon.colcon_core.shell:Creating package script '/home/hzy/ros2/chapt3/chapt3_ws/src/example_topic_rclcpp/install/example_topic_rclcpp/share/example_topic_rclcpp/package.zsh'
[6.849s] Level 1:colcon.colcon_core.environment:create_file_with_runtime_dependencies(/home/hzy/ros2/chapt3/chapt3_ws/src/example_topic_rclcpp/install/example_topic_rclcpp/share/colcon-core/packages/example_topic_rclcpp)
[6.850s] Level 1:colcon.colcon_core.environment:create_environment_scripts_only(example_topic_rclcpp)
[6.851s] Level 1:colcon.colcon_core.environment:checking '/home/hzy/ros2/chapt3/chapt3_ws/src/example_topic_rclcpp/install/example_topic_rclcpp' for CMake module files
[6.851s] Level 1:colcon.colcon_core.environment:checking '/home/hzy/ros2/chapt3/chapt3_ws/src/example_topic_rclcpp/install/example_topic_rclcpp' for CMake config files
[6.851s] Level 1:colcon.colcon_core.shell:create_environment_hook('example_topic_rclcpp', 'cmake_prefix_path')
[6.852s] INFO:colcon.colcon_core.shell:Creating environment hook '/home/hzy/ros2/chapt3/chapt3_ws/src/example_topic_rclcpp/install/example_topic_rclcpp/share/example_topic_rclcpp/hook/cmake_prefix_path.ps1'
[6.852s] INFO:colcon.colcon_core.shell:Creating environment descriptor '/home/hzy/ros2/chapt3/chapt3_ws/src/example_topic_rclcpp/install/example_topic_rclcpp/share/example_topic_rclcpp/hook/cmake_prefix_path.dsv'
[6.853s] INFO:colcon.colcon_core.shell:Creating environment hook '/home/hzy/ros2/chapt3/chapt3_ws/src/example_topic_rclcpp/install/example_topic_rclcpp/share/example_topic_rclcpp/hook/cmake_prefix_path.sh'
[6.854s] Level 1:colcon.colcon_core.environment:checking '/home/hzy/ros2/chapt3/chapt3_ws/src/example_topic_rclcpp/install/example_topic_rclcpp/lib'
[6.855s] Level 1:colcon.colcon_core.environment:checking '/home/hzy/ros2/chapt3/chapt3_ws/src/example_topic_rclcpp/install/example_topic_rclcpp/bin'
[6.855s] Level 1:colcon.colcon_core.environment:checking '/home/hzy/ros2/chapt3/chapt3_ws/src/example_topic_rclcpp/install/example_topic_rclcpp/lib/pkgconfig/example_topic_rclcpp.pc'
[6.855s] Level 1:colcon.colcon_core.environment:checking '/home/hzy/ros2/chapt3/chapt3_ws/src/example_topic_rclcpp/install/example_topic_rclcpp/lib/python3.10/site-packages'
[6.855s] Level 1:colcon.colcon_core.environment:checking '/home/hzy/ros2/chapt3/chapt3_ws/src/example_topic_rclcpp/install/example_topic_rclcpp/bin'
[6.855s] INFO:colcon.colcon_core.shell:Creating package script '/home/hzy/ros2/chapt3/chapt3_ws/src/example_topic_rclcpp/install/example_topic_rclcpp/share/example_topic_rclcpp/package.ps1'
[6.856s] INFO:colcon.colcon_core.shell:Creating package descriptor '/home/hzy/ros2/chapt3/chapt3_ws/src/example_topic_rclcpp/install/example_topic_rclcpp/share/example_topic_rclcpp/package.dsv'
[6.856s] INFO:colcon.colcon_core.shell:Creating package script '/home/hzy/ros2/chapt3/chapt3_ws/src/example_topic_rclcpp/install/example_topic_rclcpp/share/example_topic_rclcpp/package.sh'
[6.856s] INFO:colcon.colcon_core.shell:Creating package script '/home/hzy/ros2/chapt3/chapt3_ws/src/example_topic_rclcpp/install/example_topic_rclcpp/share/example_topic_rclcpp/package.bash'
[6.856s] INFO:colcon.colcon_core.shell:Creating package script '/home/hzy/ros2/chapt3/chapt3_ws/src/example_topic_rclcpp/install/example_topic_rclcpp/share/example_topic_rclcpp/package.zsh'
[6.857s] Level 1:colcon.colcon_core.environment:create_file_with_runtime_dependencies(/home/hzy/ros2/chapt3/chapt3_ws/src/example_topic_rclcpp/install/example_topic_rclcpp/share/colcon-core/packages/example_topic_rclcpp)
[6.857s] DEBUG:colcon.colcon_parallel_executor.executor.parallel:closing loop
[6.857s] DEBUG:colcon.colcon_parallel_executor.executor.parallel:loop closed
[6.857s] DEBUG:colcon.colcon_parallel_executor.executor.parallel:run_until_complete finished with '0'
[6.857s] DEBUG:colcon.colcon_core.event_reactor:joining thread
[6.860s] INFO:colcon.colcon_core.plugin_system:Skipping extension 'colcon_notification.desktop_notification.terminal_notifier': Not used on non-Darwin systems
[6.860s] INFO:colcon.colcon_core.plugin_system:Skipping extension 'colcon_notification.desktop_notification.win32': Not used on non-Windows systems
[6.860s] INFO:colcon.colcon_notification.desktop_notification:Sending desktop notification using 'notify2'
[6.869s] DEBUG:colcon.colcon_core.event_reactor:joined thread
[6.870s] INFO:colcon.colcon_core.shell:Creating prefix script '/home/hzy/ros2/chapt3/chapt3_ws/src/example_topic_rclcpp/install/local_setup.ps1'
[6.871s] INFO:colcon.colcon_core.shell:Creating prefix util module '/home/hzy/ros2/chapt3/chapt3_ws/src/example_topic_rclcpp/install/_local_setup_util_ps1.py'
[6.872s] INFO:colcon.colcon_core.shell:Creating prefix chain script '/home/hzy/ros2/chapt3/chapt3_ws/src/example_topic_rclcpp/install/setup.ps1'
[6.873s] INFO:colcon.colcon_core.shell:Creating prefix script '/home/hzy/ros2/chapt3/chapt3_ws/src/example_topic_rclcpp/install/local_setup.sh'
[6.873s] INFO:colcon.colcon_core.shell:Creating prefix util module '/home/hzy/ros2/chapt3/chapt3_ws/src/example_topic_rclcpp/install/_local_setup_util_sh.py'
[6.873s] INFO:colcon.colcon_core.shell:Creating prefix chain script '/home/hzy/ros2/chapt3/chapt3_ws/src/example_topic_rclcpp/install/setup.sh'
[6.874s] INFO:colcon.colcon_core.shell:Creating prefix script '/home/hzy/ros2/chapt3/chapt3_ws/src/example_topic_rclcpp/install/local_setup.bash'
[6.874s] INFO:colcon.colcon_core.shell:Creating prefix chain script '/home/hzy/ros2/chapt3/chapt3_ws/src/example_topic_rclcpp/install/setup.bash'
[6.875s] INFO:colcon.colcon_core.shell:Creating prefix script '/home/hzy/ros2/chapt3/chapt3_ws/src/example_topic_rclcpp/install/local_setup.zsh'
[6.876s] INFO:colcon.colcon_core.shell:Creating prefix chain script '/home/hzy/ros2/chapt3/chapt3_ws/src/example_topic_rclcpp/install/setup.zsh'
