[0.005s] Invoking command in '/home/hzy/ros2/XJTU-RMV-Task04/rmv_task04/build/rmv_task04': CMAKE_PREFIX_PATH=/opt/ros/humble /usr/bin/cmake /home/hzy/ros2/XJTU-RMV-Task04/rmv_task04 -DCMAKE_INSTALL_PREFIX=/home/hzy/ros2/XJTU-RMV-Task04/rmv_task04/install/rmv_task04
[0.041s] -- The C compiler identification is GNU 11.4.0
[0.072s] -- The CXX compiler identification is GNU 11.4.0
[0.076s] -- Detecting C compiler ABI info
[0.120s] -- Detecting C compiler ABI info - done
[0.123s] -- Check for working C compiler: /usr/bin/cc - skipped
[0.123s] -- Detecting C compile features
[0.123s] -- Detecting C compile features - done
[0.125s] -- Detecting CXX compiler ABI info
[0.174s] -- Detecting CXX compiler ABI info - done
[0.178s] -- Check for working CXX compiler: /usr/bin/c++ - skipped
[0.178s] -- Detecting CXX compile features
[0.178s] -- Detecting CXX compile features - done
[0.179s] -- Found ament_cmake: 1.3.12 (/opt/ros/humble/share/ament_cmake/cmake)
[0.256s] -- Found Python3: /usr/bin/python3 (found version "3.10.12") found components: Interpreter 
[0.302s] -- Found rclcpp: 16.0.15 (/opt/ros/humble/share/rclcpp/cmake)
[0.320s] -- Found rosidl_generator_c: 3.1.7 (/opt/ros/humble/share/rosidl_generator_c/cmake)
[0.322s] -- Found rosidl_adapter: 3.1.7 (/opt/ros/humble/share/rosidl_adapter/cmake)
[0.326s] -- Found rosidl_generator_cpp: 3.1.7 (/opt/ros/humble/share/rosidl_generator_cpp/cmake)
[0.331s] -- Using all available rosidl_typesupport_c: rosidl_typesupport_fastrtps_c;rosidl_typesupport_introspection_c
[0.338s] -- Using all available rosidl_typesupport_cpp: rosidl_typesupport_fastrtps_cpp;rosidl_typesupport_introspection_cpp
[0.359s] -- Found rmw_implementation_cmake: 6.1.2 (/opt/ros/humble/share/rmw_implementation_cmake/cmake)
[0.359s] -- Found rmw_fastrtps_cpp: 6.2.8 (/opt/ros/humble/share/rmw_fastrtps_cpp/cmake)
[0.417s] -- Found OpenSSL: /usr/lib/x86_64-linux-gnu/libcrypto.so (found version "3.0.2")  
[0.430s] -- Found FastRTPS: /opt/ros/humble/include  
[0.454s] -- Using RMW implementation 'rmw_fastrtps_cpp' as default
[0.457s] -- Looking for pthread.h
[0.504s] -- Looking for pthread.h - found
[0.504s] -- Performing Test CMAKE_HAVE_LIBC_PTHREAD
[0.551s] -- Performing Test CMAKE_HAVE_LIBC_PTHREAD - Success
[0.552s] -- Found Threads: TRUE  
[0.575s] -- Found sensor_msgs: 4.9.0 (/opt/ros/humble/share/sensor_msgs/cmake)
[0.588s] -- Found cv_bridge: 3.2.1 (/opt/ros/humble/share/cv_bridge/cmake)
[0.592s] -- Found OpenCV: /usr/local (found version "4.12.0") 
[0.593s] -- Found installed version of Eigen: /usr/share/eigen3/cmake
[0.593s] -- Found required Ceres dependency: Eigen version 3.4.0 in /usr/include/eigen3
[0.595s] -- Found installed version of glog: /usr/lib/x86_64-linux-gnu/cmake/glog
[0.595s] -- Detected glog version: 0.4.0
[0.595s] -- Found required Ceres dependency: glog
[0.595s] -- Found installed version of gflags: /usr/lib/x86_64-linux-gnu/cmake/gflags
[0.595s] -- Detected gflags version: 2.2.2
[0.596s] -- Found required Ceres dependency: gflags
[0.596s] -- Found Ceres version: 1.14.0 installed in: /usr/local with components: [EigenSparse, SparseLinearAlgebraLibrary, LAPACK, SuiteSparse, CXSparse, SchurSpecializations, OpenMP, Multithreading]
[0.597s] -- Found rosidl_default_generators: 1.2.0 (/opt/ros/humble/share/rosidl_default_generators/cmake)
[0.600s] -- Found ament_lint_auto: 0.12.14 (/opt/ros/humble/share/ament_lint_auto/cmake)
[0.737s] -- Found ament_cmake_ros: 0.10.0 (/opt/ros/humble/share/ament_cmake_ros/cmake)
[0.913s] -- Using all available rosidl_typesupport_c: rosidl_typesupport_fastrtps_c;rosidl_typesupport_introspection_c
[0.983s] -- Using all available rosidl_typesupport_cpp: rosidl_typesupport_fastrtps_cpp;rosidl_typesupport_introspection_cpp
[0.994s] -- Found PythonInterp: /usr/bin/python3 (found suitable version "3.10.12", minimum required is "3.6") 
[0.995s] -- Found python_cmake_module: 0.10.0 (/opt/ros/humble/share/python_cmake_module/cmake)
[1.010s] -- Found PythonLibs: /usr/lib/x86_64-linux-gnu/libpython3.10.so (found suitable version "3.10.12", minimum required is "3.5") 
[1.010s] -- Using PYTHON_EXECUTABLE: /usr/bin/python3
[1.010s] -- Using PYTHON_INCLUDE_DIRS: /usr/include/python3.10
[1.010s] -- Using PYTHON_LIBRARIES: /usr/lib/x86_64-linux-gnu/libpython3.10.so
[1.021s] -- Found PythonExtra: .so  
[1.062s] -- Added test 'cppcheck' to perform static code analysis on C / C++ code
[1.063s] -- Configured cppcheck include dirs: $<BUILD_INTERFACE:/home/hzy/ros2/XJTU-RMV-Task04/rmv_task04/build/rmv_task04/rosidl_generator_c>;$<BUILD_INTERFACE:/home/hzy/ros2/XJTU-RMV-Task04/rmv_task04/build/rmv_task04/rosidl_typesupport_fastrtps_c>;$<BUILD_INTERFACE:/home/hzy/ros2/XJTU-RMV-Task04/rmv_task04/build/rmv_task04/rosidl_generator_cpp>;$<BUILD_INTERFACE:/home/hzy/ros2/XJTU-RMV-Task04/rmv_task04/build/rmv_task04/rosidl_typesupport_fastrtps_cpp>;$<BUILD_INTERFACE:/home/hzy/ros2/XJTU-RMV-Task04/rmv_task04/build/rmv_task04/rosidl_typesupport_introspection_c>;$<BUILD_INTERFACE:/home/hzy/ros2/XJTU-RMV-Task04/rmv_task04/build/rmv_task04/rosidl_typesupport_introspection_cpp>;/home/hzy/ros2/XJTU-RMV-Task04/rmv_task04/build/rmv_task04/rosidl_generator_c;/home/hzy/ros2/XJTU-RMV-Task04/rmv_task04/build/rmv_task04/rosidl_generator_py;/home/hzy/ros2/XJTU-RMV-Task04/rmv_task04/include
[1.063s] -- Configured cppcheck exclude dirs and/or files: 
[1.065s] -- Added test 'flake8' to check Python code syntax and style conventions
[1.069s] -- Added test 'lint_cmake' to check CMake code style
[1.071s] -- Added test 'pep257' to check Python code against some of the docstring style conventions in PEP 257
[1.087s] -- Added test 'uncrustify' to check C / C++ code style
[1.087s] -- Configured uncrustify additional arguments: 
[1.089s] -- Added test 'xmllint' to check XML markup files
[1.091s] -- Configuring done
[1.111s] -- Generating done
[1.117s] -- Build files have been written to: /home/hzy/ros2/XJTU-RMV-Task04/rmv_task04/build/rmv_task04
[1.123s] Invoked command in '/home/hzy/ros2/XJTU-RMV-Task04/rmv_task04/build/rmv_task04' returned '0': CMAKE_PREFIX_PATH=/opt/ros/humble /usr/bin/cmake /home/hzy/ros2/XJTU-RMV-Task04/rmv_task04 -DCMAKE_INSTALL_PREFIX=/home/hzy/ros2/XJTU-RMV-Task04/rmv_task04/install/rmv_task04
[1.125s] Invoking command in '/home/hzy/ros2/XJTU-RMV-Task04/rmv_task04/build/rmv_task04': CMAKE_PREFIX_PATH=/opt/ros/humble /usr/bin/cmake --build /home/hzy/ros2/XJTU-RMV-Task04/rmv_task04/build/rmv_task04 -- -j28 -l28
[1.153s] [  2%] [34m[1mGenerating C code for ROS interfaces[0m
[1.160s] [  4%] [34m[1mGenerating C++ code for ROS interfaces[0m
[1.160s] [  6%] [32mBuilding CXX object CMakeFiles/ImgPublisher.dir/src/img_publisher.cpp.o[0m
[1.165s] [  6%] Built target ament_cmake_python_copy_rmv_task04
[1.279s] running egg_info
[1.279s] creating rmv_task04.egg-info
[1.279s] writing rmv_task04.egg-info/PKG-INFO
[1.279s] writing dependency_links to rmv_task04.egg-info/dependency_links.txt
[1.279s] writing top-level names to rmv_task04.egg-info/top_level.txt
[1.279s] writing manifest file 'rmv_task04.egg-info/SOURCES.txt'
[1.280s] reading manifest file 'rmv_task04.egg-info/SOURCES.txt'
[1.280s] writing manifest file 'rmv_task04.egg-info/SOURCES.txt'
[1.298s] [  6%] Built target ament_cmake_python_build_rmv_task04_egg
[1.351s] [  6%] Built target rmv_task04__cpp
[1.357s] [  9%] [32mBuilding C object CMakeFiles/rmv_task04__rosidl_generator_c.dir/rosidl_generator_c/rmv_task04/msg/detail/object__functions.c.o[0m
[1.358s] [ 11%] [34m[1mGenerating C++ introspection for ROS interfaces[0m
[1.359s] [ 13%] [32mBuilding C object CMakeFiles/rmv_task04__rosidl_generator_c.dir/rosidl_generator_c/rmv_task04/msg/detail/object_array__functions.c.o[0m
[1.359s] [ 16%] [34m[1mGenerating C++ type support dispatch for ROS interfaces[0m
[1.360s] [ 18%] [34m[1mGenerating C++ type support for eProsima Fast-RTPS[0m
[1.391s] [ 20%] [32m[1mLinking C shared library librmv_task04__rosidl_generator_c.so[0m
[1.419s] [ 20%] Built target rmv_task04__rosidl_generator_c
[1.428s] [ 27%] [34m[1mGenerating C introspection for ROS interfaces[0m
[1.429s] [ 27%] [34m[1mGenerating C type support dispatch for ROS interfaces[0m
[1.429s] [ 27%] [34m[1mGenerating C type support for eProsima Fast-RTPS[0m
[1.569s] [ 30%] [32mBuilding CXX object CMakeFiles/rmv_task04__rosidl_typesupport_cpp.dir/rosidl_typesupport_cpp/rmv_task04/msg/object_array__type_support.cpp.o[0m
[1.569s] [ 32%] [32mBuilding CXX object CMakeFiles/rmv_task04__rosidl_typesupport_cpp.dir/rosidl_typesupport_cpp/rmv_task04/msg/object__type_support.cpp.o[0m
[1.577s] [ 34%] [32mBuilding CXX object CMakeFiles/rmv_task04__rosidl_typesupport_introspection_cpp.dir/rosidl_typesupport_introspection_cpp/rmv_task04/msg/detail/object__type_support.cpp.o[0m
[1.577s] [ 37%] [32mBuilding CXX object CMakeFiles/rmv_task04__rosidl_typesupport_introspection_cpp.dir/rosidl_typesupport_introspection_cpp/rmv_task04/msg/detail/object_array__type_support.cpp.o[0m
[1.582s] [ 39%] [32mBuilding CXX object CMakeFiles/rmv_task04__rosidl_typesupport_fastrtps_cpp.dir/rosidl_typesupport_fastrtps_cpp/rmv_task04/msg/detail/dds_fastrtps/object__type_support.cpp.o[0m
[1.583s] [ 41%] [32mBuilding CXX object CMakeFiles/rmv_task04__rosidl_typesupport_fastrtps_cpp.dir/rosidl_typesupport_fastrtps_cpp/rmv_task04/msg/detail/dds_fastrtps/object_array__type_support.cpp.o[0m
[1.647s] [ 44%] [32mBuilding CXX object CMakeFiles/rmv_task04__rosidl_typesupport_c.dir/rosidl_typesupport_c/rmv_task04/msg/object__type_support.cpp.o[0m
[1.649s] [ 46%] [32mBuilding CXX object CMakeFiles/rmv_task04__rosidl_typesupport_c.dir/rosidl_typesupport_c/rmv_task04/msg/object_array__type_support.cpp.o[0m
[1.663s] [ 48%] [32mBuilding C object CMakeFiles/rmv_task04__rosidl_typesupport_introspection_c.dir/rosidl_typesupport_introspection_c/rmv_task04/msg/detail/object__type_support.c.o[0m
[1.663s] [ 51%] [32mBuilding C object CMakeFiles/rmv_task04__rosidl_typesupport_introspection_c.dir/rosidl_typesupport_introspection_c/rmv_task04/msg/detail/object_array__type_support.c.o[0m
[1.667s] [ 53%] [32mBuilding CXX object CMakeFiles/rmv_task04__rosidl_typesupport_fastrtps_c.dir/rosidl_typesupport_fastrtps_c/rmv_task04/msg/detail/object__type_support_c.cpp.o[0m
[1.667s] [ 55%] [32mBuilding CXX object CMakeFiles/rmv_task04__rosidl_typesupport_fastrtps_c.dir/rosidl_typesupport_fastrtps_c/rmv_task04/msg/detail/object_array__type_support_c.cpp.o[0m
[1.674s] [ 58%] [32m[1mLinking CXX shared library librmv_task04__rosidl_typesupport_c.so[0m
[1.694s] [ 60%] [32m[1mLinking C shared library librmv_task04__rosidl_typesupport_introspection_c.so[0m
[1.716s] [ 60%] Built target rmv_task04__rosidl_typesupport_c
[1.723s] [ 60%] Built target rmv_task04__rosidl_typesupport_introspection_c
[1.799s] [ 62%] [32m[1mLinking CXX shared library librmv_task04__rosidl_typesupport_cpp.so[0m
[1.833s] [ 62%] Built target rmv_task04__rosidl_typesupport_cpp
[1.840s] [ 65%] [32m[1mLinking CXX shared library librmv_task04__rosidl_typesupport_introspection_cpp.so[0m
[1.849s] [ 67%] [32mBuilding CXX object CMakeFiles/ImgDealer.dir/src/img_dealer.cpp.o[0m
[1.874s] [ 69%] [32m[1mLinking CXX shared library librmv_task04__rosidl_typesupport_fastrtps_cpp.so[0m
[1.882s] [ 72%] [32m[1mLinking CXX shared library librmv_task04__rosidl_typesupport_fastrtps_c.so[0m
[1.888s] [ 72%] Built target rmv_task04__rosidl_typesupport_introspection_cpp
[1.920s] [ 72%] Built target rmv_task04__rosidl_typesupport_fastrtps_cpp
[1.926s] [ 72%] Built target rmv_task04__rosidl_typesupport_fastrtps_c
[1.940s] [ 72%] Built target rmv_task04
[1.954s] [ 74%] [34m[1mGenerating Python code for ROS interfaces[0m
[2.221s] [ 74%] Built target rmv_task04__py
[2.237s] [ 79%] [32mBuilding C object CMakeFiles/rmv_task04__rosidl_generator_py.dir/rosidl_generator_py/rmv_task04/msg/_object_s.c.o[0m
[2.237s] [ 79%] [32mBuilding C object CMakeFiles/rmv_task04__rosidl_generator_py.dir/rosidl_generator_py/rmv_task04/msg/_object_array_s.c.o[0m
[2.295s] [ 81%] [32m[1mLinking C shared library rosidl_generator_py/rmv_task04/librmv_task04__rosidl_generator_py.so[0m
[2.324s] [ 81%] Built target rmv_task04__rosidl_generator_py
[2.340s] [ 83%] [32mBuilding C object CMakeFiles/rmv_task04__rosidl_typesupport_fastrtps_c__pyext.dir/rosidl_generator_py/rmv_task04/_rmv_task04_s.ep.rosidl_typesupport_fastrtps_c.c.o[0m
[2.342s] [ 88%] [32mBuilding C object CMakeFiles/rmv_task04__rosidl_typesupport_introspection_c__pyext.dir/rosidl_generator_py/rmv_task04/_rmv_task04_s.ep.rosidl_typesupport_introspection_c.c.o[0m
[2.342s] [ 88%] [32mBuilding C object CMakeFiles/rmv_task04__rosidl_typesupport_c__pyext.dir/rosidl_generator_py/rmv_task04/_rmv_task04_s.ep.rosidl_typesupport_c.c.o[0m
[2.394s] [ 90%] [32m[1mLinking C shared library rosidl_generator_py/rmv_task04/rmv_task04_s__rosidl_typesupport_fastrtps_c.cpython-310-x86_64-linux-gnu.so[0m
[2.398s] [ 93%] [32m[1mLinking C shared library rosidl_generator_py/rmv_task04/rmv_task04_s__rosidl_typesupport_c.cpython-310-x86_64-linux-gnu.so[0m
[2.401s] [ 95%] [32m[1mLinking C shared library rosidl_generator_py/rmv_task04/rmv_task04_s__rosidl_typesupport_introspection_c.cpython-310-x86_64-linux-gnu.so[0m
[2.422s] [ 95%] Built target rmv_task04__rosidl_typesupport_fastrtps_c__pyext
[2.429s] [ 95%] Built target rmv_task04__rosidl_typesupport_introspection_c__pyext
[2.430s] [ 95%] Built target rmv_task04__rosidl_typesupport_c__pyext
[3.976s] [ 97%] [32m[1mLinking CXX executable ImgPublisher[0m
[4.058s] /usr/bin/ld: warning: libopencv_imgcodecs.so.4.5d, needed by /opt/ros/humble/lib/libcv_bridge.so, may conflict with libopencv_imgcodecs.so.412
[4.058s] /usr/bin/ld: warning: libopencv_imgproc.so.4.5d, needed by /opt/ros/humble/lib/libcv_bridge.so, may conflict with libopencv_imgproc.so.412
[4.059s] /usr/bin/ld: warning: libopencv_core.so.4.5d, needed by /opt/ros/humble/lib/libcv_bridge.so, may conflict with libopencv_core.so.412
[4.197s] [ 97%] Built target ImgPublisher
[6.010s] [100%] [32m[1mLinking CXX executable ImgDealer[0m
[6.106s] /usr/bin/ld: warning: libopencv_core.so.4.5d, needed by /opt/ros/humble/lib/libcv_bridge.so, may conflict with libopencv_core.so.412
[6.317s] [100%] Built target ImgDealer
[6.327s] Invoked command in '/home/hzy/ros2/XJTU-RMV-Task04/rmv_task04/build/rmv_task04' returned '0': CMAKE_PREFIX_PATH=/opt/ros/humble /usr/bin/cmake --build /home/hzy/ros2/XJTU-RMV-Task04/rmv_task04/build/rmv_task04 -- -j28 -l28
[6.332s] Invoking command in '/home/hzy/ros2/XJTU-RMV-Task04/rmv_task04/build/rmv_task04': CMAKE_PREFIX_PATH=/opt/ros/humble /usr/bin/cmake --install /home/hzy/ros2/XJTU-RMV-Task04/rmv_task04/build/rmv_task04
[6.337s] -- Install configuration: ""
[6.337s] -- Installing: /home/hzy/ros2/XJTU-RMV-Task04/rmv_task04/install/rmv_task04/share/ament_index/resource_index/rosidl_interfaces/rmv_task04
[6.337s] -- Installing: /home/hzy/ros2/XJTU-RMV-Task04/rmv_task04/install/rmv_task04/include/rmv_task04/rmv_task04
[6.337s] -- Installing: /home/hzy/ros2/XJTU-RMV-Task04/rmv_task04/install/rmv_task04/include/rmv_task04/rmv_task04/msg
[6.337s] -- Installing: /home/hzy/ros2/XJTU-RMV-Task04/rmv_task04/install/rmv_task04/include/rmv_task04/rmv_task04/msg/rosidl_generator_c__visibility_control.h
[6.337s] -- Installing: /home/hzy/ros2/XJTU-RMV-Task04/rmv_task04/install/rmv_task04/include/rmv_task04/rmv_task04/msg/object_array.h
[6.337s] -- Installing: /home/hzy/ros2/XJTU-RMV-Task04/rmv_task04/install/rmv_task04/include/rmv_task04/rmv_task04/msg/detail
[6.337s] -- Installing: /home/hzy/ros2/XJTU-RMV-Task04/rmv_task04/install/rmv_task04/include/rmv_task04/rmv_task04/msg/detail/object_array__functions.h
[6.337s] -- Installing: /home/hzy/ros2/XJTU-RMV-Task04/rmv_task04/install/rmv_task04/include/rmv_task04/rmv_task04/msg/detail/object__functions.c
[6.337s] -- Installing: /home/hzy/ros2/XJTU-RMV-Task04/rmv_task04/install/rmv_task04/include/rmv_task04/rmv_task04/msg/detail/object_array__struct.h
[6.337s] -- Installing: /home/hzy/ros2/XJTU-RMV-Task04/rmv_task04/install/rmv_task04/include/rmv_task04/rmv_task04/msg/detail/object__functions.h
[6.337s] -- Installing: /home/hzy/ros2/XJTU-RMV-Task04/rmv_task04/install/rmv_task04/include/rmv_task04/rmv_task04/msg/detail/object_array__type_support.h
[6.337s] -- Installing: /home/hzy/ros2/XJTU-RMV-Task04/rmv_task04/install/rmv_task04/include/rmv_task04/rmv_task04/msg/detail/object__struct.h
[6.337s] -- Installing: /home/hzy/ros2/XJTU-RMV-Task04/rmv_task04/install/rmv_task04/include/rmv_task04/rmv_task04/msg/detail/object__type_support.h
[6.337s] -- Installing: /home/hzy/ros2/XJTU-RMV-Task04/rmv_task04/install/rmv_task04/include/rmv_task04/rmv_task04/msg/detail/object_array__functions.c
[6.337s] -- Installing: /home/hzy/ros2/XJTU-RMV-Task04/rmv_task04/install/rmv_task04/include/rmv_task04/rmv_task04/msg/object.h
[6.337s] -- Installing: /home/hzy/ros2/XJTU-RMV-Task04/rmv_task04/install/rmv_task04/share/rmv_task04/environment/library_path.sh
[6.337s] -- Installing: /home/hzy/ros2/XJTU-RMV-Task04/rmv_task04/install/rmv_task04/share/rmv_task04/environment/library_path.dsv
[6.337s] -- Installing: /home/hzy/ros2/XJTU-RMV-Task04/rmv_task04/install/rmv_task04/lib/librmv_task04__rosidl_generator_c.so
[6.338s] -- Set runtime path of "/home/hzy/ros2/XJTU-RMV-Task04/rmv_task04/install/rmv_task04/lib/librmv_task04__rosidl_generator_c.so" to ""
[6.338s] -- Up-to-date: /home/hzy/ros2/XJTU-RMV-Task04/rmv_task04/install/rmv_task04/include/rmv_task04/rmv_task04
[6.338s] -- Up-to-date: /home/hzy/ros2/XJTU-RMV-Task04/rmv_task04/install/rmv_task04/include/rmv_task04/rmv_task04/msg
[6.338s] -- Up-to-date: /home/hzy/ros2/XJTU-RMV-Task04/rmv_task04/install/rmv_task04/include/rmv_task04/rmv_task04/msg/detail
[6.339s] -- Installing: /home/hzy/ros2/XJTU-RMV-Task04/rmv_task04/install/rmv_task04/include/rmv_task04/rmv_task04/msg/detail/object__rosidl_typesupport_fastrtps_c.h
[6.339s] -- Installing: /home/hzy/ros2/XJTU-RMV-Task04/rmv_task04/install/rmv_task04/include/rmv_task04/rmv_task04/msg/detail/object_array__rosidl_typesupport_fastrtps_c.h
[6.339s] -- Installing: /home/hzy/ros2/XJTU-RMV-Task04/rmv_task04/install/rmv_task04/include/rmv_task04/rmv_task04/msg/rosidl_typesupport_fastrtps_c__visibility_control.h
[6.339s] -- Installing: /home/hzy/ros2/XJTU-RMV-Task04/rmv_task04/install/rmv_task04/lib/librmv_task04__rosidl_typesupport_fastrtps_c.so
[6.339s] -- Set runtime path of "/home/hzy/ros2/XJTU-RMV-Task04/rmv_task04/install/rmv_task04/lib/librmv_task04__rosidl_typesupport_fastrtps_c.so" to ""
[6.339s] -- Up-to-date: /home/hzy/ros2/XJTU-RMV-Task04/rmv_task04/install/rmv_task04/include/rmv_task04/rmv_task04
[6.339s] -- Up-to-date: /home/hzy/ros2/XJTU-RMV-Task04/rmv_task04/install/rmv_task04/include/rmv_task04/rmv_task04/msg
[6.339s] -- Installing: /home/hzy/ros2/XJTU-RMV-Task04/rmv_task04/install/rmv_task04/include/rmv_task04/rmv_task04/msg/object_array.hpp
[6.339s] -- Installing: /home/hzy/ros2/XJTU-RMV-Task04/rmv_task04/install/rmv_task04/include/rmv_task04/rmv_task04/msg/rosidl_generator_cpp__visibility_control.hpp
[6.340s] -- Up-to-date: /home/hzy/ros2/XJTU-RMV-Task04/rmv_task04/install/rmv_task04/include/rmv_task04/rmv_task04/msg/detail
[6.340s] -- Installing: /home/hzy/ros2/XJTU-RMV-Task04/rmv_task04/install/rmv_task04/include/rmv_task04/rmv_task04/msg/detail/object_array__type_support.hpp
[6.340s] -- Installing: /home/hzy/ros2/XJTU-RMV-Task04/rmv_task04/install/rmv_task04/include/rmv_task04/rmv_task04/msg/detail/object_array__traits.hpp
[6.340s] -- Installing: /home/hzy/ros2/XJTU-RMV-Task04/rmv_task04/install/rmv_task04/include/rmv_task04/rmv_task04/msg/detail/object_array__builder.hpp
[6.340s] -- Installing: /home/hzy/ros2/XJTU-RMV-Task04/rmv_task04/install/rmv_task04/include/rmv_task04/rmv_task04/msg/detail/object_array__struct.hpp
[6.340s] -- Installing: /home/hzy/ros2/XJTU-RMV-Task04/rmv_task04/install/rmv_task04/include/rmv_task04/rmv_task04/msg/detail/object__type_support.hpp
[6.340s] -- Installing: /home/hzy/ros2/XJTU-RMV-Task04/rmv_task04/install/rmv_task04/include/rmv_task04/rmv_task04/msg/detail/object__traits.hpp
[6.340s] -- Installing: /home/hzy/ros2/XJTU-RMV-Task04/rmv_task04/install/rmv_task04/include/rmv_task04/rmv_task04/msg/detail/object__builder.hpp
[6.340s] -- Installing: /home/hzy/ros2/XJTU-RMV-Task04/rmv_task04/install/rmv_task04/include/rmv_task04/rmv_task04/msg/detail/object__struct.hpp
[6.340s] -- Installing: /home/hzy/ros2/XJTU-RMV-Task04/rmv_task04/install/rmv_task04/include/rmv_task04/rmv_task04/msg/object.hpp
[6.340s] -- Up-to-date: /home/hzy/ros2/XJTU-RMV-Task04/rmv_task04/install/rmv_task04/include/rmv_task04/rmv_task04
[6.340s] -- Up-to-date: /home/hzy/ros2/XJTU-RMV-Task04/rmv_task04/install/rmv_task04/include/rmv_task04/rmv_task04/msg
[6.340s] -- Installing: /home/hzy/ros2/XJTU-RMV-Task04/rmv_task04/install/rmv_task04/include/rmv_task04/rmv_task04/msg/rosidl_typesupport_fastrtps_cpp__visibility_control.h
[6.340s] -- Up-to-date: /home/hzy/ros2/XJTU-RMV-Task04/rmv_task04/install/rmv_task04/include/rmv_task04/rmv_task04/msg/detail
[6.340s] -- Installing: /home/hzy/ros2/XJTU-RMV-Task04/rmv_task04/install/rmv_task04/include/rmv_task04/rmv_task04/msg/detail/object_array__rosidl_typesupport_fastrtps_cpp.hpp
[6.340s] -- Installing: /home/hzy/ros2/XJTU-RMV-Task04/rmv_task04/install/rmv_task04/include/rmv_task04/rmv_task04/msg/detail/object__rosidl_typesupport_fastrtps_cpp.hpp
[6.340s] -- Installing: /home/hzy/ros2/XJTU-RMV-Task04/rmv_task04/install/rmv_task04/include/rmv_task04/rmv_task04/msg/detail/dds_fastrtps
[6.340s] -- Installing: /home/hzy/ros2/XJTU-RMV-Task04/rmv_task04/install/rmv_task04/lib/librmv_task04__rosidl_typesupport_fastrtps_cpp.so
[6.340s] -- Set runtime path of "/home/hzy/ros2/XJTU-RMV-Task04/rmv_task04/install/rmv_task04/lib/librmv_task04__rosidl_typesupport_fastrtps_cpp.so" to ""
[6.340s] -- Up-to-date: /home/hzy/ros2/XJTU-RMV-Task04/rmv_task04/install/rmv_task04/include/rmv_task04/rmv_task04
[6.340s] -- Up-to-date: /home/hzy/ros2/XJTU-RMV-Task04/rmv_task04/install/rmv_task04/include/rmv_task04/rmv_task04/msg
[6.340s] -- Installing: /home/hzy/ros2/XJTU-RMV-Task04/rmv_task04/install/rmv_task04/include/rmv_task04/rmv_task04/msg/rosidl_typesupport_introspection_c__visibility_control.h
[6.340s] -- Up-to-date: /home/hzy/ros2/XJTU-RMV-Task04/rmv_task04/install/rmv_task04/include/rmv_task04/rmv_task04/msg/detail
[6.340s] -- Installing: /home/hzy/ros2/XJTU-RMV-Task04/rmv_task04/install/rmv_task04/include/rmv_task04/rmv_task04/msg/detail/object__type_support.c
[6.340s] -- Installing: /home/hzy/ros2/XJTU-RMV-Task04/rmv_task04/install/rmv_task04/include/rmv_task04/rmv_task04/msg/detail/object_array__type_support.c
[6.340s] -- Installing: /home/hzy/ros2/XJTU-RMV-Task04/rmv_task04/install/rmv_task04/include/rmv_task04/rmv_task04/msg/detail/object_array__rosidl_typesupport_introspection_c.h
[6.340s] -- Installing: /home/hzy/ros2/XJTU-RMV-Task04/rmv_task04/install/rmv_task04/include/rmv_task04/rmv_task04/msg/detail/object__rosidl_typesupport_introspection_c.h
[6.340s] -- Installing: /home/hzy/ros2/XJTU-RMV-Task04/rmv_task04/install/rmv_task04/lib/librmv_task04__rosidl_typesupport_introspection_c.so
[6.340s] -- Set runtime path of "/home/hzy/ros2/XJTU-RMV-Task04/rmv_task04/install/rmv_task04/lib/librmv_task04__rosidl_typesupport_introspection_c.so" to ""
[6.340s] -- Installing: /home/hzy/ros2/XJTU-RMV-Task04/rmv_task04/install/rmv_task04/lib/librmv_task04__rosidl_typesupport_c.so
[6.340s] -- Set runtime path of "/home/hzy/ros2/XJTU-RMV-Task04/rmv_task04/install/rmv_task04/lib/librmv_task04__rosidl_typesupport_c.so" to ""
[6.340s] -- Up-to-date: /home/hzy/ros2/XJTU-RMV-Task04/rmv_task04/install/rmv_task04/include/rmv_task04/rmv_task04
[6.340s] -- Up-to-date: /home/hzy/ros2/XJTU-RMV-Task04/rmv_task04/install/rmv_task04/include/rmv_task04/rmv_task04/msg
[6.340s] -- Up-to-date: /home/hzy/ros2/XJTU-RMV-Task04/rmv_task04/install/rmv_task04/include/rmv_task04/rmv_task04/msg/detail
[6.340s] -- Installing: /home/hzy/ros2/XJTU-RMV-Task04/rmv_task04/install/rmv_task04/include/rmv_task04/rmv_task04/msg/detail/object__rosidl_typesupport_introspection_cpp.hpp
[6.340s] -- Installing: /home/hzy/ros2/XJTU-RMV-Task04/rmv_task04/install/rmv_task04/include/rmv_task04/rmv_task04/msg/detail/object__type_support.cpp
[6.340s] -- Installing: /home/hzy/ros2/XJTU-RMV-Task04/rmv_task04/install/rmv_task04/include/rmv_task04/rmv_task04/msg/detail/object_array__rosidl_typesupport_introspection_cpp.hpp
[6.341s] -- Installing: /home/hzy/ros2/XJTU-RMV-Task04/rmv_task04/install/rmv_task04/include/rmv_task04/rmv_task04/msg/detail/object_array__type_support.cpp
[6.341s] -- Installing: /home/hzy/ros2/XJTU-RMV-Task04/rmv_task04/install/rmv_task04/lib/librmv_task04__rosidl_typesupport_introspection_cpp.so
[6.341s] -- Set runtime path of "/home/hzy/ros2/XJTU-RMV-Task04/rmv_task04/install/rmv_task04/lib/librmv_task04__rosidl_typesupport_introspection_cpp.so" to ""
[6.341s] -- Installing: /home/hzy/ros2/XJTU-RMV-Task04/rmv_task04/install/rmv_task04/lib/librmv_task04__rosidl_typesupport_cpp.so
[6.341s] -- Set runtime path of "/home/hzy/ros2/XJTU-RMV-Task04/rmv_task04/install/rmv_task04/lib/librmv_task04__rosidl_typesupport_cpp.so" to ""
[6.341s] -- Installing: /home/hzy/ros2/XJTU-RMV-Task04/rmv_task04/install/rmv_task04/share/rmv_task04/environment/pythonpath.sh
[6.341s] -- Installing: /home/hzy/ros2/XJTU-RMV-Task04/rmv_task04/install/rmv_task04/share/rmv_task04/environment/pythonpath.dsv
[6.341s] -- Installing: /home/hzy/ros2/XJTU-RMV-Task04/rmv_task04/install/rmv_task04/local/lib/python3.10/dist-packages/rmv_task04-0.0.0-py3.10.egg-info
[6.341s] -- Installing: /home/hzy/ros2/XJTU-RMV-Task04/rmv_task04/install/rmv_task04/local/lib/python3.10/dist-packages/rmv_task04-0.0.0-py3.10.egg-info/PKG-INFO
[6.341s] -- Installing: /home/hzy/ros2/XJTU-RMV-Task04/rmv_task04/install/rmv_task04/local/lib/python3.10/dist-packages/rmv_task04-0.0.0-py3.10.egg-info/SOURCES.txt
[6.341s] -- Installing: /home/hzy/ros2/XJTU-RMV-Task04/rmv_task04/install/rmv_task04/local/lib/python3.10/dist-packages/rmv_task04-0.0.0-py3.10.egg-info/dependency_links.txt
[6.341s] -- Installing: /home/hzy/ros2/XJTU-RMV-Task04/rmv_task04/install/rmv_task04/local/lib/python3.10/dist-packages/rmv_task04-0.0.0-py3.10.egg-info/top_level.txt
[6.341s] -- Installing: /home/hzy/ros2/XJTU-RMV-Task04/rmv_task04/install/rmv_task04/local/lib/python3.10/dist-packages/rmv_task04
[6.341s] -- Installing: /home/hzy/ros2/XJTU-RMV-Task04/rmv_task04/install/rmv_task04/local/lib/python3.10/dist-packages/rmv_task04/_rmv_task04_s.ep.rosidl_typesupport_introspection_c.c
[6.341s] -- Installing: /home/hzy/ros2/XJTU-RMV-Task04/rmv_task04/install/rmv_task04/local/lib/python3.10/dist-packages/rmv_task04/librmv_task04__rosidl_generator_py.so
[6.341s] -- Installing: /home/hzy/ros2/XJTU-RMV-Task04/rmv_task04/install/rmv_task04/local/lib/python3.10/dist-packages/rmv_task04/__init__.py
[6.341s] -- Installing: /home/hzy/ros2/XJTU-RMV-Task04/rmv_task04/install/rmv_task04/local/lib/python3.10/dist-packages/rmv_task04/_rmv_task04_s.ep.rosidl_typesupport_c.c
[6.341s] -- Installing: /home/hzy/ros2/XJTU-RMV-Task04/rmv_task04/install/rmv_task04/local/lib/python3.10/dist-packages/rmv_task04/rmv_task04_s__rosidl_typesupport_fastrtps_c.cpython-310-x86_64-linux-gnu.so
[6.341s] -- Installing: /home/hzy/ros2/XJTU-RMV-Task04/rmv_task04/install/rmv_task04/local/lib/python3.10/dist-packages/rmv_task04/rmv_task04_s__rosidl_typesupport_introspection_c.cpython-310-x86_64-linux-gnu.so
[6.341s] -- Installing: /home/hzy/ros2/XJTU-RMV-Task04/rmv_task04/install/rmv_task04/local/lib/python3.10/dist-packages/rmv_task04/msg
[6.341s] -- Installing: /home/hzy/ros2/XJTU-RMV-Task04/rmv_task04/install/rmv_task04/local/lib/python3.10/dist-packages/rmv_task04/msg/_object_array_s.c
[6.341s] -- Installing: /home/hzy/ros2/XJTU-RMV-Task04/rmv_task04/install/rmv_task04/local/lib/python3.10/dist-packages/rmv_task04/msg/_object.py
[6.341s] -- Installing: /home/hzy/ros2/XJTU-RMV-Task04/rmv_task04/install/rmv_task04/local/lib/python3.10/dist-packages/rmv_task04/msg/_object_array.py
[6.341s] -- Installing: /home/hzy/ros2/XJTU-RMV-Task04/rmv_task04/install/rmv_task04/local/lib/python3.10/dist-packages/rmv_task04/msg/_object_s.c
[6.341s] -- Installing: /home/hzy/ros2/XJTU-RMV-Task04/rmv_task04/install/rmv_task04/local/lib/python3.10/dist-packages/rmv_task04/msg/__init__.py
[6.341s] -- Installing: /home/hzy/ros2/XJTU-RMV-Task04/rmv_task04/install/rmv_task04/local/lib/python3.10/dist-packages/rmv_task04/_rmv_task04_s.ep.rosidl_typesupport_fastrtps_c.c
[6.341s] -- Installing: /home/hzy/ros2/XJTU-RMV-Task04/rmv_task04/install/rmv_task04/local/lib/python3.10/dist-packages/rmv_task04/rmv_task04_s__rosidl_typesupport_c.cpython-310-x86_64-linux-gnu.so
[6.358s] Listing '/home/hzy/ros2/XJTU-RMV-Task04/rmv_task04/install/rmv_task04/local/lib/python3.10/dist-packages/rmv_task04'...
[6.358s] Compiling '/home/hzy/ros2/XJTU-RMV-Task04/rmv_task04/install/rmv_task04/local/lib/python3.10/dist-packages/rmv_task04/__init__.py'...
[6.358s] Listing '/home/hzy/ros2/XJTU-RMV-Task04/rmv_task04/install/rmv_task04/local/lib/python3.10/dist-packages/rmv_task04/msg'...
[6.358s] Compiling '/home/hzy/ros2/XJTU-RMV-Task04/rmv_task04/install/rmv_task04/local/lib/python3.10/dist-packages/rmv_task04/msg/__init__.py'...
[6.358s] Compiling '/home/hzy/ros2/XJTU-RMV-Task04/rmv_task04/install/rmv_task04/local/lib/python3.10/dist-packages/rmv_task04/msg/_object.py'...
[6.358s] Compiling '/home/hzy/ros2/XJTU-RMV-Task04/rmv_task04/install/rmv_task04/local/lib/python3.10/dist-packages/rmv_task04/msg/_object_array.py'...
[6.360s] -- Installing: /home/hzy/ros2/XJTU-RMV-Task04/rmv_task04/install/rmv_task04/local/lib/python3.10/dist-packages/rmv_task04/rmv_task04_s__rosidl_typesupport_fastrtps_c.cpython-310-x86_64-linux-gnu.so
[6.360s] -- Set runtime path of "/home/hzy/ros2/XJTU-RMV-Task04/rmv_task04/install/rmv_task04/local/lib/python3.10/dist-packages/rmv_task04/rmv_task04_s__rosidl_typesupport_fastrtps_c.cpython-310-x86_64-linux-gnu.so" to ""
[6.360s] -- Installing: /home/hzy/ros2/XJTU-RMV-Task04/rmv_task04/install/rmv_task04/local/lib/python3.10/dist-packages/rmv_task04/rmv_task04_s__rosidl_typesupport_introspection_c.cpython-310-x86_64-linux-gnu.so
[6.360s] -- Set runtime path of "/home/hzy/ros2/XJTU-RMV-Task04/rmv_task04/install/rmv_task04/local/lib/python3.10/dist-packages/rmv_task04/rmv_task04_s__rosidl_typesupport_introspection_c.cpython-310-x86_64-linux-gnu.so" to ""
[6.360s] -- Installing: /home/hzy/ros2/XJTU-RMV-Task04/rmv_task04/install/rmv_task04/local/lib/python3.10/dist-packages/rmv_task04/rmv_task04_s__rosidl_typesupport_c.cpython-310-x86_64-linux-gnu.so
[6.361s] -- Set runtime path of "/home/hzy/ros2/XJTU-RMV-Task04/rmv_task04/install/rmv_task04/local/lib/python3.10/dist-packages/rmv_task04/rmv_task04_s__rosidl_typesupport_c.cpython-310-x86_64-linux-gnu.so" to ""
[6.361s] -- Installing: /home/hzy/ros2/XJTU-RMV-Task04/rmv_task04/install/rmv_task04/lib/librmv_task04__rosidl_generator_py.so
[6.361s] -- Set runtime path of "/home/hzy/ros2/XJTU-RMV-Task04/rmv_task04/install/rmv_task04/lib/librmv_task04__rosidl_generator_py.so" to ""
[6.361s] -- Installing: /home/hzy/ros2/XJTU-RMV-Task04/rmv_task04/install/rmv_task04/share/rmv_task04/msg/Object.idl
[6.361s] -- Installing: /home/hzy/ros2/XJTU-RMV-Task04/rmv_task04/install/rmv_task04/share/rmv_task04/msg/ObjectArray.idl
[6.361s] -- Installing: /home/hzy/ros2/XJTU-RMV-Task04/rmv_task04/install/rmv_task04/share/rmv_task04/msg/Object.msg
[6.361s] -- Installing: /home/hzy/ros2/XJTU-RMV-Task04/rmv_task04/install/rmv_task04/share/rmv_task04/msg/ObjectArray.msg
[6.361s] -- Installing: /home/hzy/ros2/XJTU-RMV-Task04/rmv_task04/install/rmv_task04/lib/rmv_task04/ImgPublisher
[6.361s] -- Set runtime path of "/home/hzy/ros2/XJTU-RMV-Task04/rmv_task04/install/rmv_task04/lib/rmv_task04/ImgPublisher" to ""
[6.362s] -- Installing: /home/hzy/ros2/XJTU-RMV-Task04/rmv_task04/install/rmv_task04/lib/rmv_task04/ImgDealer
[6.363s] -- Set runtime path of "/home/hzy/ros2/XJTU-RMV-Task04/rmv_task04/install/rmv_task04/lib/rmv_task04/ImgDealer" to ""
[6.363s] -- Installing: /home/hzy/ros2/XJTU-RMV-Task04/rmv_task04/install/rmv_task04/share/rmv_task04//launch
[6.364s] -- Installing: /home/hzy/ros2/XJTU-RMV-Task04/rmv_task04/install/rmv_task04/share/rmv_task04//launch/launch.py
[6.364s] -- Installing: /home/hzy/ros2/XJTU-RMV-Task04/rmv_task04/install/rmv_task04/share/ament_index/resource_index/package_run_dependencies/rmv_task04
[6.364s] -- Installing: /home/hzy/ros2/XJTU-RMV-Task04/rmv_task04/install/rmv_task04/share/ament_index/resource_index/parent_prefix_path/rmv_task04
[6.364s] -- Installing: /home/hzy/ros2/XJTU-RMV-Task04/rmv_task04/install/rmv_task04/share/rmv_task04/environment/ament_prefix_path.sh
[6.364s] -- Installing: /home/hzy/ros2/XJTU-RMV-Task04/rmv_task04/install/rmv_task04/share/rmv_task04/environment/ament_prefix_path.dsv
[6.364s] -- Installing: /home/hzy/ros2/XJTU-RMV-Task04/rmv_task04/install/rmv_task04/share/rmv_task04/environment/path.sh
[6.364s] -- Installing: /home/hzy/ros2/XJTU-RMV-Task04/rmv_task04/install/rmv_task04/share/rmv_task04/environment/path.dsv
[6.364s] -- Installing: /home/hzy/ros2/XJTU-RMV-Task04/rmv_task04/install/rmv_task04/share/rmv_task04/local_setup.bash
[6.364s] -- Installing: /home/hzy/ros2/XJTU-RMV-Task04/rmv_task04/install/rmv_task04/share/rmv_task04/local_setup.sh
[6.364s] -- Installing: /home/hzy/ros2/XJTU-RMV-Task04/rmv_task04/install/rmv_task04/share/rmv_task04/local_setup.zsh
[6.364s] -- Installing: /home/hzy/ros2/XJTU-RMV-Task04/rmv_task04/install/rmv_task04/share/rmv_task04/local_setup.dsv
[6.364s] -- Installing: /home/hzy/ros2/XJTU-RMV-Task04/rmv_task04/install/rmv_task04/share/rmv_task04/package.dsv
[6.364s] -- Installing: /home/hzy/ros2/XJTU-RMV-Task04/rmv_task04/install/rmv_task04/share/ament_index/resource_index/packages/rmv_task04
[6.364s] -- Installing: /home/hzy/ros2/XJTU-RMV-Task04/rmv_task04/install/rmv_task04/share/rmv_task04/cmake/export_rmv_task04__rosidl_generator_cExport.cmake
[6.364s] -- Installing: /home/hzy/ros2/XJTU-RMV-Task04/rmv_task04/install/rmv_task04/share/rmv_task04/cmake/export_rmv_task04__rosidl_generator_cExport-noconfig.cmake
[6.364s] -- Installing: /home/hzy/ros2/XJTU-RMV-Task04/rmv_task04/install/rmv_task04/share/rmv_task04/cmake/export_rmv_task04__rosidl_typesupport_fastrtps_cExport.cmake
[6.364s] -- Installing: /home/hzy/ros2/XJTU-RMV-Task04/rmv_task04/install/rmv_task04/share/rmv_task04/cmake/export_rmv_task04__rosidl_typesupport_fastrtps_cExport-noconfig.cmake
[6.364s] -- Installing: /home/hzy/ros2/XJTU-RMV-Task04/rmv_task04/install/rmv_task04/share/rmv_task04/cmake/export_rmv_task04__rosidl_generator_cppExport.cmake
[6.364s] -- Installing: /home/hzy/ros2/XJTU-RMV-Task04/rmv_task04/install/rmv_task04/share/rmv_task04/cmake/export_rmv_task04__rosidl_typesupport_fastrtps_cppExport.cmake
[6.364s] -- Installing: /home/hzy/ros2/XJTU-RMV-Task04/rmv_task04/install/rmv_task04/share/rmv_task04/cmake/export_rmv_task04__rosidl_typesupport_fastrtps_cppExport-noconfig.cmake
[6.364s] -- Installing: /home/hzy/ros2/XJTU-RMV-Task04/rmv_task04/install/rmv_task04/share/rmv_task04/cmake/rmv_task04__rosidl_typesupport_introspection_cExport.cmake
[6.364s] -- Installing: /home/hzy/ros2/XJTU-RMV-Task04/rmv_task04/install/rmv_task04/share/rmv_task04/cmake/rmv_task04__rosidl_typesupport_introspection_cExport-noconfig.cmake
[6.364s] -- Installing: /home/hzy/ros2/XJTU-RMV-Task04/rmv_task04/install/rmv_task04/share/rmv_task04/cmake/rmv_task04__rosidl_typesupport_cExport.cmake
[6.364s] -- Installing: /home/hzy/ros2/XJTU-RMV-Task04/rmv_task04/install/rmv_task04/share/rmv_task04/cmake/rmv_task04__rosidl_typesupport_cExport-noconfig.cmake
[6.364s] -- Installing: /home/hzy/ros2/XJTU-RMV-Task04/rmv_task04/install/rmv_task04/share/rmv_task04/cmake/rmv_task04__rosidl_typesupport_introspection_cppExport.cmake
[6.364s] -- Installing: /home/hzy/ros2/XJTU-RMV-Task04/rmv_task04/install/rmv_task04/share/rmv_task04/cmake/rmv_task04__rosidl_typesupport_introspection_cppExport-noconfig.cmake
[6.364s] -- Installing: /home/hzy/ros2/XJTU-RMV-Task04/rmv_task04/install/rmv_task04/share/rmv_task04/cmake/rmv_task04__rosidl_typesupport_cppExport.cmake
[6.364s] -- Installing: /home/hzy/ros2/XJTU-RMV-Task04/rmv_task04/install/rmv_task04/share/rmv_task04/cmake/rmv_task04__rosidl_typesupport_cppExport-noconfig.cmake
[6.364s] -- Installing: /home/hzy/ros2/XJTU-RMV-Task04/rmv_task04/install/rmv_task04/share/rmv_task04/cmake/export_rmv_task04__rosidl_generator_pyExport.cmake
[6.365s] -- Installing: /home/hzy/ros2/XJTU-RMV-Task04/rmv_task04/install/rmv_task04/share/rmv_task04/cmake/export_rmv_task04__rosidl_generator_pyExport-noconfig.cmake
[6.365s] -- Installing: /home/hzy/ros2/XJTU-RMV-Task04/rmv_task04/install/rmv_task04/share/rmv_task04/cmake/rosidl_cmake-extras.cmake
[6.365s] -- Installing: /home/hzy/ros2/XJTU-RMV-Task04/rmv_task04/install/rmv_task04/share/rmv_task04/cmake/ament_cmake_export_dependencies-extras.cmake
[6.365s] -- Installing: /home/hzy/ros2/XJTU-RMV-Task04/rmv_task04/install/rmv_task04/share/rmv_task04/cmake/ament_cmake_export_include_directories-extras.cmake
[6.365s] -- Installing: /home/hzy/ros2/XJTU-RMV-Task04/rmv_task04/install/rmv_task04/share/rmv_task04/cmake/ament_cmake_export_libraries-extras.cmake
[6.365s] -- Installing: /home/hzy/ros2/XJTU-RMV-Task04/rmv_task04/install/rmv_task04/share/rmv_task04/cmake/ament_cmake_export_targets-extras.cmake
[6.365s] -- Installing: /home/hzy/ros2/XJTU-RMV-Task04/rmv_task04/install/rmv_task04/share/rmv_task04/cmake/rosidl_cmake_export_typesupport_targets-extras.cmake
[6.365s] -- Installing: /home/hzy/ros2/XJTU-RMV-Task04/rmv_task04/install/rmv_task04/share/rmv_task04/cmake/rosidl_cmake_export_typesupport_libraries-extras.cmake
[6.365s] -- Installing: /home/hzy/ros2/XJTU-RMV-Task04/rmv_task04/install/rmv_task04/share/rmv_task04/cmake/rmv_task04Config.cmake
[6.365s] -- Installing: /home/hzy/ros2/XJTU-RMV-Task04/rmv_task04/install/rmv_task04/share/rmv_task04/cmake/rmv_task04Config-version.cmake
[6.365s] -- Installing: /home/hzy/ros2/XJTU-RMV-Task04/rmv_task04/install/rmv_task04/share/rmv_task04/package.xml
[6.366s] Invoked command in '/home/hzy/ros2/XJTU-RMV-Task04/rmv_task04/build/rmv_task04' returned '0': CMAKE_PREFIX_PATH=/opt/ros/humble /usr/bin/cmake --install /home/hzy/ros2/XJTU-RMV-Task04/rmv_task04/build/rmv_task04
