[0.009s] Invoking command in '/home/hzy/ros2/XJTU-RMV-Task04/Task04/build/Task04': CMAKE_PREFIX_PATH=/opt/ros/humble /usr/bin/cmake /home/hzy/ros2/XJTU-RMV-Task04/Task04 -DCMAKE_INSTALL_PREFIX=/home/hzy/ros2/XJTU-RMV-Task04/Task04/install/Task04
[0.068s] -- The C compiler identification is GNU 11.4.0
[0.119s] -- The CXX compiler identification is GNU 11.4.0
[0.125s] -- Detecting C compiler ABI info
[0.218s] -- Detecting C compiler ABI info - done
[0.224s] -- Check for working C compiler: /usr/bin/cc - skipped
[0.225s] -- Detecting C compile features
[0.225s] -- Detecting C compile features - done
[0.228s] -- Detecting CXX compiler ABI info
[0.314s] -- Detecting CXX compiler ABI info - done
[0.320s] -- Check for working CXX compiler: /usr/bin/c++ - skipped
[0.320s] -- Detecting CXX compile features
[0.321s] -- Detecting CXX compile features - done
[0.331s] -- Found ament_cmake: 1.3.12 (/opt/ros/humble/share/ament_cmake/cmake)
[0.499s] -- Found Python3: /usr/bin/python3 (found version "3.10.12") found components: Interpreter 
[0.635s] -- Found rclcpp: 16.0.15 (/opt/ros/humble/share/rclcpp/cmake)
[0.681s] -- Found rosidl_generator_c: 3.1.7 (/opt/ros/humble/share/rosidl_generator_c/cmake)
[0.684s] -- Found rosidl_adapter: 3.1.7 (/opt/ros/humble/share/rosidl_adapter/cmake)
[0.690s] -- Found rosidl_generator_cpp: 3.1.7 (/opt/ros/humble/share/rosidl_generator_cpp/cmake)
[0.699s] -- Using all available rosidl_typesupport_c: rosidl_typesupport_fastrtps_c;rosidl_typesupport_introspection_c
[0.711s] -- Using all available rosidl_typesupport_cpp: rosidl_typesupport_fastrtps_cpp;rosidl_typesupport_introspection_cpp
[0.766s] -- Found rmw_implementation_cmake: 6.1.2 (/opt/ros/humble/share/rmw_implementation_cmake/cmake)
[0.770s] -- Found rmw_fastrtps_cpp: 6.2.8 (/opt/ros/humble/share/rmw_fastrtps_cpp/cmake)
[0.916s] -- Found OpenSSL: /usr/lib/x86_64-linux-gnu/libcrypto.so (found version "3.0.2")  
[0.948s] -- Found FastRTPS: /opt/ros/humble/include  
[0.981s] -- Using RMW implementation 'rmw_fastrtps_cpp' as default
[0.999s] -- Looking for pthread.h
[1.090s] -- Looking for pthread.h - found
[1.090s] -- Performing Test CMAKE_HAVE_LIBC_PTHREAD
[1.195s] -- Performing Test CMAKE_HAVE_LIBC_PTHREAD - Success
[1.196s] -- Found Threads: TRUE  
[1.248s] -- Found ament_lint_auto: 0.12.14 (/opt/ros/humble/share/ament_lint_auto/cmake)
[1.291s] WARNING: Package name "Task04" does not follow the naming conventions. It should start with a lower case letter and only contain lower case letters, digits, underscores, and dashes.
[1.317s] -- Added test 'cppcheck' to perform static code analysis on C / C++ code
[1.317s] -- Configured cppcheck include dirs: 
[1.317s] -- Configured cppcheck exclude dirs and/or files: 
[1.318s] -- Added test 'lint_cmake' to check CMake code style
[1.323s] -- Added test 'uncrustify' to check C / C++ code style
[1.323s] -- Configured uncrustify additional arguments: 
[1.325s] -- Added test 'xmllint' to check XML markup files
[1.326s] -- Configuring done
[1.328s] -- Generating done
[1.330s] -- Build files have been written to: /home/hzy/ros2/XJTU-RMV-Task04/Task04/build/Task04
[1.344s] Invoked command in '/home/hzy/ros2/XJTU-RMV-Task04/Task04/build/Task04' returned '0': CMAKE_PREFIX_PATH=/opt/ros/humble /usr/bin/cmake /home/hzy/ros2/XJTU-RMV-Task04/Task04 -DCMAKE_INSTALL_PREFIX=/home/hzy/ros2/XJTU-RMV-Task04/Task04/install/Task04
[1.345s] Invoking command in '/home/hzy/ros2/XJTU-RMV-Task04/Task04/build/Task04': CMAKE_PREFIX_PATH=/opt/ros/humble /usr/bin/cmake --build /home/hzy/ros2/XJTU-RMV-Task04/Task04/build/Task04 -- -j28 -l28
[1.382s] Invoked command in '/home/hzy/ros2/XJTU-RMV-Task04/Task04/build/Task04' returned '0': CMAKE_PREFIX_PATH=/opt/ros/humble /usr/bin/cmake --build /home/hzy/ros2/XJTU-RMV-Task04/Task04/build/Task04 -- -j28 -l28
[1.387s] Invoking command in '/home/hzy/ros2/XJTU-RMV-Task04/Task04/build/Task04': CMAKE_PREFIX_PATH=/opt/ros/humble /usr/bin/cmake --install /home/hzy/ros2/XJTU-RMV-Task04/Task04/build/Task04
[1.396s] -- Install configuration: ""
[1.396s] -- Installing: /home/hzy/ros2/XJTU-RMV-Task04/Task04/install/Task04/share/ament_index/resource_index/package_run_dependencies/Task04
[1.397s] -- Installing: /home/hzy/ros2/XJTU-RMV-Task04/Task04/install/Task04/share/ament_index/resource_index/parent_prefix_path/Task04
[1.397s] -- Installing: /home/hzy/ros2/XJTU-RMV-Task04/Task04/install/Task04/share/Task04/environment/ament_prefix_path.sh
[1.397s] -- Installing: /home/hzy/ros2/XJTU-RMV-Task04/Task04/install/Task04/share/Task04/environment/ament_prefix_path.dsv
[1.397s] -- Installing: /home/hzy/ros2/XJTU-RMV-Task04/Task04/install/Task04/share/Task04/environment/path.sh
[1.397s] -- Installing: /home/hzy/ros2/XJTU-RMV-Task04/Task04/install/Task04/share/Task04/environment/path.dsv
[1.397s] -- Installing: /home/hzy/ros2/XJTU-RMV-Task04/Task04/install/Task04/share/Task04/local_setup.bash
[1.397s] -- Installing: /home/hzy/ros2/XJTU-RMV-Task04/Task04/install/Task04/share/Task04/local_setup.sh
[1.397s] -- Installing: /home/hzy/ros2/XJTU-RMV-Task04/Task04/install/Task04/share/Task04/local_setup.zsh
[1.397s] -- Installing: /home/hzy/ros2/XJTU-RMV-Task04/Task04/install/Task04/share/Task04/local_setup.dsv
[1.397s] -- Installing: /home/hzy/ros2/XJTU-RMV-Task04/Task04/install/Task04/share/Task04/package.dsv
[1.397s] -- Installing: /home/hzy/ros2/XJTU-RMV-Task04/Task04/install/Task04/share/ament_index/resource_index/packages/Task04
[1.398s] -- Installing: /home/hzy/ros2/XJTU-RMV-Task04/Task04/install/Task04/share/Task04/cmake/Task04Config.cmake
[1.398s] -- Installing: /home/hzy/ros2/XJTU-RMV-Task04/Task04/install/Task04/share/Task04/cmake/Task04Config-version.cmake
[1.398s] -- Installing: /home/hzy/ros2/XJTU-RMV-Task04/Task04/install/Task04/share/Task04/package.xml
[1.400s] Invoked command in '/home/hzy/ros2/XJTU-RMV-Task04/Task04/build/Task04' returned '0': CMAKE_PREFIX_PATH=/opt/ros/humble /usr/bin/cmake --install /home/hzy/ros2/XJTU-RMV-Task04/Task04/build/Task04
