[0.007s] Invoking command in '/home/hzy/ros2/chapt3/chapt3_ws/src/example_topic_rclcpp/build/example_topic_rclcpp': CMAKE_PREFIX_PATH=${CMAKE_PREFIX_PATH}:/opt/ros/humble /usr/bin/cmake --build /home/hzy/ros2/chapt3/chapt3_ws/src/example_topic_rclcpp/build/example_topic_rclcpp -- -j28 -l28
[0.049s] [35m[1mConsolidate compiler generated dependencies of target topic_subscribe_01[0m
[0.060s] [ 50%] Built target topic_publisher_01
[0.061s] [100%] Built target topic_subscribe_01
[0.073s] Invoked command in '/home/hzy/ros2/chapt3/chapt3_ws/src/example_topic_rclcpp/build/example_topic_rclcpp' returned '0': CMAKE_PREFIX_PATH=${CMAKE_PREFIX_PATH}:/opt/ros/humble /usr/bin/cmake --build /home/hzy/ros2/chapt3/chapt3_ws/src/example_topic_rclcpp/build/example_topic_rclcpp -- -j28 -l28
[0.085s] Invoking command in '/home/hzy/ros2/chapt3/chapt3_ws/src/example_topic_rclcpp/build/example_topic_rclcpp': CMAKE_PREFIX_PATH=${CMAKE_PREFIX_PATH}:/opt/ros/humble /usr/bin/cmake --install /home/hzy/ros2/chapt3/chapt3_ws/src/example_topic_rclcpp/build/example_topic_rclcpp
[0.092s] -- Install configuration: ""
[0.092s] -- Up-to-date: /home/hzy/ros2/chapt3/chapt3_ws/src/example_topic_rclcpp/install/example_topic_rclcpp/share/ament_index/resource_index/package_run_dependencies/example_topic_rclcpp
[0.092s] -- Up-to-date: /home/hzy/ros2/chapt3/chapt3_ws/src/example_topic_rclcpp/install/example_topic_rclcpp/share/ament_index/resource_index/parent_prefix_path/example_topic_rclcpp
[0.092s] -- Up-to-date: /home/hzy/ros2/chapt3/chapt3_ws/src/example_topic_rclcpp/install/example_topic_rclcpp/share/example_topic_rclcpp/environment/ament_prefix_path.sh
[0.092s] -- Up-to-date: /home/hzy/ros2/chapt3/chapt3_ws/src/example_topic_rclcpp/install/example_topic_rclcpp/share/example_topic_rclcpp/environment/ament_prefix_path.dsv
[0.092s] -- Up-to-date: /home/hzy/ros2/chapt3/chapt3_ws/src/example_topic_rclcpp/install/example_topic_rclcpp/share/example_topic_rclcpp/environment/path.sh
[0.092s] -- Up-to-date: /home/hzy/ros2/chapt3/chapt3_ws/src/example_topic_rclcpp/install/example_topic_rclcpp/share/example_topic_rclcpp/environment/path.dsv
[0.093s] -- Up-to-date: /home/hzy/ros2/chapt3/chapt3_ws/src/example_topic_rclcpp/install/example_topic_rclcpp/share/example_topic_rclcpp/local_setup.bash
[0.093s] -- Up-to-date: /home/hzy/ros2/chapt3/chapt3_ws/src/example_topic_rclcpp/install/example_topic_rclcpp/share/example_topic_rclcpp/local_setup.sh
[0.093s] -- Up-to-date: /home/hzy/ros2/chapt3/chapt3_ws/src/example_topic_rclcpp/install/example_topic_rclcpp/share/example_topic_rclcpp/local_setup.zsh
[0.093s] -- Up-to-date: /home/hzy/ros2/chapt3/chapt3_ws/src/example_topic_rclcpp/install/example_topic_rclcpp/share/example_topic_rclcpp/local_setup.dsv
[0.093s] -- Installing: /home/hzy/ros2/chapt3/chapt3_ws/src/example_topic_rclcpp/install/example_topic_rclcpp/share/example_topic_rclcpp/package.dsv
[0.093s] -- Up-to-date: /home/hzy/ros2/chapt3/chapt3_ws/src/example_topic_rclcpp/install/example_topic_rclcpp/share/ament_index/resource_index/packages/example_topic_rclcpp
[0.093s] -- Up-to-date: /home/hzy/ros2/chapt3/chapt3_ws/src/example_topic_rclcpp/install/example_topic_rclcpp/share/example_topic_rclcpp/cmake/example_topic_rclcppConfig.cmake
[0.093s] -- Up-to-date: /home/hzy/ros2/chapt3/chapt3_ws/src/example_topic_rclcpp/install/example_topic_rclcpp/share/example_topic_rclcpp/cmake/example_topic_rclcppConfig-version.cmake
[0.093s] -- Up-to-date: /home/hzy/ros2/chapt3/chapt3_ws/src/example_topic_rclcpp/install/example_topic_rclcpp/share/example_topic_rclcpp/package.xml
[0.093s] -- Up-to-date: /home/hzy/ros2/chapt3/chapt3_ws/src/example_topic_rclcpp/install/example_topic_rclcpp/lib/example_topic_rclcpp/topic_publisher_01
[0.093s] -- Up-to-date: /home/hzy/ros2/chapt3/chapt3_ws/src/example_topic_rclcpp/install/example_topic_rclcpp/lib/example_topic_rclcpp/topic_subscribe_01
[0.095s] Invoked command in '/home/hzy/ros2/chapt3/chapt3_ws/src/example_topic_rclcpp/build/example_topic_rclcpp' returned '0': CMAKE_PREFIX_PATH=${CMAKE_PREFIX_PATH}:/opt/ros/humble /usr/bin/cmake --install /home/hzy/ros2/chapt3/chapt3_ws/src/example_topic_rclcpp/build/example_topic_rclcpp
