[0.013s] Invoking command in '/home/hzy/ros2/XJTU-RMV-Task04/Task04/build/Task04': CMAKE_PREFIX_PATH=/opt/ros/humble /usr/bin/cmake --build /home/hzy/ros2/XJTU-RMV-Task04/Task04/build/Task04 -- -j28 -l28
[0.033s] -- Found rclcpp: 16.0.15 (/opt/ros/humble/share/rclcpp/cmake)
[0.173s] -- Found rosidl_generator_c: 3.1.7 (/opt/ros/humble/share/rosidl_generator_c/cmake)
[0.175s] -- Found rosidl_adapter: 3.1.7 (/opt/ros/humble/share/rosidl_adapter/cmake)
[0.178s] -- Found rosidl_generator_cpp: 3.1.7 (/opt/ros/humble/share/rosidl_generator_cpp/cmake)
[0.184s] -- Using all available rosidl_typesupport_c: rosidl_typesupport_fastrtps_c;rosidl_typesupport_introspection_c
[0.192s] -- Using all available rosidl_typesupport_cpp: rosidl_typesupport_fastrtps_cpp;rosidl_typesupport_introspection_cpp
[0.215s] -- Found rmw_implementation_cmake: 6.1.2 (/opt/ros/humble/share/rmw_implementation_cmake/cmake)
[0.216s] -- Found rmw_fastrtps_cpp: 6.2.8 (/opt/ros/humble/share/rmw_fastrtps_cpp/cmake)
[0.304s] -- Using RMW implementation 'rmw_fastrtps_cpp' as default
[0.352s] -- Found sensor_msgs: 4.9.0 (/opt/ros/humble/share/sensor_msgs/cmake)
[0.383s] -- Found cv_bridge: 3.2.1 (/opt/ros/humble/share/cv_bridge/cmake)
[0.389s] -- Found OpenCV: /usr/local (found version "4.12.0") 
[0.391s] -- Found installed version of Eigen: /usr/share/eigen3/cmake
[0.393s] -- Found required Ceres dependency: Eigen version 3.4.0 in /usr/include/eigen3
[0.396s] -- Found installed version of glog: /usr/lib/x86_64-linux-gnu/cmake/glog
[0.397s] -- Detected glog version: 0.4.0
[0.397s] -- Found required Ceres dependency: glog
[0.397s] -- Found installed version of gflags: /usr/lib/x86_64-linux-gnu/cmake/gflags
[0.397s] -- Detected gflags version: 2.2.2
[0.399s] -- Found required Ceres dependency: gflags
[0.399s] -- Found Ceres version: 1.14.0 installed in: /usr/local with components: [EigenSparse, SparseLinearAlgebraLibrary, LAPACK, SuiteSparse, CXSparse, SchurSpecializations, OpenMP, Multithreading]
[0.443s] WARNING: Package name "Task04" does not follow the naming conventions. It should start with a lower case letter and only contain lower case letters, digits, underscores, and dashes.
[0.448s] [31mCMake Error at /opt/ros/humble/share/ament_cmake_core/cmake/core/ament_package_xml.cmake:53 (message):
[0.448s]   ament_package_xml() package name 'Task04' in '/package.xml' does not match
[0.448s]   current PROJECT_NAME 'Taks4'.  You must call project() with the same
[0.448s]   package name before.
[0.448s] Call Stack (most recent call first):
[0.448s]   /opt/ros/humble/share/ament_cmake_core/cmake/core/ament_package.cmake:63 (ament_package_xml)
[0.448s]   CMakeLists.txt:69 (ament_package)
[0.448s] 
[0.448s] [0m
[0.448s] -- Configuring incomplete, errors occurred!
[0.448s] See also "/home/hzy/ros2/XJTU-RMV-Task04/Task04/build/Task04/CMakeFiles/CMakeOutput.log".
[0.455s] gmake: *** [Makefile:226: cmake_check_build_system] Error 1
[0.460s] Invoked command in '/home/hzy/ros2/XJTU-RMV-Task04/Task04/build/Task04' returned '2': CMAKE_PREFIX_PATH=/opt/ros/humble /usr/bin/cmake --build /home/hzy/ros2/XJTU-RMV-Task04/Task04/build/Task04 -- -j28 -l28
