[0.008s] Invoking command in '/home/hzy/ros2/XJTU-RMV-Task04/rmv_task04/build/rmv_task04': CMAKE_PREFIX_PATH=/opt/ros/humble /usr/bin/cmake --build /home/hzy/ros2/XJTU-RMV-Task04/rmv_task04/build/rmv_task04 -- -j28 -l28
[0.055s] [35m[1mConsolidate compiler generated dependencies of target ImgPublisher[0m
[0.079s] [ 50%] [32mBuilding CXX object CMakeFiles/ImgPublisher.dir/src/img_publisher.cpp.o[0m
[3.580s] [100%] [32m[1mLinking CXX executable ImgPublisher[0m
[3.688s] /usr/bin/ld: warning: libopencv_imgcodecs.so.4.5d, needed by /opt/ros/humble/lib/libcv_bridge.so, may conflict with libopencv_imgcodecs.so.412
[3.688s] /usr/bin/ld: warning: libopencv_imgproc.so.4.5d, needed by /opt/ros/humble/lib/libcv_bridge.so, may conflict with libopencv_imgproc.so.412
[3.688s] /usr/bin/ld: warning: libopencv_core.so.4.5d, needed by /opt/ros/humble/lib/libcv_bridge.so, may conflict with libopencv_core.so.412
[3.868s] [100%] Built target ImgPublisher
[3.878s] Invoked command in '/home/hzy/ros2/XJTU-RMV-Task04/rmv_task04/build/rmv_task04' returned '0': CMAKE_PREFIX_PATH=/opt/ros/humble /usr/bin/cmake --build /home/hzy/ros2/XJTU-RMV-Task04/rmv_task04/build/rmv_task04 -- -j28 -l28
[3.889s] Invoking command in '/home/hzy/ros2/XJTU-RMV-Task04/rmv_task04/build/rmv_task04': CMAKE_PREFIX_PATH=/opt/ros/humble /usr/bin/cmake --install /home/hzy/ros2/XJTU-RMV-Task04/rmv_task04/build/rmv_task04
[3.898s] -- Install configuration: ""
[3.898s] -- Up-to-date: /home/hzy/ros2/XJTU-RMV-Task04/rmv_task04/install/rmv_task04/share/ament_index/resource_index/package_run_dependencies/rmv_task04
[3.898s] -- Up-to-date: /home/hzy/ros2/XJTU-RMV-Task04/rmv_task04/install/rmv_task04/share/ament_index/resource_index/parent_prefix_path/rmv_task04
[3.898s] -- Up-to-date: /home/hzy/ros2/XJTU-RMV-Task04/rmv_task04/install/rmv_task04/share/rmv_task04/environment/ament_prefix_path.sh
[3.899s] -- Up-to-date: /home/hzy/ros2/XJTU-RMV-Task04/rmv_task04/install/rmv_task04/share/rmv_task04/environment/ament_prefix_path.dsv
[3.899s] -- Up-to-date: /home/hzy/ros2/XJTU-RMV-Task04/rmv_task04/install/rmv_task04/share/rmv_task04/environment/path.sh
[3.899s] -- Up-to-date: /home/hzy/ros2/XJTU-RMV-Task04/rmv_task04/install/rmv_task04/share/rmv_task04/environment/path.dsv
[3.899s] -- Up-to-date: /home/hzy/ros2/XJTU-RMV-Task04/rmv_task04/install/rmv_task04/share/rmv_task04/local_setup.bash
[3.899s] -- Up-to-date: /home/hzy/ros2/XJTU-RMV-Task04/rmv_task04/install/rmv_task04/share/rmv_task04/local_setup.sh
[3.899s] -- Up-to-date: /home/hzy/ros2/XJTU-RMV-Task04/rmv_task04/install/rmv_task04/share/rmv_task04/local_setup.zsh
[3.899s] -- Up-to-date: /home/hzy/ros2/XJTU-RMV-Task04/rmv_task04/install/rmv_task04/share/rmv_task04/local_setup.dsv
[3.899s] -- Installing: /home/hzy/ros2/XJTU-RMV-Task04/rmv_task04/install/rmv_task04/share/rmv_task04/package.dsv
[3.899s] -- Up-to-date: /home/hzy/ros2/XJTU-RMV-Task04/rmv_task04/install/rmv_task04/share/ament_index/resource_index/packages/rmv_task04
[3.899s] -- Up-to-date: /home/hzy/ros2/XJTU-RMV-Task04/rmv_task04/install/rmv_task04/share/rmv_task04/cmake/rmv_task04Config.cmake
[3.899s] -- Up-to-date: /home/hzy/ros2/XJTU-RMV-Task04/rmv_task04/install/rmv_task04/share/rmv_task04/cmake/rmv_task04Config-version.cmake
[3.899s] -- Up-to-date: /home/hzy/ros2/XJTU-RMV-Task04/rmv_task04/install/rmv_task04/share/rmv_task04/package.xml
[3.899s] -- Installing: /home/hzy/ros2/XJTU-RMV-Task04/rmv_task04/install/rmv_task04/lib/rmv_task04/ImgPublisher
[3.900s] -- Set runtime path of "/home/hzy/ros2/XJTU-RMV-Task04/rmv_task04/install/rmv_task04/lib/rmv_task04/ImgPublisher" to ""
[3.902s] Invoked command in '/home/hzy/ros2/XJTU-RMV-Task04/rmv_task04/build/rmv_task04' returned '0': CMAKE_PREFIX_PATH=/opt/ros/humble /usr/bin/cmake --install /home/hzy/ros2/XJTU-RMV-Task04/rmv_task04/build/rmv_task04
