[0.006s] Invoking command in '/home/hzy/ros2/chapt3/chapt3_ws/src/example_service_rclcpp/build/example_service_rclcpp': CMAKE_PREFIX_PATH=${CMAKE_PREFIX_PATH}:/opt/ros/humble /usr/bin/cmake /home/hzy/ros2/chapt3/chapt3_ws/src/example_service_rclcpp -DCMAKE_INSTALL_PREFIX=/home/hzy/ros2/chapt3/chapt3_ws/src/example_service_rclcpp/install/example_service_rclcpp
[0.019s] -- Found ament_cmake: 1.3.12 (/opt/ros/humble/share/ament_cmake/cmake)
[0.103s] -- Found rclcpp: 16.0.15 (/opt/ros/humble/share/rclcpp/cmake)
[0.121s] -- Found rosidl_generator_c: 3.1.7 (/opt/ros/humble/share/rosidl_generator_c/cmake)
[0.122s] -- Found rosidl_adapter: 3.1.7 (/opt/ros/humble/share/rosidl_adapter/cmake)
[0.126s] -- Found rosidl_generator_cpp: 3.1.7 (/opt/ros/humble/share/rosidl_generator_cpp/cmake)
[0.132s] -- Using all available rosidl_typesupport_c: rosidl_typesupport_fastrtps_c;rosidl_typesupport_introspection_c
[0.140s] -- Using all available rosidl_typesupport_cpp: rosidl_typesupport_fastrtps_cpp;rosidl_typesupport_introspection_cpp
[0.160s] -- Found rmw_implementation_cmake: 6.1.2 (/opt/ros/humble/share/rmw_implementation_cmake/cmake)
[0.160s] -- Found rmw_fastrtps_cpp: 6.2.8 (/opt/ros/humble/share/rmw_fastrtps_cpp/cmake)
[0.243s] -- Using RMW implementation 'rmw_fastrtps_cpp' as default
[0.273s] -- Found example_interfaces: 0.9.3 (/opt/ros/humble/share/example_interfaces/cmake)
[0.296s] -- Found ament_lint_auto: 0.12.14 (/opt/ros/humble/share/ament_lint_auto/cmake)
[0.344s] -- Added test 'cppcheck' to perform static code analysis on C / C++ code
[0.344s] -- Configured cppcheck include dirs: 
[0.344s] -- Configured cppcheck exclude dirs and/or files: 
[0.345s] -- Added test 'flake8' to check Python code syntax and style conventions
[0.347s] -- Added test 'lint_cmake' to check CMake code style
[0.347s] -- Added test 'pep257' to check Python code against some of the docstring style conventions in PEP 257
[0.353s] -- Added test 'uncrustify' to check C / C++ code style
[0.353s] -- Configured uncrustify additional arguments: 
[0.354s] -- Added test 'xmllint' to check XML markup files
[0.355s] -- Configuring done
[0.362s] -- Generating done
[0.366s] -- Build files have been written to: /home/hzy/ros2/chapt3/chapt3_ws/src/example_service_rclcpp/build/example_service_rclcpp
[0.371s] Invoked command in '/home/hzy/ros2/chapt3/chapt3_ws/src/example_service_rclcpp/build/example_service_rclcpp' returned '0': CMAKE_PREFIX_PATH=${CMAKE_PREFIX_PATH}:/opt/ros/humble /usr/bin/cmake /home/hzy/ros2/chapt3/chapt3_ws/src/example_service_rclcpp -DCMAKE_INSTALL_PREFIX=/home/hzy/ros2/chapt3/chapt3_ws/src/example_service_rclcpp/install/example_service_rclcpp
[0.372s] Invoking command in '/home/hzy/ros2/chapt3/chapt3_ws/src/example_service_rclcpp/build/example_service_rclcpp': CMAKE_PREFIX_PATH=${CMAKE_PREFIX_PATH}:/opt/ros/humble /usr/bin/cmake --build /home/hzy/ros2/chapt3/chapt3_ws/src/example_service_rclcpp/build/example_service_rclcpp -- -j28 -l28
[0.410s] [35m[1mConsolidate compiler generated dependencies of target service_client_01[0m
[0.411s] [35m[1mConsolidate compiler generated dependencies of target service_server_01[0m
[0.427s] [ 25%] [32mBuilding CXX object CMakeFiles/service_client_01.dir/src/service_client_01.cpp.o[0m
[0.429s] [ 50%] [32mBuilding CXX object CMakeFiles/service_server_01.dir/src/service_server_01.cpp.o[0m
[2.036s] [ 75%] [32m[1mLinking CXX executable service_client_01[0m
[2.110s] [ 75%] Built target service_client_01
[2.400s] [100%] [32m[1mLinking CXX executable service_server_01[0m
[2.518s] [100%] Built target service_server_01
[2.527s] Invoked command in '/home/hzy/ros2/chapt3/chapt3_ws/src/example_service_rclcpp/build/example_service_rclcpp' returned '0': CMAKE_PREFIX_PATH=${CMAKE_PREFIX_PATH}:/opt/ros/humble /usr/bin/cmake --build /home/hzy/ros2/chapt3/chapt3_ws/src/example_service_rclcpp/build/example_service_rclcpp -- -j28 -l28
[2.544s] Invoking command in '/home/hzy/ros2/chapt3/chapt3_ws/src/example_service_rclcpp/build/example_service_rclcpp': CMAKE_PREFIX_PATH=${CMAKE_PREFIX_PATH}:/opt/ros/humble /usr/bin/cmake --install /home/hzy/ros2/chapt3/chapt3_ws/src/example_service_rclcpp/build/example_service_rclcpp
[2.549s] -- Install configuration: ""
[2.549s] -- Up-to-date: /home/hzy/ros2/chapt3/chapt3_ws/src/example_service_rclcpp/install/example_service_rclcpp/share/ament_index/resource_index/package_run_dependencies/example_service_rclcpp
[2.549s] -- Up-to-date: /home/hzy/ros2/chapt3/chapt3_ws/src/example_service_rclcpp/install/example_service_rclcpp/share/ament_index/resource_index/parent_prefix_path/example_service_rclcpp
[2.549s] -- Up-to-date: /home/hzy/ros2/chapt3/chapt3_ws/src/example_service_rclcpp/install/example_service_rclcpp/share/example_service_rclcpp/environment/ament_prefix_path.sh
[2.549s] -- Installing: /home/hzy/ros2/chapt3/chapt3_ws/src/example_service_rclcpp/install/example_service_rclcpp/share/example_service_rclcpp/environment/ament_prefix_path.dsv
[2.549s] -- Up-to-date: /home/hzy/ros2/chapt3/chapt3_ws/src/example_service_rclcpp/install/example_service_rclcpp/share/example_service_rclcpp/environment/path.sh
[2.549s] -- Installing: /home/hzy/ros2/chapt3/chapt3_ws/src/example_service_rclcpp/install/example_service_rclcpp/share/example_service_rclcpp/environment/path.dsv
[2.549s] -- Up-to-date: /home/hzy/ros2/chapt3/chapt3_ws/src/example_service_rclcpp/install/example_service_rclcpp/share/example_service_rclcpp/local_setup.bash
[2.549s] -- Up-to-date: /home/hzy/ros2/chapt3/chapt3_ws/src/example_service_rclcpp/install/example_service_rclcpp/share/example_service_rclcpp/local_setup.sh
[2.549s] -- Up-to-date: /home/hzy/ros2/chapt3/chapt3_ws/src/example_service_rclcpp/install/example_service_rclcpp/share/example_service_rclcpp/local_setup.zsh
[2.549s] -- Installing: /home/hzy/ros2/chapt3/chapt3_ws/src/example_service_rclcpp/install/example_service_rclcpp/share/example_service_rclcpp/local_setup.dsv
[2.549s] -- Installing: /home/hzy/ros2/chapt3/chapt3_ws/src/example_service_rclcpp/install/example_service_rclcpp/share/example_service_rclcpp/package.dsv
[2.549s] -- Up-to-date: /home/hzy/ros2/chapt3/chapt3_ws/src/example_service_rclcpp/install/example_service_rclcpp/share/ament_index/resource_index/packages/example_service_rclcpp
[2.549s] -- Up-to-date: /home/hzy/ros2/chapt3/chapt3_ws/src/example_service_rclcpp/install/example_service_rclcpp/share/example_service_rclcpp/cmake/example_service_rclcppConfig.cmake
[2.549s] -- Up-to-date: /home/hzy/ros2/chapt3/chapt3_ws/src/example_service_rclcpp/install/example_service_rclcpp/share/example_service_rclcpp/cmake/example_service_rclcppConfig-version.cmake
[2.549s] -- Up-to-date: /home/hzy/ros2/chapt3/chapt3_ws/src/example_service_rclcpp/install/example_service_rclcpp/share/example_service_rclcpp/package.xml
[2.549s] -- Installing: /home/hzy/ros2/chapt3/chapt3_ws/src/example_service_rclcpp/install/example_service_rclcpp/lib/example_service_rclcpp/service_client_01
[2.549s] -- Set runtime path of "/home/hzy/ros2/chapt3/chapt3_ws/src/example_service_rclcpp/install/example_service_rclcpp/lib/example_service_rclcpp/service_client_01" to ""
[2.549s] -- Installing: /home/hzy/ros2/chapt3/chapt3_ws/src/example_service_rclcpp/install/example_service_rclcpp/lib/example_service_rclcpp/service_server_01
[2.550s] -- Set runtime path of "/home/hzy/ros2/chapt3/chapt3_ws/src/example_service_rclcpp/install/example_service_rclcpp/lib/example_service_rclcpp/service_server_01" to ""
[2.551s] Invoked command in '/home/hzy/ros2/chapt3/chapt3_ws/src/example_service_rclcpp/build/example_service_rclcpp' returned '0': CMAKE_PREFIX_PATH=${CMAKE_PREFIX_PATH}:/opt/ros/humble /usr/bin/cmake --install /home/hzy/ros2/chapt3/chapt3_ws/src/example_service_rclcpp/build/example_service_rclcpp
