[0.009s] Invoking command in '/home/hzy/ros2/XJTU-RMV-Task04/rmv_task04/build/rmv_task04': CMAKE_PREFIX_PATH=/opt/ros/humble /usr/bin/cmake --build /home/hzy/ros2/XJTU-RMV-Task04/rmv_task04/build/rmv_task04 -- -j28 -l28
[0.052s] [35m[1mConsolidate compiler generated dependencies of target ImgPublisher[0m
[0.070s] [ 50%] [32mBuilding CXX object CMakeFiles/ImgPublisher.dir/src/img_publisher.cpp.o[0m
[1.823s] In file included from [01m[K/opt/ros/humble/include/rclcpp/rclcpp/logging.hpp:24[m[K,
[1.823s]                  from [01m[K/home/hzy/ros2/XJTU-RMV-Task04/rmv_task04/src/img_publisher.cpp:2[m[K:
[1.823s] [01m[K/home/hzy/ros2/XJTU-RMV-Task04/rmv_task04/src/img_publisher.cpp:[m[K In member function ‘[01m[Kvoid ImgPublisher::publish_image(unsigned char*, MV_FRAME_OUT_INFO_EX&)[m[K’:
[1.823s] [01m[K/home/hzy/ros2/XJTU-RMV-Task04/rmv_task04/src/img_publisher.cpp:157:49:[m[K [01;35m[Kwarning: [m[Kformat ‘[01m[K%d[m[K’ expects argument of type ‘[01m[Kint[m[K’, but argument 5 has type ‘[01m[Klong int[m[K’ [[01;35m[K]8;;https://gcc.gnu.org/onlinedocs/gcc/Warning-Options.html#index-Wformat=-Wformat=]8;;[m[K]
[1.823s]   157 |                 RCLCPP_WARN(this->get_logger(), [01;35m[K"不支持的像素格式: %d"[m[K, [32m[Kinfo.enPixelType[m[K);
[1.823s]       |                                                 [01;35m[K^~~~~~~~~~~~~~~~~~~~~~[m[K  [32m[K~~~~~~~~~~~~~~~~[m[K
[1.823s]       |                                                                              [32m[K|[m[K
[1.823s]       |                                                                              [32m[Klong int[m[K
[1.823s] [01m[K/home/hzy/ros2/XJTU-RMV-Task04/rmv_task04/src/img_publisher.cpp:157:69:[m[K [01;36m[Knote: [m[Kformat string is defined here
[1.823s]   157 |                 RCLCPP_WARN(this->get_logger(), "不支持的像素格式: [01;36m[K%d[m[K", info.enPixelType);
[1.823s]       |                                                                    [01;36m[K~^[m[K
[1.823s]       |                                                                     [01;36m[K|[m[K
[1.823s]       |                                                                     [01;36m[Kint[m[K
[1.823s]       |                                                                    [32m[K%ld[m[K
[3.501s] [100%] [32m[1mLinking CXX executable ImgPublisher[0m
[3.621s] /usr/bin/ld: warning: libopencv_imgcodecs.so.4.5d, needed by /opt/ros/humble/lib/libcv_bridge.so, may conflict with libopencv_imgcodecs.so.412
[3.622s] /usr/bin/ld: warning: libopencv_imgproc.so.4.5d, needed by /opt/ros/humble/lib/libcv_bridge.so, may conflict with libopencv_imgproc.so.412
[3.624s] /usr/bin/ld: warning: libopencv_core.so.4.5d, needed by /opt/ros/humble/lib/libcv_bridge.so, may conflict with libopencv_core.so.412
[3.827s] [100%] Built target ImgPublisher
[3.836s] Invoked command in '/home/hzy/ros2/XJTU-RMV-Task04/rmv_task04/build/rmv_task04' returned '0': CMAKE_PREFIX_PATH=/opt/ros/humble /usr/bin/cmake --build /home/hzy/ros2/XJTU-RMV-Task04/rmv_task04/build/rmv_task04 -- -j28 -l28
[3.848s] Invoking command in '/home/hzy/ros2/XJTU-RMV-Task04/rmv_task04/build/rmv_task04': CMAKE_PREFIX_PATH=/opt/ros/humble /usr/bin/cmake --install /home/hzy/ros2/XJTU-RMV-Task04/rmv_task04/build/rmv_task04
[3.857s] -- Install configuration: ""
[3.858s] -- Up-to-date: /home/hzy/ros2/XJTU-RMV-Task04/rmv_task04/install/rmv_task04/share/ament_index/resource_index/package_run_dependencies/rmv_task04
[3.858s] -- Up-to-date: /home/hzy/ros2/XJTU-RMV-Task04/rmv_task04/install/rmv_task04/share/ament_index/resource_index/parent_prefix_path/rmv_task04
[3.858s] -- Up-to-date: /home/hzy/ros2/XJTU-RMV-Task04/rmv_task04/install/rmv_task04/share/rmv_task04/environment/ament_prefix_path.sh
[3.858s] -- Up-to-date: /home/hzy/ros2/XJTU-RMV-Task04/rmv_task04/install/rmv_task04/share/rmv_task04/environment/ament_prefix_path.dsv
[3.858s] -- Up-to-date: /home/hzy/ros2/XJTU-RMV-Task04/rmv_task04/install/rmv_task04/share/rmv_task04/environment/path.sh
[3.858s] -- Up-to-date: /home/hzy/ros2/XJTU-RMV-Task04/rmv_task04/install/rmv_task04/share/rmv_task04/environment/path.dsv
[3.858s] -- Up-to-date: /home/hzy/ros2/XJTU-RMV-Task04/rmv_task04/install/rmv_task04/share/rmv_task04/local_setup.bash
[3.858s] -- Up-to-date: /home/hzy/ros2/XJTU-RMV-Task04/rmv_task04/install/rmv_task04/share/rmv_task04/local_setup.sh
[3.859s] -- Up-to-date: /home/hzy/ros2/XJTU-RMV-Task04/rmv_task04/install/rmv_task04/share/rmv_task04/local_setup.zsh
[3.859s] -- Up-to-date: /home/hzy/ros2/XJTU-RMV-Task04/rmv_task04/install/rmv_task04/share/rmv_task04/local_setup.dsv
[3.859s] -- Installing: /home/hzy/ros2/XJTU-RMV-Task04/rmv_task04/install/rmv_task04/share/rmv_task04/package.dsv
[3.859s] -- Up-to-date: /home/hzy/ros2/XJTU-RMV-Task04/rmv_task04/install/rmv_task04/share/ament_index/resource_index/packages/rmv_task04
[3.859s] -- Up-to-date: /home/hzy/ros2/XJTU-RMV-Task04/rmv_task04/install/rmv_task04/share/rmv_task04/cmake/rmv_task04Config.cmake
[3.859s] -- Up-to-date: /home/hzy/ros2/XJTU-RMV-Task04/rmv_task04/install/rmv_task04/share/rmv_task04/cmake/rmv_task04Config-version.cmake
[3.859s] -- Up-to-date: /home/hzy/ros2/XJTU-RMV-Task04/rmv_task04/install/rmv_task04/share/rmv_task04/package.xml
[3.859s] -- Installing: /home/hzy/ros2/XJTU-RMV-Task04/rmv_task04/install/rmv_task04/lib/rmv_task04/ImgPublisher
[3.859s] -- Set runtime path of "/home/hzy/ros2/XJTU-RMV-Task04/rmv_task04/install/rmv_task04/lib/rmv_task04/ImgPublisher" to ""
[3.862s] Invoked command in '/home/hzy/ros2/XJTU-RMV-Task04/rmv_task04/build/rmv_task04' returned '0': CMAKE_PREFIX_PATH=/opt/ros/humble /usr/bin/cmake --install /home/hzy/ros2/XJTU-RMV-Task04/rmv_task04/build/rmv_task04
