[0.043s] DEBUG:colcon:Command line arguments: ['/usr/bin/colcon', 'build', '--packages-select', 'rmv_task04']
[0.043s] DEBUG:colcon:Parsed command line arguments: Namespace(log_base=None, log_level=None, verb_name='build', build_base='build', install_base='install', merge_install=False, symlink_install=False, test_result_base=None, continue_on_error=False, executor='parallel', parallel_workers=28, event_handlers=None, ignore_user_meta=False, metas=['./colcon.meta'], base_paths=['.'], packages_ignore=None, packages_ignore_regex=None, paths=None, packages_up_to=None, packages_up_to_regex=None, packages_above=None, packages_above_and_dependencies=None, packages_above_depth=None, packages_select_by_dep=None, packages_skip_by_dep=None, packages_skip_up_to=None, packages_select_build_failed=False, packages_skip_build_finished=False, packages_select_test_failures=False, packages_skip_test_passed=False, packages_select=['rmv_task04'], packages_skip=None, packages_select_regex=None, packages_skip_regex=None, packages_start=None, packages_end=None, allow_overriding=[], cmake_args=None, cmake_target=None, cmake_target_skip_unavailable=False, cmake_clean_cache=False, cmake_clean_first=False, cmake_force_configure=False, ament_cmake_args=None, catkin_cmake_args=None, catkin_skip_building_tests=False, verb_parser=<colcon_defaults.argument_parser.defaults.DefaultArgumentsDecorator object at 0x7fc8b251bca0>, verb_extension=<colcon_core.verb.build.BuildVerb object at 0x7fc8b2669180>, main=<bound method BuildVerb.main of <colcon_core.verb.build.BuildVerb object at 0x7fc8b2669180>>)
[0.107s] Level 1:colcon.colcon_core.package_discovery:discover_packages(colcon_meta) check parameters
[0.107s] Level 1:colcon.colcon_core.package_discovery:discover_packages(recursive) check parameters
[0.107s] Level 1:colcon.colcon_core.package_discovery:discover_packages(ignore) check parameters
[0.107s] Level 1:colcon.colcon_core.package_discovery:discover_packages(path) check parameters
[0.107s] Level 1:colcon.colcon_core.package_discovery:discover_packages(colcon_meta) discover
[0.107s] Level 1:colcon.colcon_core.package_discovery:discover_packages(recursive) discover
[0.107s] INFO:colcon.colcon_core.package_discovery:Crawling recursively for packages in '/home/hzy/ros2/XJTU-RMV-Task04/rmv_task04'
[0.107s] Level 1:colcon.colcon_core.package_identification:_identify(.) by extensions ['ignore', 'ignore_ament_install']
[0.107s] Level 1:colcon.colcon_core.package_identification:_identify(.) by extension 'ignore'
[0.107s] Level 1:colcon.colcon_core.package_identification:_identify(.) by extension 'ignore_ament_install'
[0.107s] Level 1:colcon.colcon_core.package_identification:_identify(.) by extensions ['colcon_pkg']
[0.107s] Level 1:colcon.colcon_core.package_identification:_identify(.) by extension 'colcon_pkg'
[0.107s] Level 1:colcon.colcon_core.package_identification:_identify(.) by extensions ['colcon_meta']
[0.107s] Level 1:colcon.colcon_core.package_identification:_identify(.) by extension 'colcon_meta'
[0.107s] Level 1:colcon.colcon_core.package_identification:_identify(.) by extensions ['ros']
[0.107s] Level 1:colcon.colcon_core.package_identification:_identify(.) by extension 'ros'
[0.113s] DEBUG:colcon.colcon_core.package_identification:Package '.' with type 'ros.ament_cmake' and name 'rmv_task04'
[0.113s] Level 1:colcon.colcon_core.package_discovery:discover_packages(recursive) using defaults
[0.113s] Level 1:colcon.colcon_core.package_discovery:discover_packages(ignore) discover
[0.113s] Level 1:colcon.colcon_core.package_discovery:discover_packages(ignore) using defaults
[0.113s] Level 1:colcon.colcon_core.package_discovery:discover_packages(path) discover
[0.113s] Level 1:colcon.colcon_core.package_discovery:discover_packages(path) using defaults
[0.122s] Level 1:colcon.colcon_core.package_discovery:discover_packages(prefix_path) check parameters
[0.122s] Level 1:colcon.colcon_core.package_discovery:discover_packages(prefix_path) discover
[0.123s] DEBUG:colcon.colcon_installed_package_information.package_discovery:Found 317 installed packages in /opt/ros/humble
[0.127s] Level 1:colcon.colcon_core.package_discovery:discover_packages(prefix_path) using defaults
[0.143s] Level 5:colcon.colcon_core.verb:set package 'rmv_task04' build argument 'cmake_args' from command line to 'None'
[0.143s] Level 5:colcon.colcon_core.verb:set package 'rmv_task04' build argument 'cmake_target' from command line to 'None'
[0.143s] Level 5:colcon.colcon_core.verb:set package 'rmv_task04' build argument 'cmake_target_skip_unavailable' from command line to 'False'
[0.143s] Level 5:colcon.colcon_core.verb:set package 'rmv_task04' build argument 'cmake_clean_cache' from command line to 'False'
[0.143s] Level 5:colcon.colcon_core.verb:set package 'rmv_task04' build argument 'cmake_clean_first' from command line to 'False'
[0.143s] Level 5:colcon.colcon_core.verb:set package 'rmv_task04' build argument 'cmake_force_configure' from command line to 'False'
[0.143s] Level 5:colcon.colcon_core.verb:set package 'rmv_task04' build argument 'ament_cmake_args' from command line to 'None'
[0.143s] Level 5:colcon.colcon_core.verb:set package 'rmv_task04' build argument 'catkin_cmake_args' from command line to 'None'
[0.143s] Level 5:colcon.colcon_core.verb:set package 'rmv_task04' build argument 'catkin_skip_building_tests' from command line to 'False'
[0.143s] DEBUG:colcon.colcon_core.verb:Building package 'rmv_task04' with the following arguments: {'ament_cmake_args': None, 'build_base': '/home/hzy/ros2/XJTU-RMV-Task04/rmv_task04/build/rmv_task04', 'catkin_cmake_args': None, 'catkin_skip_building_tests': False, 'cmake_args': None, 'cmake_clean_cache': False, 'cmake_clean_first': False, 'cmake_force_configure': False, 'cmake_target': None, 'cmake_target_skip_unavailable': False, 'install_base': '/home/hzy/ros2/XJTU-RMV-Task04/rmv_task04/install/rmv_task04', 'merge_install': False, 'path': '/home/hzy/ros2/XJTU-RMV-Task04/rmv_task04', 'symlink_install': False, 'test_result_base': None}
[0.143s] INFO:colcon.colcon_core.executor:Executing jobs using 'parallel' executor
[0.143s] DEBUG:colcon.colcon_parallel_executor.executor.parallel:run_until_complete
[0.144s] INFO:colcon.colcon_ros.task.ament_cmake.build:Building ROS package in '/home/hzy/ros2/XJTU-RMV-Task04/rmv_task04' with build type 'ament_cmake'
[0.144s] INFO:colcon.colcon_cmake.task.cmake.build:Building CMake package in '/home/hzy/ros2/XJTU-RMV-Task04/rmv_task04'
[0.144s] INFO:colcon.colcon_core.plugin_system:Skipping extension 'colcon_core.shell.bat': Not used on non-Windows systems
[0.145s] INFO:colcon.colcon_core.shell:Skip shell extension 'powershell' for command environment: Not usable outside of PowerShell
[0.145s] DEBUG:colcon.colcon_core.shell:Skip shell extension 'dsv' for command environment
[0.149s] DEBUG:colcon.colcon_core.event_handler.log_command:Invoking command in '/home/hzy/ros2/XJTU-RMV-Task04/rmv_task04/build/rmv_task04': CMAKE_PREFIX_PATH=/opt/ros/humble /usr/bin/cmake /home/hzy/ros2/XJTU-RMV-Task04/rmv_task04 -DCMAKE_INSTALL_PREFIX=/home/hzy/ros2/XJTU-RMV-Task04/rmv_task04/install/rmv_task04
[1.267s] DEBUG:colcon.colcon_core.event_handler.log_command:Invoked command in '/home/hzy/ros2/XJTU-RMV-Task04/rmv_task04/build/rmv_task04' returned '0': CMAKE_PREFIX_PATH=/opt/ros/humble /usr/bin/cmake /home/hzy/ros2/XJTU-RMV-Task04/rmv_task04 -DCMAKE_INSTALL_PREFIX=/home/hzy/ros2/XJTU-RMV-Task04/rmv_task04/install/rmv_task04
[1.269s] DEBUG:colcon.colcon_core.event_handler.log_command:Invoking command in '/home/hzy/ros2/XJTU-RMV-Task04/rmv_task04/build/rmv_task04': CMAKE_PREFIX_PATH=/opt/ros/humble /usr/bin/cmake --build /home/hzy/ros2/XJTU-RMV-Task04/rmv_task04/build/rmv_task04 -- -j28 -l28
[6.471s] DEBUG:colcon.colcon_core.event_handler.log_command:Invoked command in '/home/hzy/ros2/XJTU-RMV-Task04/rmv_task04/build/rmv_task04' returned '0': CMAKE_PREFIX_PATH=/opt/ros/humble /usr/bin/cmake --build /home/hzy/ros2/XJTU-RMV-Task04/rmv_task04/build/rmv_task04 -- -j28 -l28
[6.476s] DEBUG:colcon.colcon_core.event_handler.log_command:Invoking command in '/home/hzy/ros2/XJTU-RMV-Task04/rmv_task04/build/rmv_task04': CMAKE_PREFIX_PATH=/opt/ros/humble /usr/bin/cmake --install /home/hzy/ros2/XJTU-RMV-Task04/rmv_task04/build/rmv_task04
[6.510s] Level 1:colcon.colcon_core.environment:create_environment_scripts_only(rmv_task04)
[6.510s] DEBUG:colcon.colcon_core.event_handler.log_command:Invoked command in '/home/hzy/ros2/XJTU-RMV-Task04/rmv_task04/build/rmv_task04' returned '0': CMAKE_PREFIX_PATH=/opt/ros/humble /usr/bin/cmake --install /home/hzy/ros2/XJTU-RMV-Task04/rmv_task04/build/rmv_task04
[6.512s] Level 1:colcon.colcon_core.environment:checking '/home/hzy/ros2/XJTU-RMV-Task04/rmv_task04/install/rmv_task04' for CMake module files
[6.512s] Level 1:colcon.colcon_core.environment:checking '/home/hzy/ros2/XJTU-RMV-Task04/rmv_task04/install/rmv_task04' for CMake config files
[6.512s] Level 1:colcon.colcon_core.shell:create_environment_hook('rmv_task04', 'cmake_prefix_path')
[6.513s] INFO:colcon.colcon_core.shell:Creating environment hook '/home/hzy/ros2/XJTU-RMV-Task04/rmv_task04/install/rmv_task04/share/rmv_task04/hook/cmake_prefix_path.ps1'
[6.513s] INFO:colcon.colcon_core.shell:Creating environment descriptor '/home/hzy/ros2/XJTU-RMV-Task04/rmv_task04/install/rmv_task04/share/rmv_task04/hook/cmake_prefix_path.dsv'
[6.513s] INFO:colcon.colcon_core.shell:Creating environment hook '/home/hzy/ros2/XJTU-RMV-Task04/rmv_task04/install/rmv_task04/share/rmv_task04/hook/cmake_prefix_path.sh'
[6.513s] Level 1:colcon.colcon_core.environment:checking '/home/hzy/ros2/XJTU-RMV-Task04/rmv_task04/install/rmv_task04/lib'
[6.513s] Level 1:colcon.colcon_core.shell:create_environment_hook('rmv_task04', 'ld_library_path_lib')
[6.514s] INFO:colcon.colcon_core.shell:Creating environment hook '/home/hzy/ros2/XJTU-RMV-Task04/rmv_task04/install/rmv_task04/share/rmv_task04/hook/ld_library_path_lib.ps1'
[6.514s] INFO:colcon.colcon_core.shell:Creating environment descriptor '/home/hzy/ros2/XJTU-RMV-Task04/rmv_task04/install/rmv_task04/share/rmv_task04/hook/ld_library_path_lib.dsv'
[6.514s] INFO:colcon.colcon_core.shell:Creating environment hook '/home/hzy/ros2/XJTU-RMV-Task04/rmv_task04/install/rmv_task04/share/rmv_task04/hook/ld_library_path_lib.sh'
[6.514s] Level 1:colcon.colcon_core.environment:checking '/home/hzy/ros2/XJTU-RMV-Task04/rmv_task04/install/rmv_task04/bin'
[6.514s] Level 1:colcon.colcon_core.environment:checking '/home/hzy/ros2/XJTU-RMV-Task04/rmv_task04/install/rmv_task04/lib/pkgconfig/rmv_task04.pc'
[6.514s] Level 1:colcon.colcon_core.environment:checking '/home/hzy/ros2/XJTU-RMV-Task04/rmv_task04/install/rmv_task04/lib/python3.10/site-packages'
[6.514s] Level 1:colcon.colcon_core.environment:checking '/home/hzy/ros2/XJTU-RMV-Task04/rmv_task04/install/rmv_task04/bin'
[6.514s] INFO:colcon.colcon_core.shell:Creating package script '/home/hzy/ros2/XJTU-RMV-Task04/rmv_task04/install/rmv_task04/share/rmv_task04/package.ps1'
[6.515s] INFO:colcon.colcon_core.shell:Creating package descriptor '/home/hzy/ros2/XJTU-RMV-Task04/rmv_task04/install/rmv_task04/share/rmv_task04/package.dsv'
[6.515s] INFO:colcon.colcon_core.shell:Creating package script '/home/hzy/ros2/XJTU-RMV-Task04/rmv_task04/install/rmv_task04/share/rmv_task04/package.sh'
[6.515s] INFO:colcon.colcon_core.shell:Creating package script '/home/hzy/ros2/XJTU-RMV-Task04/rmv_task04/install/rmv_task04/share/rmv_task04/package.bash'
[6.516s] INFO:colcon.colcon_core.shell:Creating package script '/home/hzy/ros2/XJTU-RMV-Task04/rmv_task04/install/rmv_task04/share/rmv_task04/package.zsh'
[6.516s] Level 1:colcon.colcon_core.environment:create_file_with_runtime_dependencies(/home/hzy/ros2/XJTU-RMV-Task04/rmv_task04/install/rmv_task04/share/colcon-core/packages/rmv_task04)
[6.516s] Level 1:colcon.colcon_core.environment:create_environment_scripts_only(rmv_task04)
[6.516s] Level 1:colcon.colcon_core.environment:checking '/home/hzy/ros2/XJTU-RMV-Task04/rmv_task04/install/rmv_task04' for CMake module files
[6.516s] Level 1:colcon.colcon_core.environment:checking '/home/hzy/ros2/XJTU-RMV-Task04/rmv_task04/install/rmv_task04' for CMake config files
[6.517s] Level 1:colcon.colcon_core.shell:create_environment_hook('rmv_task04', 'cmake_prefix_path')
[6.517s] INFO:colcon.colcon_core.shell:Creating environment hook '/home/hzy/ros2/XJTU-RMV-Task04/rmv_task04/install/rmv_task04/share/rmv_task04/hook/cmake_prefix_path.ps1'
[6.517s] INFO:colcon.colcon_core.shell:Creating environment descriptor '/home/hzy/ros2/XJTU-RMV-Task04/rmv_task04/install/rmv_task04/share/rmv_task04/hook/cmake_prefix_path.dsv'
[6.517s] INFO:colcon.colcon_core.shell:Creating environment hook '/home/hzy/ros2/XJTU-RMV-Task04/rmv_task04/install/rmv_task04/share/rmv_task04/hook/cmake_prefix_path.sh'
[6.517s] Level 1:colcon.colcon_core.environment:checking '/home/hzy/ros2/XJTU-RMV-Task04/rmv_task04/install/rmv_task04/lib'
[6.517s] Level 1:colcon.colcon_core.shell:create_environment_hook('rmv_task04', 'ld_library_path_lib')
[6.517s] INFO:colcon.colcon_core.shell:Creating environment hook '/home/hzy/ros2/XJTU-RMV-Task04/rmv_task04/install/rmv_task04/share/rmv_task04/hook/ld_library_path_lib.ps1'
[6.518s] INFO:colcon.colcon_core.shell:Creating environment descriptor '/home/hzy/ros2/XJTU-RMV-Task04/rmv_task04/install/rmv_task04/share/rmv_task04/hook/ld_library_path_lib.dsv'
[6.518s] INFO:colcon.colcon_core.shell:Creating environment hook '/home/hzy/ros2/XJTU-RMV-Task04/rmv_task04/install/rmv_task04/share/rmv_task04/hook/ld_library_path_lib.sh'
[6.518s] Level 1:colcon.colcon_core.environment:checking '/home/hzy/ros2/XJTU-RMV-Task04/rmv_task04/install/rmv_task04/bin'
[6.518s] Level 1:colcon.colcon_core.environment:checking '/home/hzy/ros2/XJTU-RMV-Task04/rmv_task04/install/rmv_task04/lib/pkgconfig/rmv_task04.pc'
[6.518s] Level 1:colcon.colcon_core.environment:checking '/home/hzy/ros2/XJTU-RMV-Task04/rmv_task04/install/rmv_task04/lib/python3.10/site-packages'
[6.518s] Level 1:colcon.colcon_core.environment:checking '/home/hzy/ros2/XJTU-RMV-Task04/rmv_task04/install/rmv_task04/bin'
[6.518s] INFO:colcon.colcon_core.shell:Creating package script '/home/hzy/ros2/XJTU-RMV-Task04/rmv_task04/install/rmv_task04/share/rmv_task04/package.ps1'
[6.518s] INFO:colcon.colcon_core.shell:Creating package descriptor '/home/hzy/ros2/XJTU-RMV-Task04/rmv_task04/install/rmv_task04/share/rmv_task04/package.dsv'
[6.519s] INFO:colcon.colcon_core.shell:Creating package script '/home/hzy/ros2/XJTU-RMV-Task04/rmv_task04/install/rmv_task04/share/rmv_task04/package.sh'
[6.519s] INFO:colcon.colcon_core.shell:Creating package script '/home/hzy/ros2/XJTU-RMV-Task04/rmv_task04/install/rmv_task04/share/rmv_task04/package.bash'
[6.519s] INFO:colcon.colcon_core.shell:Creating package script '/home/hzy/ros2/XJTU-RMV-Task04/rmv_task04/install/rmv_task04/share/rmv_task04/package.zsh'
[6.519s] Level 1:colcon.colcon_core.environment:create_file_with_runtime_dependencies(/home/hzy/ros2/XJTU-RMV-Task04/rmv_task04/install/rmv_task04/share/colcon-core/packages/rmv_task04)
[6.519s] DEBUG:colcon.colcon_parallel_executor.executor.parallel:closing loop
[6.519s] DEBUG:colcon.colcon_parallel_executor.executor.parallel:loop closed
[6.519s] DEBUG:colcon.colcon_parallel_executor.executor.parallel:run_until_complete finished with '0'
[6.519s] DEBUG:colcon.colcon_core.event_reactor:joining thread
[6.522s] INFO:colcon.colcon_core.plugin_system:Skipping extension 'colcon_notification.desktop_notification.terminal_notifier': Not used on non-Darwin systems
[6.522s] INFO:colcon.colcon_core.plugin_system:Skipping extension 'colcon_notification.desktop_notification.win32': Not used on non-Windows systems
[6.522s] INFO:colcon.colcon_notification.desktop_notification:Sending desktop notification using 'notify2'
[6.529s] DEBUG:colcon.colcon_core.event_reactor:joined thread
[6.529s] INFO:colcon.colcon_core.shell:Creating prefix script '/home/hzy/ros2/XJTU-RMV-Task04/rmv_task04/install/local_setup.ps1'
[6.530s] INFO:colcon.colcon_core.shell:Creating prefix util module '/home/hzy/ros2/XJTU-RMV-Task04/rmv_task04/install/_local_setup_util_ps1.py'
[6.530s] INFO:colcon.colcon_core.shell:Creating prefix chain script '/home/hzy/ros2/XJTU-RMV-Task04/rmv_task04/install/setup.ps1'
[6.531s] INFO:colcon.colcon_core.shell:Creating prefix script '/home/hzy/ros2/XJTU-RMV-Task04/rmv_task04/install/local_setup.sh'
[6.531s] INFO:colcon.colcon_core.shell:Creating prefix util module '/home/hzy/ros2/XJTU-RMV-Task04/rmv_task04/install/_local_setup_util_sh.py'
[6.531s] INFO:colcon.colcon_core.shell:Creating prefix chain script '/home/hzy/ros2/XJTU-RMV-Task04/rmv_task04/install/setup.sh'
[6.531s] INFO:colcon.colcon_core.shell:Creating prefix script '/home/hzy/ros2/XJTU-RMV-Task04/rmv_task04/install/local_setup.bash'
[6.532s] INFO:colcon.colcon_core.shell:Creating prefix chain script '/home/hzy/ros2/XJTU-RMV-Task04/rmv_task04/install/setup.bash'
[6.532s] INFO:colcon.colcon_core.shell:Creating prefix script '/home/hzy/ros2/XJTU-RMV-Task04/rmv_task04/install/local_setup.zsh'
[6.532s] INFO:colcon.colcon_core.shell:Creating prefix chain script '/home/hzy/ros2/XJTU-RMV-Task04/rmv_task04/install/setup.zsh'
