[0.061s] DEBUG:colcon:Command line arguments: ['/usr/bin/colcon', 'build']
[0.061s] DEBUG:colcon:Parsed command line arguments: Namespace(log_base=None, log_level=None, verb_name='build', build_base='build', install_base='install', merge_install=False, symlink_install=False, test_result_base=None, continue_on_error=False, executor='parallel', parallel_workers=28, event_handlers=None, ignore_user_meta=False, metas=['./colcon.meta'], base_paths=['.'], packages_ignore=None, packages_ignore_regex=None, paths=None, packages_up_to=None, packages_up_to_regex=None, packages_above=None, packages_above_and_dependencies=None, packages_above_depth=None, packages_select_by_dep=None, packages_skip_by_dep=None, packages_skip_up_to=None, packages_select_build_failed=False, packages_skip_build_finished=False, packages_select_test_failures=False, packages_skip_test_passed=False, packages_select=None, packages_skip=None, packages_select_regex=None, packages_skip_regex=None, packages_start=None, packages_end=None, allow_overriding=[], cmake_args=None, cmake_target=None, cmake_target_skip_unavailable=False, cmake_clean_cache=False, cmake_clean_first=False, cmake_force_configure=False, ament_cmake_args=None, catkin_cmake_args=None, catkin_skip_building_tests=False, verb_parser=<colcon_defaults.argument_parser.defaults.DefaultArgumentsDecorator object at 0x7c326af1fdc0>, verb_extension=<colcon_core.verb.build.BuildVerb object at 0x7c326b06d2a0>, main=<bound method BuildVerb.main of <colcon_core.verb.build.BuildVerb object at 0x7c326b06d2a0>>)
[0.152s] Level 1:colcon.colcon_core.package_discovery:discover_packages(colcon_meta) check parameters
[0.152s] Level 1:colcon.colcon_core.package_discovery:discover_packages(recursive) check parameters
[0.152s] Level 1:colcon.colcon_core.package_discovery:discover_packages(ignore) check parameters
[0.152s] Level 1:colcon.colcon_core.package_discovery:discover_packages(path) check parameters
[0.152s] Level 1:colcon.colcon_core.package_discovery:discover_packages(colcon_meta) discover
[0.152s] Level 1:colcon.colcon_core.package_discovery:discover_packages(recursive) discover
[0.152s] INFO:colcon.colcon_core.package_discovery:Crawling recursively for packages in '/home/hzy/ros2/XJTU-RMV-Task04/rmv_task04'
[0.152s] Level 1:colcon.colcon_core.package_identification:_identify(.) by extensions ['ignore', 'ignore_ament_install']
[0.152s] Level 1:colcon.colcon_core.package_identification:_identify(.) by extension 'ignore'
[0.152s] Level 1:colcon.colcon_core.package_identification:_identify(.) by extension 'ignore_ament_install'
[0.152s] Level 1:colcon.colcon_core.package_identification:_identify(.) by extensions ['colcon_pkg']
[0.152s] Level 1:colcon.colcon_core.package_identification:_identify(.) by extension 'colcon_pkg'
[0.152s] Level 1:colcon.colcon_core.package_identification:_identify(.) by extensions ['colcon_meta']
[0.152s] Level 1:colcon.colcon_core.package_identification:_identify(.) by extension 'colcon_meta'
[0.152s] Level 1:colcon.colcon_core.package_identification:_identify(.) by extensions ['ros']
[0.152s] Level 1:colcon.colcon_core.package_identification:_identify(.) by extension 'ros'
[0.161s] DEBUG:colcon.colcon_core.package_identification:Package '.' with type 'ros.ament_cmake' and name 'rmv_task04'
[0.161s] Level 1:colcon.colcon_core.package_discovery:discover_packages(recursive) using defaults
[0.161s] Level 1:colcon.colcon_core.package_discovery:discover_packages(ignore) discover
[0.161s] Level 1:colcon.colcon_core.package_discovery:discover_packages(ignore) using defaults
[0.161s] Level 1:colcon.colcon_core.package_discovery:discover_packages(path) discover
[0.161s] Level 1:colcon.colcon_core.package_discovery:discover_packages(path) using defaults
[0.173s] Level 1:colcon.colcon_core.package_discovery:discover_packages(prefix_path) check parameters
[0.173s] Level 1:colcon.colcon_core.package_discovery:discover_packages(prefix_path) discover
[0.174s] DEBUG:colcon.colcon_installed_package_information.package_discovery:Found 317 installed packages in /opt/ros/humble
[0.181s] Level 1:colcon.colcon_core.package_discovery:discover_packages(prefix_path) using defaults
[0.203s] Level 5:colcon.colcon_core.verb:set package 'rmv_task04' build argument 'cmake_args' from command line to 'None'
[0.203s] Level 5:colcon.colcon_core.verb:set package 'rmv_task04' build argument 'cmake_target' from command line to 'None'
[0.203s] Level 5:colcon.colcon_core.verb:set package 'rmv_task04' build argument 'cmake_target_skip_unavailable' from command line to 'False'
[0.203s] Level 5:colcon.colcon_core.verb:set package 'rmv_task04' build argument 'cmake_clean_cache' from command line to 'False'
[0.203s] Level 5:colcon.colcon_core.verb:set package 'rmv_task04' build argument 'cmake_clean_first' from command line to 'False'
[0.203s] Level 5:colcon.colcon_core.verb:set package 'rmv_task04' build argument 'cmake_force_configure' from command line to 'False'
[0.203s] Level 5:colcon.colcon_core.verb:set package 'rmv_task04' build argument 'ament_cmake_args' from command line to 'None'
[0.203s] Level 5:colcon.colcon_core.verb:set package 'rmv_task04' build argument 'catkin_cmake_args' from command line to 'None'
[0.203s] Level 5:colcon.colcon_core.verb:set package 'rmv_task04' build argument 'catkin_skip_building_tests' from command line to 'False'
[0.203s] DEBUG:colcon.colcon_core.verb:Building package 'rmv_task04' with the following arguments: {'ament_cmake_args': None, 'build_base': '/home/hzy/ros2/XJTU-RMV-Task04/rmv_task04/build/rmv_task04', 'catkin_cmake_args': None, 'catkin_skip_building_tests': False, 'cmake_args': None, 'cmake_clean_cache': False, 'cmake_clean_first': False, 'cmake_force_configure': False, 'cmake_target': None, 'cmake_target_skip_unavailable': False, 'install_base': '/home/hzy/ros2/XJTU-RMV-Task04/rmv_task04/install/rmv_task04', 'merge_install': False, 'path': '/home/hzy/ros2/XJTU-RMV-Task04/rmv_task04', 'symlink_install': False, 'test_result_base': None}
[0.203s] INFO:colcon.colcon_core.executor:Executing jobs using 'parallel' executor
[0.204s] DEBUG:colcon.colcon_parallel_executor.executor.parallel:run_until_complete
[0.204s] INFO:colcon.colcon_ros.task.ament_cmake.build:Building ROS package in '/home/hzy/ros2/XJTU-RMV-Task04/rmv_task04' with build type 'ament_cmake'
[0.204s] INFO:colcon.colcon_cmake.task.cmake.build:Building CMake package in '/home/hzy/ros2/XJTU-RMV-Task04/rmv_task04'
[0.205s] INFO:colcon.colcon_core.plugin_system:Skipping extension 'colcon_core.shell.bat': Not used on non-Windows systems
[0.206s] INFO:colcon.colcon_core.shell:Skip shell extension 'powershell' for command environment: Not usable outside of PowerShell
[0.206s] DEBUG:colcon.colcon_core.shell:Skip shell extension 'dsv' for command environment
[0.212s] DEBUG:colcon.colcon_core.event_handler.log_command:Invoking command in '/home/hzy/ros2/XJTU-RMV-Task04/rmv_task04/build/rmv_task04': CMAKE_PREFIX_PATH=/opt/ros/humble /usr/bin/cmake /home/hzy/ros2/XJTU-RMV-Task04/rmv_task04 -DCMAKE_INSTALL_PREFIX=/home/hzy/ros2/XJTU-RMV-Task04/rmv_task04/install/rmv_task04
[1.279s] DEBUG:colcon.colcon_core.event_handler.log_command:Invoked command in '/home/hzy/ros2/XJTU-RMV-Task04/rmv_task04/build/rmv_task04' returned '0': CMAKE_PREFIX_PATH=/opt/ros/humble /usr/bin/cmake /home/hzy/ros2/XJTU-RMV-Task04/rmv_task04 -DCMAKE_INSTALL_PREFIX=/home/hzy/ros2/XJTU-RMV-Task04/rmv_task04/install/rmv_task04
[1.280s] DEBUG:colcon.colcon_core.event_handler.log_command:Invoking command in '/home/hzy/ros2/XJTU-RMV-Task04/rmv_task04/build/rmv_task04': CMAKE_PREFIX_PATH=/opt/ros/humble /usr/bin/cmake --build /home/hzy/ros2/XJTU-RMV-Task04/rmv_task04/build/rmv_task04 -- -j28 -l28
[234.517s] DEBUG:colcon.colcon_parallel_executor.executor.parallel:run_until_complete was interrupted
[234.518s] DEBUG:colcon.colcon_parallel_executor.executor.parallel:run_until_complete again
[234.522s] DEBUG:colcon.colcon_core.event_handler.log_command:Invoked command in '/home/hzy/ros2/XJTU-RMV-Task04/rmv_task04/build/rmv_task04' returned '-2': CMAKE_PREFIX_PATH=/opt/ros/humble /usr/bin/cmake --build /home/hzy/ros2/XJTU-RMV-Task04/rmv_task04/build/rmv_task04 -- -j28 -l28
[234.523s] Level 1:colcon.colcon_core.environment:create_environment_scripts_only(rmv_task04)
[234.524s] Level 1:colcon.colcon_core.environment:checking '/home/hzy/ros2/XJTU-RMV-Task04/rmv_task04/install/rmv_task04' for CMake module files
[234.524s] Level 1:colcon.colcon_core.environment:checking '/home/hzy/ros2/XJTU-RMV-Task04/rmv_task04/install/rmv_task04' for CMake config files
[234.524s] Level 1:colcon.colcon_core.environment:checking '/home/hzy/ros2/XJTU-RMV-Task04/rmv_task04/install/rmv_task04/bin'
[234.524s] Level 1:colcon.colcon_core.environment:checking '/home/hzy/ros2/XJTU-RMV-Task04/rmv_task04/install/rmv_task04/lib/pkgconfig/rmv_task04.pc'
[234.525s] Level 1:colcon.colcon_core.environment:checking '/home/hzy/ros2/XJTU-RMV-Task04/rmv_task04/install/rmv_task04/lib/python3.10/site-packages'
[234.525s] Level 1:colcon.colcon_core.environment:checking '/home/hzy/ros2/XJTU-RMV-Task04/rmv_task04/install/rmv_task04/bin'
[234.525s] INFO:colcon.colcon_core.shell:Creating package script '/home/hzy/ros2/XJTU-RMV-Task04/rmv_task04/install/rmv_task04/share/rmv_task04/package.ps1'
[234.525s] INFO:colcon.colcon_core.shell:Creating package descriptor '/home/hzy/ros2/XJTU-RMV-Task04/rmv_task04/install/rmv_task04/share/rmv_task04/package.dsv'
[234.526s] INFO:colcon.colcon_core.shell:Creating package script '/home/hzy/ros2/XJTU-RMV-Task04/rmv_task04/install/rmv_task04/share/rmv_task04/package.sh'
[234.526s] INFO:colcon.colcon_core.shell:Creating package script '/home/hzy/ros2/XJTU-RMV-Task04/rmv_task04/install/rmv_task04/share/rmv_task04/package.bash'
[234.526s] INFO:colcon.colcon_core.shell:Creating package script '/home/hzy/ros2/XJTU-RMV-Task04/rmv_task04/install/rmv_task04/share/rmv_task04/package.zsh'
[234.527s] Level 1:colcon.colcon_core.environment:create_file_with_runtime_dependencies(/home/hzy/ros2/XJTU-RMV-Task04/rmv_task04/install/rmv_task04/share/colcon-core/packages/rmv_task04)
[234.537s] DEBUG:colcon.colcon_parallel_executor.executor.parallel:run_until_complete finished
[234.537s] DEBUG:colcon.colcon_parallel_executor.executor.parallel:closing loop
[234.537s] DEBUG:colcon.colcon_parallel_executor.executor.parallel:loop closed
[234.537s] DEBUG:colcon.colcon_core.event_reactor:joining thread
[234.541s] INFO:colcon.colcon_core.plugin_system:Skipping extension 'colcon_notification.desktop_notification.terminal_notifier': Not used on non-Darwin systems
[234.541s] INFO:colcon.colcon_core.plugin_system:Skipping extension 'colcon_notification.desktop_notification.win32': Not used on non-Windows systems
[234.541s] INFO:colcon.colcon_notification.desktop_notification:Sending desktop notification using 'notify2'
[234.549s] DEBUG:colcon.colcon_core.event_reactor:joined thread
[234.549s] INFO:colcon.colcon_core.shell:Creating prefix script '/home/hzy/ros2/XJTU-RMV-Task04/rmv_task04/install/local_setup.ps1'
[234.550s] INFO:colcon.colcon_core.shell:Creating prefix util module '/home/hzy/ros2/XJTU-RMV-Task04/rmv_task04/install/_local_setup_util_ps1.py'
[234.552s] INFO:colcon.colcon_core.shell:Creating prefix chain script '/home/hzy/ros2/XJTU-RMV-Task04/rmv_task04/install/setup.ps1'
[234.552s] INFO:colcon.colcon_core.shell:Creating prefix script '/home/hzy/ros2/XJTU-RMV-Task04/rmv_task04/install/local_setup.sh'
[234.553s] INFO:colcon.colcon_core.shell:Creating prefix util module '/home/hzy/ros2/XJTU-RMV-Task04/rmv_task04/install/_local_setup_util_sh.py'
[234.553s] INFO:colcon.colcon_core.shell:Creating prefix chain script '/home/hzy/ros2/XJTU-RMV-Task04/rmv_task04/install/setup.sh'
[234.554s] INFO:colcon.colcon_core.shell:Creating prefix script '/home/hzy/ros2/XJTU-RMV-Task04/rmv_task04/install/local_setup.bash'
[234.555s] INFO:colcon.colcon_core.shell:Creating prefix chain script '/home/hzy/ros2/XJTU-RMV-Task04/rmv_task04/install/setup.bash'
[234.555s] INFO:colcon.colcon_core.shell:Creating prefix script '/home/hzy/ros2/XJTU-RMV-Task04/rmv_task04/install/local_setup.zsh'
[234.555s] INFO:colcon.colcon_core.shell:Creating prefix chain script '/home/hzy/ros2/XJTU-RMV-Task04/rmv_task04/install/setup.zsh'
