[0.007s] Invoking command in '/home/hzy/ros2/chapt3/chapt3_ws/src/example_topic_rclcpp/build/example_topic_rclcpp': CMAKE_PREFIX_PATH=${CMAKE_PREFIX_PATH}:/opt/ros/humble /usr/bin/cmake --build /home/hzy/ros2/chapt3/chapt3_ws/src/example_topic_rclcpp/build/example_topic_rclcpp -- -j28 -l28
[0.071s] [ 25%] [32mBuilding CXX object CMakeFiles/topic_subscribe_01.dir/src/topic_subscribe_01.cpp.o[0m
[0.071s] [ 75%] Built target topic_publisher_01
[5.033s] [100%] [32m[1mLinking CXX executable topic_subscribe_01[0m
[5.276s] [100%] Built target topic_subscribe_01
[5.283s] Invoked command in '/home/hzy/ros2/chapt3/chapt3_ws/src/example_topic_rclcpp/build/example_topic_rclcpp' returned '0': CMAKE_PREFIX_PATH=${CMAKE_PREFIX_PATH}:/opt/ros/humble /usr/bin/cmake --build /home/hzy/ros2/chapt3/chapt3_ws/src/example_topic_rclcpp/build/example_topic_rclcpp -- -j28 -l28
[5.292s] Invoking command in '/home/hzy/ros2/chapt3/chapt3_ws/src/example_topic_rclcpp/build/example_topic_rclcpp': CMAKE_PREFIX_PATH=${CMAKE_PREFIX_PATH}:/opt/ros/humble /usr/bin/cmake --install /home/hzy/ros2/chapt3/chapt3_ws/src/example_topic_rclcpp/build/example_topic_rclcpp
[5.296s] -- Install configuration: ""
[5.296s] -- Up-to-date: /home/hzy/ros2/chapt3/chapt3_ws/src/example_topic_rclcpp/install/example_topic_rclcpp/share/ament_index/resource_index/package_run_dependencies/example_topic_rclcpp
[5.296s] -- Up-to-date: /home/hzy/ros2/chapt3/chapt3_ws/src/example_topic_rclcpp/install/example_topic_rclcpp/share/ament_index/resource_index/parent_prefix_path/example_topic_rclcpp
[5.296s] -- Up-to-date: /home/hzy/ros2/chapt3/chapt3_ws/src/example_topic_rclcpp/install/example_topic_rclcpp/share/example_topic_rclcpp/environment/ament_prefix_path.sh
[5.296s] -- Up-to-date: /home/hzy/ros2/chapt3/chapt3_ws/src/example_topic_rclcpp/install/example_topic_rclcpp/share/example_topic_rclcpp/environment/ament_prefix_path.dsv
[5.296s] -- Up-to-date: /home/hzy/ros2/chapt3/chapt3_ws/src/example_topic_rclcpp/install/example_topic_rclcpp/share/example_topic_rclcpp/environment/path.sh
[5.296s] -- Up-to-date: /home/hzy/ros2/chapt3/chapt3_ws/src/example_topic_rclcpp/install/example_topic_rclcpp/share/example_topic_rclcpp/environment/path.dsv
[5.296s] -- Up-to-date: /home/hzy/ros2/chapt3/chapt3_ws/src/example_topic_rclcpp/install/example_topic_rclcpp/share/example_topic_rclcpp/local_setup.bash
[5.296s] -- Up-to-date: /home/hzy/ros2/chapt3/chapt3_ws/src/example_topic_rclcpp/install/example_topic_rclcpp/share/example_topic_rclcpp/local_setup.sh
[5.296s] -- Up-to-date: /home/hzy/ros2/chapt3/chapt3_ws/src/example_topic_rclcpp/install/example_topic_rclcpp/share/example_topic_rclcpp/local_setup.zsh
[5.296s] -- Up-to-date: /home/hzy/ros2/chapt3/chapt3_ws/src/example_topic_rclcpp/install/example_topic_rclcpp/share/example_topic_rclcpp/local_setup.dsv
[5.296s] -- Up-to-date: /home/hzy/ros2/chapt3/chapt3_ws/src/example_topic_rclcpp/install/example_topic_rclcpp/share/example_topic_rclcpp/package.dsv
[5.297s] -- Up-to-date: /home/hzy/ros2/chapt3/chapt3_ws/src/example_topic_rclcpp/install/example_topic_rclcpp/share/ament_index/resource_index/packages/example_topic_rclcpp
[5.297s] -- Up-to-date: /home/hzy/ros2/chapt3/chapt3_ws/src/example_topic_rclcpp/install/example_topic_rclcpp/share/example_topic_rclcpp/cmake/example_topic_rclcppConfig.cmake
[5.297s] -- Up-to-date: /home/hzy/ros2/chapt3/chapt3_ws/src/example_topic_rclcpp/install/example_topic_rclcpp/share/example_topic_rclcpp/cmake/example_topic_rclcppConfig-version.cmake
[5.297s] -- Up-to-date: /home/hzy/ros2/chapt3/chapt3_ws/src/example_topic_rclcpp/install/example_topic_rclcpp/share/example_topic_rclcpp/package.xml
[5.297s] -- Up-to-date: /home/hzy/ros2/chapt3/chapt3_ws/src/example_topic_rclcpp/install/example_topic_rclcpp/lib/example_topic_rclcpp/topic_publisher_01
[5.297s] -- Installing: /home/hzy/ros2/chapt3/chapt3_ws/src/example_topic_rclcpp/install/example_topic_rclcpp/lib/example_topic_rclcpp/topic_subscribe_01
[5.298s] -- Set runtime path of "/home/hzy/ros2/chapt3/chapt3_ws/src/example_topic_rclcpp/install/example_topic_rclcpp/lib/example_topic_rclcpp/topic_subscribe_01" to ""
[5.299s] Invoked command in '/home/hzy/ros2/chapt3/chapt3_ws/src/example_topic_rclcpp/build/example_topic_rclcpp' returned '0': CMAKE_PREFIX_PATH=${CMAKE_PREFIX_PATH}:/opt/ros/humble /usr/bin/cmake --install /home/hzy/ros2/chapt3/chapt3_ws/src/example_topic_rclcpp/build/example_topic_rclcpp
