-- Found ament_cmake: 1.3.12 (/opt/ros/humble/share/ament_cmake/cmake)
-- Found rclcpp: 16.0.15 (/opt/ros/humble/share/rclcpp/cmake)
-- Found rosidl_generator_c: 3.1.7 (/opt/ros/humble/share/rosidl_generator_c/cmake)
-- Found rosidl_adapter: 3.1.7 (/opt/ros/humble/share/rosidl_adapter/cmake)
-- Found rosidl_generator_cpp: 3.1.7 (/opt/ros/humble/share/rosidl_generator_cpp/cmake)
-- Using all available rosidl_typesupport_c: rosidl_typesupport_fastrtps_c;rosidl_typesupport_introspection_c
-- Using all available rosidl_typesupport_cpp: rosidl_typesupport_fastrtps_cpp;rosidl_typesupport_introspection_cpp
-- Found rmw_implementation_cmake: 6.1.2 (/opt/ros/humble/share/rmw_implementation_cmake/cmake)
-- Found rmw_fastrtps_cpp: 6.2.8 (/opt/ros/humble/share/rmw_fastrtps_cpp/cmake)
-- Using RMW implementation 'rmw_fastrtps_cpp' as default
-- Found ament_lint_auto: 0.12.14 (/opt/ros/humble/share/ament_lint_auto/cmake)
-- Added test 'cppcheck' to perform static code analysis on C / C++ code
-- Configured cppcheck include dirs: 
-- Configured cppcheck exclude dirs and/or files: 
-- Added test 'flake8' to check Python code syntax and style conventions
-- Added test 'lint_cmake' to check CMake code style
-- Added test 'pep257' to check Python code against some of the docstring style conventions in PEP 257
-- Added test 'uncrustify' to check C / C++ code style
-- Configured uncrustify additional arguments: 
-- Added test 'xmllint' to check XML markup files
-- Configuring done
-- Generating done
-- Build files have been written to: /home/hzy/ros2/chapt3/chapt3_ws/src/example_service_rclcpp/build/example_service_rclcpp
[ 50%] [32mBuilding CXX object CMakeFiles/service_client_01.dir/src/service_client_01.cpp.o[0m
[01m[K/home/hzy/ros2/chapt3/chapt3_ws/src/example_service_rclcpp/src/service_client_01.cpp:[m[K In function ‘[01m[Kint main(int, char**)[m[K’:
[01m[K/home/hzy/ros2/chapt3/chapt3_ws/src/example_service_rclcpp/src/service_client_01.cpp:12:14:[m[K [01;35m[Kwarning: [m[Kunused parameter ‘[01m[Kargc[m[K’ [[01;35m[K]8;;https://gcc.gnu.org/onlinedocs/gcc/Warning-Options.html#index-Wunused-parameter-Wunused-parameter]8;;[m[K]
   12 | int main([01;35m[Kint argc[m[K,char **argv){
      |          [01;35m[K~~~~^~~~[m[K
[01m[K/home/hzy/ros2/chapt3/chapt3_ws/src/example_service_rclcpp/src/service_client_01.cpp:12:26:[m[K [01;35m[Kwarning: [m[Kunused parameter ‘[01m[Kargv[m[K’ [[01;35m[K]8;;https://gcc.gnu.org/onlinedocs/gcc/Warning-Options.html#index-Wunused-parameter-Wunused-parameter]8;;[m[K]
   12 | int main(int argc,[01;35m[Kchar **argv[m[K){
      |                   [01;35m[K~~~~~~~^~~~[m[K
[100%] [32m[1mLinking CXX executable service_client_01[0m
[100%] Built target service_client_01
-- Install configuration: ""
-- Installing: /home/hzy/ros2/chapt3/chapt3_ws/src/example_service_rclcpp/install/example_service_rclcpp/share/ament_index/resource_index/package_run_dependencies/example_service_rclcpp
-- Installing: /home/hzy/ros2/chapt3/chapt3_ws/src/example_service_rclcpp/install/example_service_rclcpp/share/ament_index/resource_index/parent_prefix_path/example_service_rclcpp
-- Installing: /home/hzy/ros2/chapt3/chapt3_ws/src/example_service_rclcpp/install/example_service_rclcpp/share/example_service_rclcpp/environment/ament_prefix_path.sh
-- Installing: /home/hzy/ros2/chapt3/chapt3_ws/src/example_service_rclcpp/install/example_service_rclcpp/share/example_service_rclcpp/environment/ament_prefix_path.dsv
-- Installing: /home/hzy/ros2/chapt3/chapt3_ws/src/example_service_rclcpp/install/example_service_rclcpp/share/example_service_rclcpp/environment/path.sh
-- Installing: /home/hzy/ros2/chapt3/chapt3_ws/src/example_service_rclcpp/install/example_service_rclcpp/share/example_service_rclcpp/environment/path.dsv
-- Installing: /home/hzy/ros2/chapt3/chapt3_ws/src/example_service_rclcpp/install/example_service_rclcpp/share/example_service_rclcpp/local_setup.bash
-- Installing: /home/hzy/ros2/chapt3/chapt3_ws/src/example_service_rclcpp/install/example_service_rclcpp/share/example_service_rclcpp/local_setup.sh
-- Installing: /home/hzy/ros2/chapt3/chapt3_ws/src/example_service_rclcpp/install/example_service_rclcpp/share/example_service_rclcpp/local_setup.zsh
-- Installing: /home/hzy/ros2/chapt3/chapt3_ws/src/example_service_rclcpp/install/example_service_rclcpp/share/example_service_rclcpp/local_setup.dsv
-- Installing: /home/hzy/ros2/chapt3/chapt3_ws/src/example_service_rclcpp/install/example_service_rclcpp/share/example_service_rclcpp/package.dsv
-- Installing: /home/hzy/ros2/chapt3/chapt3_ws/src/example_service_rclcpp/install/example_service_rclcpp/share/ament_index/resource_index/packages/example_service_rclcpp
-- Installing: /home/hzy/ros2/chapt3/chapt3_ws/src/example_service_rclcpp/install/example_service_rclcpp/share/example_service_rclcpp/cmake/example_service_rclcppConfig.cmake
-- Installing: /home/hzy/ros2/chapt3/chapt3_ws/src/example_service_rclcpp/install/example_service_rclcpp/share/example_service_rclcpp/cmake/example_service_rclcppConfig-version.cmake
-- Installing: /home/hzy/ros2/chapt3/chapt3_ws/src/example_service_rclcpp/install/example_service_rclcpp/share/example_service_rclcpp/package.xml
-- Installing: /home/hzy/ros2/chapt3/chapt3_ws/src/example_service_rclcpp/install/example_service_rclcpp/lib/example_service_rclcpp/service_client_01
-- Set runtime path of "/home/hzy/ros2/chapt3/chapt3_ws/src/example_service_rclcpp/install/example_service_rclcpp/lib/example_service_rclcpp/service_client_01" to ""
