[0.007s] Invoking command in '/home/hzy/ros2/XJTU-RMV-Task04/rmv_task04/build/rmv_task04': CMAKE_PREFIX_PATH=/opt/ros/humble /usr/bin/cmake /home/hzy/ros2/XJTU-RMV-Task04/rmv_task04 -DCMAKE_INSTALL_PREFIX=/home/hzy/ros2/XJTU-RMV-Task04/rmv_task04/install/rmv_task04
[0.064s] -- The C compiler identification is GNU 11.4.0
[0.116s] -- The CXX compiler identification is GNU 11.4.0
[0.122s] -- Detecting C compiler ABI info
[0.199s] -- Detecting C compiler ABI info - done
[0.207s] -- Check for working C compiler: /usr/bin/cc - skipped
[0.207s] -- Detecting C compile features
[0.208s] -- Detecting C compile features - done
[0.211s] -- Detecting CXX compiler ABI info
[0.287s] -- Detecting CXX compiler ABI info - done
[0.292s] -- Check for working CXX compiler: /usr/bin/c++ - skipped
[0.293s] -- Detecting CXX compile features
[0.293s] -- Detecting CXX compile features - done
[0.294s] -- Found ament_cmake: 1.3.12 (/opt/ros/humble/share/ament_cmake/cmake)
[0.407s] -- Found Python3: /usr/bin/python3 (found version "3.10.12") found components: Interpreter 
[0.461s] -- Found rclcpp: 16.0.15 (/opt/ros/humble/share/rclcpp/cmake)
[0.489s] -- Found rosidl_generator_c: 3.1.7 (/opt/ros/humble/share/rosidl_generator_c/cmake)
[0.491s] -- Found rosidl_adapter: 3.1.7 (/opt/ros/humble/share/rosidl_adapter/cmake)
[0.496s] -- Found rosidl_generator_cpp: 3.1.7 (/opt/ros/humble/share/rosidl_generator_cpp/cmake)
[0.503s] -- Using all available rosidl_typesupport_c: rosidl_typesupport_fastrtps_c;rosidl_typesupport_introspection_c
[0.513s] -- Using all available rosidl_typesupport_cpp: rosidl_typesupport_fastrtps_cpp;rosidl_typesupport_introspection_cpp
[0.538s] -- Found rmw_implementation_cmake: 6.1.2 (/opt/ros/humble/share/rmw_implementation_cmake/cmake)
[0.539s] -- Found rmw_fastrtps_cpp: 6.2.8 (/opt/ros/humble/share/rmw_fastrtps_cpp/cmake)
[0.613s] -- Found OpenSSL: /usr/lib/x86_64-linux-gnu/libcrypto.so (found version "3.0.2")  
[0.635s] -- Found FastRTPS: /opt/ros/humble/include  
[0.663s] -- Using RMW implementation 'rmw_fastrtps_cpp' as default
[0.668s] -- Looking for pthread.h
[0.744s] -- Looking for pthread.h - found
[0.745s] -- Performing Test CMAKE_HAVE_LIBC_PTHREAD
[0.828s] -- Performing Test CMAKE_HAVE_LIBC_PTHREAD - Success
[0.829s] -- Found Threads: TRUE  
[0.863s] -- Found sensor_msgs: 4.9.0 (/opt/ros/humble/share/sensor_msgs/cmake)
[0.882s] -- Found cv_bridge: 3.2.1 (/opt/ros/humble/share/cv_bridge/cmake)
[0.888s] -- Found OpenCV: /usr/local (found version "4.12.0") 
[0.889s] -- Found installed version of Eigen: /usr/share/eigen3/cmake
[0.890s] -- Found required Ceres dependency: Eigen version 3.4.0 in /usr/include/eigen3
[0.892s] -- Found installed version of glog: /usr/lib/x86_64-linux-gnu/cmake/glog
[0.892s] -- Detected glog version: 0.4.0
[0.892s] -- Found required Ceres dependency: glog
[0.893s] -- Found installed version of gflags: /usr/lib/x86_64-linux-gnu/cmake/gflags
[0.893s] -- Detected gflags version: 2.2.2
[0.894s] -- Found required Ceres dependency: gflags
[0.894s] -- Found Ceres version: 1.14.0 installed in: /usr/local with components: [EigenSparse, SparseLinearAlgebraLibrary, LAPACK, SuiteSparse, CXSparse, SchurSpecializations, OpenMP, Multithreading]
[0.895s] -- Found rosidl_default_generators: 1.2.0 (/opt/ros/humble/share/rosidl_default_generators/cmake)
[0.900s] -- Found ament_lint_auto: 0.12.14 (/opt/ros/humble/share/ament_lint_auto/cmake)
[1.082s] -- Found ament_cmake_ros: 0.10.0 (/opt/ros/humble/share/ament_cmake_ros/cmake)
[1.337s] -- Using all available rosidl_typesupport_c: rosidl_typesupport_fastrtps_c;rosidl_typesupport_introspection_c
[1.437s] -- Using all available rosidl_typesupport_cpp: rosidl_typesupport_fastrtps_cpp;rosidl_typesupport_introspection_cpp
[1.459s] -- Found PythonInterp: /usr/bin/python3 (found suitable version "3.10.12", minimum required is "3.6") 
[1.460s] -- Found python_cmake_module: 0.10.0 (/opt/ros/humble/share/python_cmake_module/cmake)
[1.486s] -- Found PythonLibs: /usr/lib/x86_64-linux-gnu/libpython3.10.so (found suitable version "3.10.12", minimum required is "3.5") 
[1.486s] -- Using PYTHON_EXECUTABLE: /usr/bin/python3
[1.486s] -- Using PYTHON_INCLUDE_DIRS: /usr/include/python3.10
[1.486s] -- Using PYTHON_LIBRARIES: /usr/lib/x86_64-linux-gnu/libpython3.10.so
[1.505s] -- Found PythonExtra: .so  
[1.562s] -- Added test 'cppcheck' to perform static code analysis on C / C++ code
[1.562s] -- Configured cppcheck include dirs: $<BUILD_INTERFACE:/home/hzy/ros2/XJTU-RMV-Task04/rmv_task04/build/rmv_task04/rosidl_generator_c>;$<BUILD_INTERFACE:/home/hzy/ros2/XJTU-RMV-Task04/rmv_task04/build/rmv_task04/rosidl_typesupport_fastrtps_c>;$<BUILD_INTERFACE:/home/hzy/ros2/XJTU-RMV-Task04/rmv_task04/build/rmv_task04/rosidl_generator_cpp>;$<BUILD_INTERFACE:/home/hzy/ros2/XJTU-RMV-Task04/rmv_task04/build/rmv_task04/rosidl_typesupport_fastrtps_cpp>;$<BUILD_INTERFACE:/home/hzy/ros2/XJTU-RMV-Task04/rmv_task04/build/rmv_task04/rosidl_typesupport_introspection_c>;$<BUILD_INTERFACE:/home/hzy/ros2/XJTU-RMV-Task04/rmv_task04/build/rmv_task04/rosidl_typesupport_introspection_cpp>;/home/hzy/ros2/XJTU-RMV-Task04/rmv_task04/build/rmv_task04/rosidl_generator_c;/home/hzy/ros2/XJTU-RMV-Task04/rmv_task04/build/rmv_task04/rosidl_generator_py;/home/hzy/ros2/XJTU-RMV-Task04/rmv_task04/include
[1.562s] -- Configured cppcheck exclude dirs and/or files: 
[1.565s] -- Added test 'flake8' to check Python code syntax and style conventions
[1.571s] -- Added test 'lint_cmake' to check CMake code style
[1.574s] -- Added test 'pep257' to check Python code against some of the docstring style conventions in PEP 257
[1.595s] -- Added test 'uncrustify' to check C / C++ code style
[1.595s] -- Configured uncrustify additional arguments: 
[1.598s] -- Added test 'xmllint' to check XML markup files
[1.600s] -- Configuring done
[1.628s] -- Generating done
[1.637s] -- Build files have been written to: /home/hzy/ros2/XJTU-RMV-Task04/rmv_task04/build/rmv_task04
[1.645s] Invoked command in '/home/hzy/ros2/XJTU-RMV-Task04/rmv_task04/build/rmv_task04' returned '0': CMAKE_PREFIX_PATH=/opt/ros/humble /usr/bin/cmake /home/hzy/ros2/XJTU-RMV-Task04/rmv_task04 -DCMAKE_INSTALL_PREFIX=/home/hzy/ros2/XJTU-RMV-Task04/rmv_task04/install/rmv_task04
[1.646s] Invoking command in '/home/hzy/ros2/XJTU-RMV-Task04/rmv_task04/build/rmv_task04': CMAKE_PREFIX_PATH=/opt/ros/humble /usr/bin/cmake --build /home/hzy/ros2/XJTU-RMV-Task04/rmv_task04/build/rmv_task04 -- -j28 -l28
[1.683s] [  2%] [34m[1mGenerating C code for ROS interfaces[0m
[1.696s] [  6%] [34m[1mGenerating C++ code for ROS interfaces[0m
[1.696s] [  6%] [32mBuilding CXX object CMakeFiles/ImgPublisher.dir/src/img_publisher.cpp.o[0m
[1.699s] [  6%] Built target ament_cmake_python_copy_rmv_task04
[1.837s] running egg_info
[1.838s] creating rmv_task04.egg-info
[1.838s] writing rmv_task04.egg-info/PKG-INFO
[1.838s] writing dependency_links to rmv_task04.egg-info/dependency_links.txt
[1.838s] writing top-level names to rmv_task04.egg-info/top_level.txt
[1.838s] writing manifest file 'rmv_task04.egg-info/SOURCES.txt'
[1.839s] reading manifest file 'rmv_task04.egg-info/SOURCES.txt'
[1.839s] writing manifest file 'rmv_task04.egg-info/SOURCES.txt'
[1.858s] [  6%] Built target ament_cmake_python_build_rmv_task04_egg
[1.935s] [  6%] Built target rmv_task04__cpp
[1.935s] [  9%] [32mBuilding C object CMakeFiles/rmv_task04__rosidl_generator_c.dir/rosidl_generator_c/rmv_task04/msg/detail/object__functions.c.o[0m
[1.936s] [ 11%] [32mBuilding C object CMakeFiles/rmv_task04__rosidl_generator_c.dir/rosidl_generator_c/rmv_task04/msg/detail/object_array__functions.c.o[0m
[1.943s] [ 13%] [34m[1mGenerating C++ type support for eProsima Fast-RTPS[0m
[1.943s] [ 16%] [34m[1mGenerating C++ type support dispatch for ROS interfaces[0m
[1.943s] [ 18%] [34m[1mGenerating C++ introspection for ROS interfaces[0m
[1.969s] [ 20%] [32m[1mLinking C shared library librmv_task04__rosidl_generator_c.so[0m
[2.000s] [ 20%] Built target rmv_task04__rosidl_generator_c
[2.010s] [ 23%] [34m[1mGenerating C type support for eProsima Fast-RTPS[0m
[2.010s] [ 25%] [34m[1mGenerating C type support dispatch for ROS interfaces[0m
[2.011s] [ 27%] [34m[1mGenerating C introspection for ROS interfaces[0m
[2.163s] [ 32%] [32mBuilding CXX object CMakeFiles/rmv_task04__rosidl_typesupport_cpp.dir/rosidl_typesupport_cpp/rmv_task04/msg/object__type_support.cpp.o[0m
[2.164s] [ 32%] [32mBuilding CXX object CMakeFiles/rmv_task04__rosidl_typesupport_cpp.dir/rosidl_typesupport_cpp/rmv_task04/msg/object_array__type_support.cpp.o[0m
[2.166s] [ 34%] [32mBuilding CXX object CMakeFiles/rmv_task04__rosidl_typesupport_introspection_cpp.dir/rosidl_typesupport_introspection_cpp/rmv_task04/msg/detail/object_array__type_support.cpp.o[0m
[2.166s] [ 37%] [32mBuilding CXX object CMakeFiles/rmv_task04__rosidl_typesupport_introspection_cpp.dir/rosidl_typesupport_introspection_cpp/rmv_task04/msg/detail/object__type_support.cpp.o[0m
[2.174s] [ 39%] [32mBuilding CXX object CMakeFiles/rmv_task04__rosidl_typesupport_fastrtps_cpp.dir/rosidl_typesupport_fastrtps_cpp/rmv_task04/msg/detail/dds_fastrtps/object__type_support.cpp.o[0m
[2.175s] [ 41%] [32mBuilding CXX object CMakeFiles/rmv_task04__rosidl_typesupport_fastrtps_cpp.dir/rosidl_typesupport_fastrtps_cpp/rmv_task04/msg/detail/dds_fastrtps/object_array__type_support.cpp.o[0m
[2.227s] [ 44%] [32mBuilding CXX object CMakeFiles/rmv_task04__rosidl_typesupport_c.dir/rosidl_typesupport_c/rmv_task04/msg/object__type_support.cpp.o[0m
[2.227s] [ 46%] [32mBuilding CXX object CMakeFiles/rmv_task04__rosidl_typesupport_c.dir/rosidl_typesupport_c/rmv_task04/msg/object_array__type_support.cpp.o[0m
[2.252s] [ 51%] [32mBuilding C object CMakeFiles/rmv_task04__rosidl_typesupport_introspection_c.dir/rosidl_typesupport_introspection_c/rmv_task04/msg/detail/object_array__type_support.c.o[0m
[2.252s] [ 51%] [32mBuilding C object CMakeFiles/rmv_task04__rosidl_typesupport_introspection_c.dir/rosidl_typesupport_introspection_c/rmv_task04/msg/detail/object__type_support.c.o[0m
[2.255s] [ 53%] [32m[1mLinking CXX shared library librmv_task04__rosidl_typesupport_c.so[0m
[2.287s] [ 55%] [32m[1mLinking C shared library librmv_task04__rosidl_typesupport_introspection_c.so[0m
[2.293s] [ 55%] Built target rmv_task04__rosidl_typesupport_c
[2.298s] [ 58%] [32mBuilding CXX object CMakeFiles/rmv_task04__rosidl_typesupport_fastrtps_c.dir/rosidl_typesupport_fastrtps_c/rmv_task04/msg/detail/object__type_support_c.cpp.o[0m
[2.301s] [ 60%] [32mBuilding CXX object CMakeFiles/rmv_task04__rosidl_typesupport_fastrtps_c.dir/rosidl_typesupport_fastrtps_c/rmv_task04/msg/detail/object_array__type_support_c.cpp.o[0m
[2.316s] [ 62%] [32m[1mLinking CXX shared library librmv_task04__rosidl_typesupport_cpp.so[0m
[2.317s] [ 62%] Built target rmv_task04__rosidl_typesupport_introspection_c
[2.348s] [ 62%] Built target rmv_task04__rosidl_typesupport_cpp
[2.368s] [ 65%] [32mBuilding CXX object CMakeFiles/ImgDealer.dir/src/img_dealer.cpp.o[0m
[2.407s] [ 67%] [32m[1mLinking CXX shared library librmv_task04__rosidl_typesupport_introspection_cpp.so[0m
[2.460s] [ 67%] Built target rmv_task04__rosidl_typesupport_introspection_cpp
[2.465s] [ 69%] [32m[1mLinking CXX shared library librmv_task04__rosidl_typesupport_fastrtps_cpp.so[0m
[2.520s] [ 69%] Built target rmv_task04__rosidl_typesupport_fastrtps_cpp
[2.540s] [ 72%] [32m[1mLinking CXX shared library librmv_task04__rosidl_typesupport_fastrtps_c.so[0m
[2.594s] [ 72%] Built target rmv_task04__rosidl_typesupport_fastrtps_c
[2.612s] [ 72%] Built target rmv_task04
[2.627s] [ 74%] [34m[1mGenerating Python code for ROS interfaces[0m
[2.975s] [ 74%] Built target rmv_task04__py
[2.991s] [ 79%] [32mBuilding C object CMakeFiles/rmv_task04__rosidl_generator_py.dir/rosidl_generator_py/rmv_task04/msg/_object_array_s.c.o[0m
[2.991s] [ 79%] [32mBuilding C object CMakeFiles/rmv_task04__rosidl_generator_py.dir/rosidl_generator_py/rmv_task04/msg/_object_s.c.o[0m
[3.057s] [ 81%] [32m[1mLinking C shared library rosidl_generator_py/rmv_task04/librmv_task04__rosidl_generator_py.so[0m
[3.090s] [ 81%] Built target rmv_task04__rosidl_generator_py
[3.105s] [ 83%] [32mBuilding C object CMakeFiles/rmv_task04__rosidl_typesupport_fastrtps_c__pyext.dir/rosidl_generator_py/rmv_task04/_rmv_task04_s.ep.rosidl_typesupport_fastrtps_c.c.o[0m
[3.109s] [ 86%] [32mBuilding C object CMakeFiles/rmv_task04__rosidl_typesupport_c__pyext.dir/rosidl_generator_py/rmv_task04/_rmv_task04_s.ep.rosidl_typesupport_c.c.o[0m
[3.109s] [ 88%] [32mBuilding C object CMakeFiles/rmv_task04__rosidl_typesupport_introspection_c__pyext.dir/rosidl_generator_py/rmv_task04/_rmv_task04_s.ep.rosidl_typesupport_introspection_c.c.o[0m
[3.169s] [ 90%] [32m[1mLinking C shared library rosidl_generator_py/rmv_task04/rmv_task04_s__rosidl_typesupport_fastrtps_c.cpython-310-x86_64-linux-gnu.so[0m
[3.170s] [ 93%] [32m[1mLinking C shared library rosidl_generator_py/rmv_task04/rmv_task04_s__rosidl_typesupport_c.cpython-310-x86_64-linux-gnu.so[0m
[3.174s] [ 95%] [32m[1mLinking C shared library rosidl_generator_py/rmv_task04/rmv_task04_s__rosidl_typesupport_introspection_c.cpython-310-x86_64-linux-gnu.so[0m
[3.197s] [ 95%] Built target rmv_task04__rosidl_typesupport_fastrtps_c__pyext
[3.200s] [ 95%] Built target rmv_task04__rosidl_typesupport_c__pyext
[3.203s] [ 95%] Built target rmv_task04__rosidl_typesupport_introspection_c__pyext
[5.182s] [ 97%] [32m[1mLinking CXX executable ImgPublisher[0m
[5.291s] /usr/bin/ld: warning: libopencv_imgcodecs.so.4.5d, needed by /opt/ros/humble/lib/libcv_bridge.so, may conflict with libopencv_imgcodecs.so.412
[5.291s] /usr/bin/ld: warning: libopencv_imgproc.so.4.5d, needed by /opt/ros/humble/lib/libcv_bridge.so, may conflict with libopencv_imgproc.so.412
[5.292s] /usr/bin/ld: warning: libopencv_core.so.4.5d, needed by /opt/ros/humble/lib/libcv_bridge.so, may conflict with libopencv_core.so.412
[5.472s] [ 97%] Built target ImgPublisher
[7.887s] [100%] [32m[1mLinking CXX executable ImgDealer[0m
[8.027s] /usr/bin/ld: warning: libopencv_core.so.4.5d, needed by /opt/ros/humble/lib/libcv_bridge.so, may conflict with libopencv_core.so.412
[8.317s] [100%] Built target ImgDealer
[8.326s] Invoked command in '/home/hzy/ros2/XJTU-RMV-Task04/rmv_task04/build/rmv_task04' returned '0': CMAKE_PREFIX_PATH=/opt/ros/humble /usr/bin/cmake --build /home/hzy/ros2/XJTU-RMV-Task04/rmv_task04/build/rmv_task04 -- -j28 -l28
[8.338s] Invoking command in '/home/hzy/ros2/XJTU-RMV-Task04/rmv_task04/build/rmv_task04': CMAKE_PREFIX_PATH=/opt/ros/humble /usr/bin/cmake --install /home/hzy/ros2/XJTU-RMV-Task04/rmv_task04/build/rmv_task04
[8.347s] -- Install configuration: ""
[8.348s] -- Installing: /home/hzy/ros2/XJTU-RMV-Task04/rmv_task04/install/rmv_task04/share/ament_index/resource_index/rosidl_interfaces/rmv_task04
[8.348s] -- Installing: /home/hzy/ros2/XJTU-RMV-Task04/rmv_task04/install/rmv_task04/include/rmv_task04/rmv_task04
[8.348s] -- Installing: /home/hzy/ros2/XJTU-RMV-Task04/rmv_task04/install/rmv_task04/include/rmv_task04/rmv_task04/msg
[8.348s] -- Installing: /home/hzy/ros2/XJTU-RMV-Task04/rmv_task04/install/rmv_task04/include/rmv_task04/rmv_task04/msg/rosidl_generator_c__visibility_control.h
[8.348s] -- Installing: /home/hzy/ros2/XJTU-RMV-Task04/rmv_task04/install/rmv_task04/include/rmv_task04/rmv_task04/msg/object_array.h
[8.348s] -- Installing: /home/hzy/ros2/XJTU-RMV-Task04/rmv_task04/install/rmv_task04/include/rmv_task04/rmv_task04/msg/detail
[8.348s] -- Installing: /home/hzy/ros2/XJTU-RMV-Task04/rmv_task04/install/rmv_task04/include/rmv_task04/rmv_task04/msg/detail/object_array__functions.h
[8.348s] -- Installing: /home/hzy/ros2/XJTU-RMV-Task04/rmv_task04/install/rmv_task04/include/rmv_task04/rmv_task04/msg/detail/object__functions.c
[8.348s] -- Installing: /home/hzy/ros2/XJTU-RMV-Task04/rmv_task04/install/rmv_task04/include/rmv_task04/rmv_task04/msg/detail/object_array__struct.h
[8.348s] -- Installing: /home/hzy/ros2/XJTU-RMV-Task04/rmv_task04/install/rmv_task04/include/rmv_task04/rmv_task04/msg/detail/object__functions.h
[8.348s] -- Installing: /home/hzy/ros2/XJTU-RMV-Task04/rmv_task04/install/rmv_task04/include/rmv_task04/rmv_task04/msg/detail/object_array__type_support.h
[8.348s] -- Installing: /home/hzy/ros2/XJTU-RMV-Task04/rmv_task04/install/rmv_task04/include/rmv_task04/rmv_task04/msg/detail/object__struct.h
[8.348s] -- Installing: /home/hzy/ros2/XJTU-RMV-Task04/rmv_task04/install/rmv_task04/include/rmv_task04/rmv_task04/msg/detail/object__type_support.h
[8.348s] -- Installing: /home/hzy/ros2/XJTU-RMV-Task04/rmv_task04/install/rmv_task04/include/rmv_task04/rmv_task04/msg/detail/object_array__functions.c
[8.348s] -- Installing: /home/hzy/ros2/XJTU-RMV-Task04/rmv_task04/install/rmv_task04/include/rmv_task04/rmv_task04/msg/object.h
[8.349s] -- Installing: /home/hzy/ros2/XJTU-RMV-Task04/rmv_task04/install/rmv_task04/share/rmv_task04/environment/library_path.sh
[8.349s] -- Installing: /home/hzy/ros2/XJTU-RMV-Task04/rmv_task04/install/rmv_task04/share/rmv_task04/environment/library_path.dsv
[8.349s] -- Installing: /home/hzy/ros2/XJTU-RMV-Task04/rmv_task04/install/rmv_task04/lib/librmv_task04__rosidl_generator_c.so
[8.349s] -- Set runtime path of "/home/hzy/ros2/XJTU-RMV-Task04/rmv_task04/install/rmv_task04/lib/librmv_task04__rosidl_generator_c.so" to ""
[8.349s] -- Up-to-date: /home/hzy/ros2/XJTU-RMV-Task04/rmv_task04/install/rmv_task04/include/rmv_task04/rmv_task04
[8.349s] -- Up-to-date: /home/hzy/ros2/XJTU-RMV-Task04/rmv_task04/install/rmv_task04/include/rmv_task04/rmv_task04/msg
[8.349s] -- Up-to-date: /home/hzy/ros2/XJTU-RMV-Task04/rmv_task04/install/rmv_task04/include/rmv_task04/rmv_task04/msg/detail
[8.349s] -- Installing: /home/hzy/ros2/XJTU-RMV-Task04/rmv_task04/install/rmv_task04/include/rmv_task04/rmv_task04/msg/detail/object__rosidl_typesupport_fastrtps_c.h
[8.349s] -- Installing: /home/hzy/ros2/XJTU-RMV-Task04/rmv_task04/install/rmv_task04/include/rmv_task04/rmv_task04/msg/detail/object_array__rosidl_typesupport_fastrtps_c.h
[8.349s] -- Installing: /home/hzy/ros2/XJTU-RMV-Task04/rmv_task04/install/rmv_task04/include/rmv_task04/rmv_task04/msg/rosidl_typesupport_fastrtps_c__visibility_control.h
[8.349s] -- Installing: /home/hzy/ros2/XJTU-RMV-Task04/rmv_task04/install/rmv_task04/lib/librmv_task04__rosidl_typesupport_fastrtps_c.so
[8.349s] -- Set runtime path of "/home/hzy/ros2/XJTU-RMV-Task04/rmv_task04/install/rmv_task04/lib/librmv_task04__rosidl_typesupport_fastrtps_c.so" to ""
[8.350s] -- Up-to-date: /home/hzy/ros2/XJTU-RMV-Task04/rmv_task04/install/rmv_task04/include/rmv_task04/rmv_task04
[8.350s] -- Up-to-date: /home/hzy/ros2/XJTU-RMV-Task04/rmv_task04/install/rmv_task04/include/rmv_task04/rmv_task04/msg
[8.350s] -- Installing: /home/hzy/ros2/XJTU-RMV-Task04/rmv_task04/install/rmv_task04/include/rmv_task04/rmv_task04/msg/object_array.hpp
[8.350s] -- Installing: /home/hzy/ros2/XJTU-RMV-Task04/rmv_task04/install/rmv_task04/include/rmv_task04/rmv_task04/msg/rosidl_generator_cpp__visibility_control.hpp
[8.350s] -- Up-to-date: /home/hzy/ros2/XJTU-RMV-Task04/rmv_task04/install/rmv_task04/include/rmv_task04/rmv_task04/msg/detail
[8.350s] -- Installing: /home/hzy/ros2/XJTU-RMV-Task04/rmv_task04/install/rmv_task04/include/rmv_task04/rmv_task04/msg/detail/object_array__type_support.hpp
[8.350s] -- Installing: /home/hzy/ros2/XJTU-RMV-Task04/rmv_task04/install/rmv_task04/include/rmv_task04/rmv_task04/msg/detail/object_array__traits.hpp
[8.350s] -- Installing: /home/hzy/ros2/XJTU-RMV-Task04/rmv_task04/install/rmv_task04/include/rmv_task04/rmv_task04/msg/detail/object_array__builder.hpp
[8.350s] -- Installing: /home/hzy/ros2/XJTU-RMV-Task04/rmv_task04/install/rmv_task04/include/rmv_task04/rmv_task04/msg/detail/object_array__struct.hpp
[8.350s] -- Installing: /home/hzy/ros2/XJTU-RMV-Task04/rmv_task04/install/rmv_task04/include/rmv_task04/rmv_task04/msg/detail/object__type_support.hpp
[8.350s] -- Installing: /home/hzy/ros2/XJTU-RMV-Task04/rmv_task04/install/rmv_task04/include/rmv_task04/rmv_task04/msg/detail/object__traits.hpp
[8.350s] -- Installing: /home/hzy/ros2/XJTU-RMV-Task04/rmv_task04/install/rmv_task04/include/rmv_task04/rmv_task04/msg/detail/object__builder.hpp
[8.350s] -- Installing: /home/hzy/ros2/XJTU-RMV-Task04/rmv_task04/install/rmv_task04/include/rmv_task04/rmv_task04/msg/detail/object__struct.hpp
[8.350s] -- Installing: /home/hzy/ros2/XJTU-RMV-Task04/rmv_task04/install/rmv_task04/include/rmv_task04/rmv_task04/msg/object.hpp
[8.350s] -- Up-to-date: /home/hzy/ros2/XJTU-RMV-Task04/rmv_task04/install/rmv_task04/include/rmv_task04/rmv_task04
[8.350s] -- Up-to-date: /home/hzy/ros2/XJTU-RMV-Task04/rmv_task04/install/rmv_task04/include/rmv_task04/rmv_task04/msg
[8.350s] -- Installing: /home/hzy/ros2/XJTU-RMV-Task04/rmv_task04/install/rmv_task04/include/rmv_task04/rmv_task04/msg/rosidl_typesupport_fastrtps_cpp__visibility_control.h
[8.351s] -- Up-to-date: /home/hzy/ros2/XJTU-RMV-Task04/rmv_task04/install/rmv_task04/include/rmv_task04/rmv_task04/msg/detail
[8.351s] -- Installing: /home/hzy/ros2/XJTU-RMV-Task04/rmv_task04/install/rmv_task04/include/rmv_task04/rmv_task04/msg/detail/object_array__rosidl_typesupport_fastrtps_cpp.hpp
[8.351s] -- Installing: /home/hzy/ros2/XJTU-RMV-Task04/rmv_task04/install/rmv_task04/include/rmv_task04/rmv_task04/msg/detail/object__rosidl_typesupport_fastrtps_cpp.hpp
[8.351s] -- Installing: /home/hzy/ros2/XJTU-RMV-Task04/rmv_task04/install/rmv_task04/include/rmv_task04/rmv_task04/msg/detail/dds_fastrtps
[8.351s] -- Installing: /home/hzy/ros2/XJTU-RMV-Task04/rmv_task04/install/rmv_task04/lib/librmv_task04__rosidl_typesupport_fastrtps_cpp.so
[8.351s] -- Set runtime path of "/home/hzy/ros2/XJTU-RMV-Task04/rmv_task04/install/rmv_task04/lib/librmv_task04__rosidl_typesupport_fastrtps_cpp.so" to ""
[8.351s] -- Up-to-date: /home/hzy/ros2/XJTU-RMV-Task04/rmv_task04/install/rmv_task04/include/rmv_task04/rmv_task04
[8.351s] -- Up-to-date: /home/hzy/ros2/XJTU-RMV-Task04/rmv_task04/install/rmv_task04/include/rmv_task04/rmv_task04/msg
[8.351s] -- Installing: /home/hzy/ros2/XJTU-RMV-Task04/rmv_task04/install/rmv_task04/include/rmv_task04/rmv_task04/msg/rosidl_typesupport_introspection_c__visibility_control.h
[8.351s] -- Up-to-date: /home/hzy/ros2/XJTU-RMV-Task04/rmv_task04/install/rmv_task04/include/rmv_task04/rmv_task04/msg/detail
[8.351s] -- Installing: /home/hzy/ros2/XJTU-RMV-Task04/rmv_task04/install/rmv_task04/include/rmv_task04/rmv_task04/msg/detail/object__type_support.c
[8.351s] -- Installing: /home/hzy/ros2/XJTU-RMV-Task04/rmv_task04/install/rmv_task04/include/rmv_task04/rmv_task04/msg/detail/object_array__type_support.c
[8.351s] -- Installing: /home/hzy/ros2/XJTU-RMV-Task04/rmv_task04/install/rmv_task04/include/rmv_task04/rmv_task04/msg/detail/object_array__rosidl_typesupport_introspection_c.h
[8.352s] -- Installing: /home/hzy/ros2/XJTU-RMV-Task04/rmv_task04/install/rmv_task04/include/rmv_task04/rmv_task04/msg/detail/object__rosidl_typesupport_introspection_c.h
[8.352s] -- Installing: /home/hzy/ros2/XJTU-RMV-Task04/rmv_task04/install/rmv_task04/lib/librmv_task04__rosidl_typesupport_introspection_c.so
[8.352s] -- Set runtime path of "/home/hzy/ros2/XJTU-RMV-Task04/rmv_task04/install/rmv_task04/lib/librmv_task04__rosidl_typesupport_introspection_c.so" to ""
[8.352s] -- Installing: /home/hzy/ros2/XJTU-RMV-Task04/rmv_task04/install/rmv_task04/lib/librmv_task04__rosidl_typesupport_c.so
[8.352s] -- Set runtime path of "/home/hzy/ros2/XJTU-RMV-Task04/rmv_task04/install/rmv_task04/lib/librmv_task04__rosidl_typesupport_c.so" to ""
[8.352s] -- Up-to-date: /home/hzy/ros2/XJTU-RMV-Task04/rmv_task04/install/rmv_task04/include/rmv_task04/rmv_task04
[8.352s] -- Up-to-date: /home/hzy/ros2/XJTU-RMV-Task04/rmv_task04/install/rmv_task04/include/rmv_task04/rmv_task04/msg
[8.352s] -- Up-to-date: /home/hzy/ros2/XJTU-RMV-Task04/rmv_task04/install/rmv_task04/include/rmv_task04/rmv_task04/msg/detail
[8.352s] -- Installing: /home/hzy/ros2/XJTU-RMV-Task04/rmv_task04/install/rmv_task04/include/rmv_task04/rmv_task04/msg/detail/object__rosidl_typesupport_introspection_cpp.hpp
[8.352s] -- Installing: /home/hzy/ros2/XJTU-RMV-Task04/rmv_task04/install/rmv_task04/include/rmv_task04/rmv_task04/msg/detail/object__type_support.cpp
[8.352s] -- Installing: /home/hzy/ros2/XJTU-RMV-Task04/rmv_task04/install/rmv_task04/include/rmv_task04/rmv_task04/msg/detail/object_array__rosidl_typesupport_introspection_cpp.hpp
[8.352s] -- Installing: /home/hzy/ros2/XJTU-RMV-Task04/rmv_task04/install/rmv_task04/include/rmv_task04/rmv_task04/msg/detail/object_array__type_support.cpp
[8.352s] -- Installing: /home/hzy/ros2/XJTU-RMV-Task04/rmv_task04/install/rmv_task04/lib/librmv_task04__rosidl_typesupport_introspection_cpp.so
[8.353s] -- Set runtime path of "/home/hzy/ros2/XJTU-RMV-Task04/rmv_task04/install/rmv_task04/lib/librmv_task04__rosidl_typesupport_introspection_cpp.so" to ""
[8.353s] -- Installing: /home/hzy/ros2/XJTU-RMV-Task04/rmv_task04/install/rmv_task04/lib/librmv_task04__rosidl_typesupport_cpp.so
[8.353s] -- Set runtime path of "/home/hzy/ros2/XJTU-RMV-Task04/rmv_task04/install/rmv_task04/lib/librmv_task04__rosidl_typesupport_cpp.so" to ""
[8.353s] -- Installing: /home/hzy/ros2/XJTU-RMV-Task04/rmv_task04/install/rmv_task04/share/rmv_task04/environment/pythonpath.sh
[8.353s] -- Installing: /home/hzy/ros2/XJTU-RMV-Task04/rmv_task04/install/rmv_task04/share/rmv_task04/environment/pythonpath.dsv
[8.353s] -- Installing: /home/hzy/ros2/XJTU-RMV-Task04/rmv_task04/install/rmv_task04/local/lib/python3.10/dist-packages/rmv_task04-0.0.0-py3.10.egg-info
[8.353s] -- Installing: /home/hzy/ros2/XJTU-RMV-Task04/rmv_task04/install/rmv_task04/local/lib/python3.10/dist-packages/rmv_task04-0.0.0-py3.10.egg-info/PKG-INFO
[8.353s] -- Installing: /home/hzy/ros2/XJTU-RMV-Task04/rmv_task04/install/rmv_task04/local/lib/python3.10/dist-packages/rmv_task04-0.0.0-py3.10.egg-info/SOURCES.txt
[8.353s] -- Installing: /home/hzy/ros2/XJTU-RMV-Task04/rmv_task04/install/rmv_task04/local/lib/python3.10/dist-packages/rmv_task04-0.0.0-py3.10.egg-info/dependency_links.txt
[8.353s] -- Installing: /home/hzy/ros2/XJTU-RMV-Task04/rmv_task04/install/rmv_task04/local/lib/python3.10/dist-packages/rmv_task04-0.0.0-py3.10.egg-info/top_level.txt
[8.353s] -- Installing: /home/hzy/ros2/XJTU-RMV-Task04/rmv_task04/install/rmv_task04/local/lib/python3.10/dist-packages/rmv_task04
[8.353s] -- Installing: /home/hzy/ros2/XJTU-RMV-Task04/rmv_task04/install/rmv_task04/local/lib/python3.10/dist-packages/rmv_task04/_rmv_task04_s.ep.rosidl_typesupport_introspection_c.c
[8.353s] -- Installing: /home/hzy/ros2/XJTU-RMV-Task04/rmv_task04/install/rmv_task04/local/lib/python3.10/dist-packages/rmv_task04/librmv_task04__rosidl_generator_py.so
[8.353s] -- Installing: /home/hzy/ros2/XJTU-RMV-Task04/rmv_task04/install/rmv_task04/local/lib/python3.10/dist-packages/rmv_task04/__init__.py
[8.353s] -- Installing: /home/hzy/ros2/XJTU-RMV-Task04/rmv_task04/install/rmv_task04/local/lib/python3.10/dist-packages/rmv_task04/_rmv_task04_s.ep.rosidl_typesupport_c.c
[8.354s] -- Installing: /home/hzy/ros2/XJTU-RMV-Task04/rmv_task04/install/rmv_task04/local/lib/python3.10/dist-packages/rmv_task04/rmv_task04_s__rosidl_typesupport_fastrtps_c.cpython-310-x86_64-linux-gnu.so
[8.354s] -- Installing: /home/hzy/ros2/XJTU-RMV-Task04/rmv_task04/install/rmv_task04/local/lib/python3.10/dist-packages/rmv_task04/rmv_task04_s__rosidl_typesupport_introspection_c.cpython-310-x86_64-linux-gnu.so
[8.354s] -- Installing: /home/hzy/ros2/XJTU-RMV-Task04/rmv_task04/install/rmv_task04/local/lib/python3.10/dist-packages/rmv_task04/msg
[8.354s] -- Installing: /home/hzy/ros2/XJTU-RMV-Task04/rmv_task04/install/rmv_task04/local/lib/python3.10/dist-packages/rmv_task04/msg/_object_array_s.c
[8.354s] -- Installing: /home/hzy/ros2/XJTU-RMV-Task04/rmv_task04/install/rmv_task04/local/lib/python3.10/dist-packages/rmv_task04/msg/_object.py
[8.354s] -- Installing: /home/hzy/ros2/XJTU-RMV-Task04/rmv_task04/install/rmv_task04/local/lib/python3.10/dist-packages/rmv_task04/msg/_object_array.py
[8.354s] -- Installing: /home/hzy/ros2/XJTU-RMV-Task04/rmv_task04/install/rmv_task04/local/lib/python3.10/dist-packages/rmv_task04/msg/_object_s.c
[8.354s] -- Installing: /home/hzy/ros2/XJTU-RMV-Task04/rmv_task04/install/rmv_task04/local/lib/python3.10/dist-packages/rmv_task04/msg/__init__.py
[8.354s] -- Installing: /home/hzy/ros2/XJTU-RMV-Task04/rmv_task04/install/rmv_task04/local/lib/python3.10/dist-packages/rmv_task04/_rmv_task04_s.ep.rosidl_typesupport_fastrtps_c.c
[8.354s] -- Installing: /home/hzy/ros2/XJTU-RMV-Task04/rmv_task04/install/rmv_task04/local/lib/python3.10/dist-packages/rmv_task04/rmv_task04_s__rosidl_typesupport_c.cpython-310-x86_64-linux-gnu.so
[8.377s] Listing '/home/hzy/ros2/XJTU-RMV-Task04/rmv_task04/install/rmv_task04/local/lib/python3.10/dist-packages/rmv_task04'...
[8.377s] Compiling '/home/hzy/ros2/XJTU-RMV-Task04/rmv_task04/install/rmv_task04/local/lib/python3.10/dist-packages/rmv_task04/__init__.py'...
[8.377s] Listing '/home/hzy/ros2/XJTU-RMV-Task04/rmv_task04/install/rmv_task04/local/lib/python3.10/dist-packages/rmv_task04/msg'...
[8.377s] Compiling '/home/hzy/ros2/XJTU-RMV-Task04/rmv_task04/install/rmv_task04/local/lib/python3.10/dist-packages/rmv_task04/msg/__init__.py'...
[8.377s] Compiling '/home/hzy/ros2/XJTU-RMV-Task04/rmv_task04/install/rmv_task04/local/lib/python3.10/dist-packages/rmv_task04/msg/_object.py'...
[8.377s] Compiling '/home/hzy/ros2/XJTU-RMV-Task04/rmv_task04/install/rmv_task04/local/lib/python3.10/dist-packages/rmv_task04/msg/_object_array.py'...
[8.379s] -- Installing: /home/hzy/ros2/XJTU-RMV-Task04/rmv_task04/install/rmv_task04/local/lib/python3.10/dist-packages/rmv_task04/rmv_task04_s__rosidl_typesupport_fastrtps_c.cpython-310-x86_64-linux-gnu.so
[8.379s] -- Set runtime path of "/home/hzy/ros2/XJTU-RMV-Task04/rmv_task04/install/rmv_task04/local/lib/python3.10/dist-packages/rmv_task04/rmv_task04_s__rosidl_typesupport_fastrtps_c.cpython-310-x86_64-linux-gnu.so" to ""
[8.379s] -- Installing: /home/hzy/ros2/XJTU-RMV-Task04/rmv_task04/install/rmv_task04/local/lib/python3.10/dist-packages/rmv_task04/rmv_task04_s__rosidl_typesupport_introspection_c.cpython-310-x86_64-linux-gnu.so
[8.380s] -- Set runtime path of "/home/hzy/ros2/XJTU-RMV-Task04/rmv_task04/install/rmv_task04/local/lib/python3.10/dist-packages/rmv_task04/rmv_task04_s__rosidl_typesupport_introspection_c.cpython-310-x86_64-linux-gnu.so" to ""
[8.380s] -- Installing: /home/hzy/ros2/XJTU-RMV-Task04/rmv_task04/install/rmv_task04/local/lib/python3.10/dist-packages/rmv_task04/rmv_task04_s__rosidl_typesupport_c.cpython-310-x86_64-linux-gnu.so
[8.380s] -- Set runtime path of "/home/hzy/ros2/XJTU-RMV-Task04/rmv_task04/install/rmv_task04/local/lib/python3.10/dist-packages/rmv_task04/rmv_task04_s__rosidl_typesupport_c.cpython-310-x86_64-linux-gnu.so" to ""
[8.380s] -- Installing: /home/hzy/ros2/XJTU-RMV-Task04/rmv_task04/install/rmv_task04/lib/librmv_task04__rosidl_generator_py.so
[8.380s] -- Set runtime path of "/home/hzy/ros2/XJTU-RMV-Task04/rmv_task04/install/rmv_task04/lib/librmv_task04__rosidl_generator_py.so" to ""
[8.380s] -- Installing: /home/hzy/ros2/XJTU-RMV-Task04/rmv_task04/install/rmv_task04/share/rmv_task04/msg/Object.idl
[8.380s] -- Installing: /home/hzy/ros2/XJTU-RMV-Task04/rmv_task04/install/rmv_task04/share/rmv_task04/msg/ObjectArray.idl
[8.380s] -- Installing: /home/hzy/ros2/XJTU-RMV-Task04/rmv_task04/install/rmv_task04/share/rmv_task04/msg/Object.msg
[8.380s] -- Installing: /home/hzy/ros2/XJTU-RMV-Task04/rmv_task04/install/rmv_task04/share/rmv_task04/msg/ObjectArray.msg
[8.380s] -- Installing: /home/hzy/ros2/XJTU-RMV-Task04/rmv_task04/install/rmv_task04/lib/rmv_task04/ImgPublisher
[8.381s] -- Set runtime path of "/home/hzy/ros2/XJTU-RMV-Task04/rmv_task04/install/rmv_task04/lib/rmv_task04/ImgPublisher" to ""
[8.381s] -- Installing: /home/hzy/ros2/XJTU-RMV-Task04/rmv_task04/install/rmv_task04/lib/rmv_task04/ImgDealer
[8.383s] -- Set runtime path of "/home/hzy/ros2/XJTU-RMV-Task04/rmv_task04/install/rmv_task04/lib/rmv_task04/ImgDealer" to ""
[8.383s] -- Installing: /home/hzy/ros2/XJTU-RMV-Task04/rmv_task04/install/rmv_task04/share/rmv_task04//launch
[8.383s] -- Installing: /home/hzy/ros2/XJTU-RMV-Task04/rmv_task04/install/rmv_task04/share/rmv_task04//launch/launch.py
[8.383s] -- Installing: /home/hzy/ros2/XJTU-RMV-Task04/rmv_task04/install/rmv_task04/share/ament_index/resource_index/package_run_dependencies/rmv_task04
[8.383s] -- Installing: /home/hzy/ros2/XJTU-RMV-Task04/rmv_task04/install/rmv_task04/share/ament_index/resource_index/parent_prefix_path/rmv_task04
[8.384s] -- Installing: /home/hzy/ros2/XJTU-RMV-Task04/rmv_task04/install/rmv_task04/share/rmv_task04/environment/ament_prefix_path.sh
[8.384s] -- Installing: /home/hzy/ros2/XJTU-RMV-Task04/rmv_task04/install/rmv_task04/share/rmv_task04/environment/ament_prefix_path.dsv
[8.384s] -- Installing: /home/hzy/ros2/XJTU-RMV-Task04/rmv_task04/install/rmv_task04/share/rmv_task04/environment/path.sh
[8.384s] -- Installing: /home/hzy/ros2/XJTU-RMV-Task04/rmv_task04/install/rmv_task04/share/rmv_task04/environment/path.dsv
[8.384s] -- Installing: /home/hzy/ros2/XJTU-RMV-Task04/rmv_task04/install/rmv_task04/share/rmv_task04/local_setup.bash
[8.384s] -- Installing: /home/hzy/ros2/XJTU-RMV-Task04/rmv_task04/install/rmv_task04/share/rmv_task04/local_setup.sh
[8.384s] -- Installing: /home/hzy/ros2/XJTU-RMV-Task04/rmv_task04/install/rmv_task04/share/rmv_task04/local_setup.zsh
[8.384s] -- Installing: /home/hzy/ros2/XJTU-RMV-Task04/rmv_task04/install/rmv_task04/share/rmv_task04/local_setup.dsv
[8.384s] -- Installing: /home/hzy/ros2/XJTU-RMV-Task04/rmv_task04/install/rmv_task04/share/rmv_task04/package.dsv
[8.384s] -- Installing: /home/hzy/ros2/XJTU-RMV-Task04/rmv_task04/install/rmv_task04/share/ament_index/resource_index/packages/rmv_task04
[8.384s] -- Installing: /home/hzy/ros2/XJTU-RMV-Task04/rmv_task04/install/rmv_task04/share/rmv_task04/cmake/export_rmv_task04__rosidl_generator_cExport.cmake
[8.384s] -- Installing: /home/hzy/ros2/XJTU-RMV-Task04/rmv_task04/install/rmv_task04/share/rmv_task04/cmake/export_rmv_task04__rosidl_generator_cExport-noconfig.cmake
[8.384s] -- Installing: /home/hzy/ros2/XJTU-RMV-Task04/rmv_task04/install/rmv_task04/share/rmv_task04/cmake/export_rmv_task04__rosidl_typesupport_fastrtps_cExport.cmake
[8.384s] -- Installing: /home/hzy/ros2/XJTU-RMV-Task04/rmv_task04/install/rmv_task04/share/rmv_task04/cmake/export_rmv_task04__rosidl_typesupport_fastrtps_cExport-noconfig.cmake
[8.384s] -- Installing: /home/hzy/ros2/XJTU-RMV-Task04/rmv_task04/install/rmv_task04/share/rmv_task04/cmake/export_rmv_task04__rosidl_generator_cppExport.cmake
[8.384s] -- Installing: /home/hzy/ros2/XJTU-RMV-Task04/rmv_task04/install/rmv_task04/share/rmv_task04/cmake/export_rmv_task04__rosidl_typesupport_fastrtps_cppExport.cmake
[8.384s] -- Installing: /home/hzy/ros2/XJTU-RMV-Task04/rmv_task04/install/rmv_task04/share/rmv_task04/cmake/export_rmv_task04__rosidl_typesupport_fastrtps_cppExport-noconfig.cmake
[8.384s] -- Installing: /home/hzy/ros2/XJTU-RMV-Task04/rmv_task04/install/rmv_task04/share/rmv_task04/cmake/rmv_task04__rosidl_typesupport_introspection_cExport.cmake
[8.385s] -- Installing: /home/hzy/ros2/XJTU-RMV-Task04/rmv_task04/install/rmv_task04/share/rmv_task04/cmake/rmv_task04__rosidl_typesupport_introspection_cExport-noconfig.cmake
[8.385s] -- Installing: /home/hzy/ros2/XJTU-RMV-Task04/rmv_task04/install/rmv_task04/share/rmv_task04/cmake/rmv_task04__rosidl_typesupport_cExport.cmake
[8.385s] -- Installing: /home/hzy/ros2/XJTU-RMV-Task04/rmv_task04/install/rmv_task04/share/rmv_task04/cmake/rmv_task04__rosidl_typesupport_cExport-noconfig.cmake
[8.385s] -- Installing: /home/hzy/ros2/XJTU-RMV-Task04/rmv_task04/install/rmv_task04/share/rmv_task04/cmake/rmv_task04__rosidl_typesupport_introspection_cppExport.cmake
[8.385s] -- Installing: /home/hzy/ros2/XJTU-RMV-Task04/rmv_task04/install/rmv_task04/share/rmv_task04/cmake/rmv_task04__rosidl_typesupport_introspection_cppExport-noconfig.cmake
[8.385s] -- Installing: /home/hzy/ros2/XJTU-RMV-Task04/rmv_task04/install/rmv_task04/share/rmv_task04/cmake/rmv_task04__rosidl_typesupport_cppExport.cmake
[8.385s] -- Installing: /home/hzy/ros2/XJTU-RMV-Task04/rmv_task04/install/rmv_task04/share/rmv_task04/cmake/rmv_task04__rosidl_typesupport_cppExport-noconfig.cmake
[8.385s] -- Installing: /home/hzy/ros2/XJTU-RMV-Task04/rmv_task04/install/rmv_task04/share/rmv_task04/cmake/export_rmv_task04__rosidl_generator_pyExport.cmake
[8.385s] -- Installing: /home/hzy/ros2/XJTU-RMV-Task04/rmv_task04/install/rmv_task04/share/rmv_task04/cmake/export_rmv_task04__rosidl_generator_pyExport-noconfig.cmake
[8.385s] -- Installing: /home/hzy/ros2/XJTU-RMV-Task04/rmv_task04/install/rmv_task04/share/rmv_task04/cmake/rosidl_cmake-extras.cmake
[8.385s] -- Installing: /home/hzy/ros2/XJTU-RMV-Task04/rmv_task04/install/rmv_task04/share/rmv_task04/cmake/ament_cmake_export_dependencies-extras.cmake
[8.385s] -- Installing: /home/hzy/ros2/XJTU-RMV-Task04/rmv_task04/install/rmv_task04/share/rmv_task04/cmake/ament_cmake_export_include_directories-extras.cmake
[8.385s] -- Installing: /home/hzy/ros2/XJTU-RMV-Task04/rmv_task04/install/rmv_task04/share/rmv_task04/cmake/ament_cmake_export_libraries-extras.cmake
[8.385s] -- Installing: /home/hzy/ros2/XJTU-RMV-Task04/rmv_task04/install/rmv_task04/share/rmv_task04/cmake/ament_cmake_export_targets-extras.cmake
[8.385s] -- Installing: /home/hzy/ros2/XJTU-RMV-Task04/rmv_task04/install/rmv_task04/share/rmv_task04/cmake/rosidl_cmake_export_typesupport_targets-extras.cmake
[8.385s] -- Installing: /home/hzy/ros2/XJTU-RMV-Task04/rmv_task04/install/rmv_task04/share/rmv_task04/cmake/rosidl_cmake_export_typesupport_libraries-extras.cmake
[8.385s] -- Installing: /home/hzy/ros2/XJTU-RMV-Task04/rmv_task04/install/rmv_task04/share/rmv_task04/cmake/rmv_task04Config.cmake
[8.385s] -- Installing: /home/hzy/ros2/XJTU-RMV-Task04/rmv_task04/install/rmv_task04/share/rmv_task04/cmake/rmv_task04Config-version.cmake
[8.385s] -- Installing: /home/hzy/ros2/XJTU-RMV-Task04/rmv_task04/install/rmv_task04/share/rmv_task04/package.xml
[8.387s] Invoked command in '/home/hzy/ros2/XJTU-RMV-Task04/rmv_task04/build/rmv_task04' returned '0': CMAKE_PREFIX_PATH=/opt/ros/humble /usr/bin/cmake --install /home/hzy/ros2/XJTU-RMV-Task04/rmv_task04/build/rmv_task04
